juin 10 01:09:43 [1;32mqemu output will be in this color.[0m
juin 10 01:09:43 
juin 10 01:09:43 [1;32m==> qemu: Retrieving ISO[0m
juin 10 01:09:45 [0;32m    qemu: Found already downloaded, initial checksum matched, no download needed: https://cdimage.debian.org/cdimage/buster_di_rc1/amd64/iso-cd/debian-buster-DI-rc1-amd64-netinst.iso[0m
juin 10 01:09:45 [1;32m==> qemu: Creating hard drive...[0m
juin 10 01:09:45 [1;32m==> qemu: Starting HTTP server on port 8020[0m
juin 10 01:09:45 [1;32m==> qemu: Found port for communicator (SSH, WinRM, etc): 2551.[0m
juin 10 01:09:45 [1;32m==> qemu: Looking for available port between 5900 and 6000 on 127.0.0.1[0m
juin 10 01:09:45 [1;32m==> qemu: Starting VM, booting from CD-ROM[0m
juin 10 01:09:45 [0;32m    qemu: The VM will be run headless, without a GUI. If you want to
juin 10 01:09:45     qemu: view the screen of the VM, connect via VNC without a password to
juin 10 01:09:45     qemu: vnc://127.0.0.1:5914[0m
juin 10 01:09:45 [1;32m==> qemu: Overriding defaults Qemu arguments with QemuArgs...[0m
juin 10 01:09:47 [1;32m==> qemu: Waiting 10s for boot...[0m
juin 10 01:09:57 [1;32m==> qemu: Connecting to VM via VNC (127.0.0.1:5914)[0m
juin 10 01:09:57 [1;32m==> qemu: Typing the boot command over VNC...[0m
juin 10 01:11:13 [1;32m==> qemu: Using ssh communicator to connect: 127.0.0.1[0m
juin 10 01:11:13 [1;32m==> qemu: Waiting for SSH to become available...[0m
juin 10 01:21:24 [1;32m==> qemu: Connected to SSH![0m
juin 10 01:21:24 [1;32m==> qemu: Pausing 5s before the next provisioner...[0m
juin 10 01:21:29 [1;32m==> qemu: Provisioning with shell script: ../helpers/vagrant-setup[0m
juin 10 01:21:29 [0;32m    qemu:[0m
juin 10 01:21:29 [0;32m    qemu: We trust you have received the usual lecture from the local System[0m
juin 10 01:21:29 [0;32m    qemu: Administrator. It usually boils down to these three things:[0m
juin 10 01:21:29 [0;32m    qemu:[0m
juin 10 01:21:29 [0;32m    qemu:     #1) Respect the privacy of others.[0m
juin 10 01:21:29 [0;32m    qemu:     #2) Think before you type.[0m
juin 10 01:21:29 [0;32m    qemu:     #3) With great power comes great responsibility.[0m
juin 10 01:21:29 [0;32m    qemu:[0m
juin 10 01:21:29 [0;32m    qemu: [sudo] password for vagrant: + echo debconf debconf/frontend select Noninteractive[0m
juin 10 01:21:29 [0;32m    qemu: + chroot / debconf-set-selections[0m
juin 10 01:21:29 [0;32m    qemu: + printf #!/bin/sh\nexit 101\n[0m
juin 10 01:21:29 [0;32m    qemu: + chmod +x //usr/sbin/policy-rc.d[0m
juin 10 01:21:29 [0;32m    qemu: + echo Acquire::Languages "none";[0m
juin 10 01:21:29 [0;32m    qemu: + chroot / apt-get update[0m
juin 10 01:21:29 [0;32m    qemu: Hit:1 http://security.debian.org/debian-security buster/updates InRelease[0m
juin 10 01:21:29 [0;32m    qemu: Hit:2 http://deb.debian.org/debian buster InRelease[0m
juin 10 01:21:30 [0;32m    qemu: Reading package lists...[0m
juin 10 01:21:30 [0;32m    qemu: + chroot / apt-get -qy dist-upgrade[0m
juin 10 01:21:30 [0;32m    qemu: Reading package lists...[0m
juin 10 01:21:30 [0;32m    qemu: Building dependency tree...[0m
juin 10 01:21:30 [0;32m    qemu: Reading state information...[0m
juin 10 01:21:30 [0;32m    qemu: Calculating upgrade...[0m
juin 10 01:21:30 [0;32m    qemu: 0 upgraded, 0 newly installed, 0 to remove and 0 not upgraded.[0m
juin 10 01:21:30 [0;32m    qemu: + chroot / apt-get install -qy dctrl-tools[0m
juin 10 01:21:30 [0;32m    qemu: Reading package lists...[0m
juin 10 01:21:30 [0;32m    qemu: Building dependency tree...[0m
juin 10 01:21:30 [0;32m    qemu: Reading state information...[0m
juin 10 01:21:30 [0;32m    qemu: Suggested packages:[0m
juin 10 01:21:30 [0;32m    qemu:   debtags[0m
juin 10 01:21:30 [0;32m    qemu: The following NEW packages will be installed:[0m
juin 10 01:21:30 [0;32m    qemu:   dctrl-tools[0m
juin 10 01:21:31 [0;32m    qemu: 0 upgraded, 1 newly installed, 0 to remove and 0 not upgraded.[0m
juin 10 01:21:31 [0;32m    qemu: Need to get 103 kB of archives.[0m
juin 10 01:21:31 [0;32m    qemu: After this operation, 431 kB of additional disk space will be used.[0m
juin 10 01:21:31 [0;32m    qemu: Get:1 http://deb.debian.org/debian buster/main amd64 dctrl-tools amd64 2.24-3 [103 kB][0m
juin 10 01:21:31 [0;32m    qemu: Fetched 103 kB in 0s (618 kB/s)[0m
juin 10 01:21:31 [0;32m    qemu: Selecting previously unselected package dctrl-tools.[0m
juin 10 01:21:31 [0;32m    qemu: (Reading database ... 24187 files and directories currently installed.)[0m
juin 10 01:21:31 [0;32m    qemu: Preparing to unpack .../dctrl-tools_2.24-3_amd64.deb ...[0m
juin 10 01:21:31 [0;32m    qemu: Unpacking dctrl-tools (2.24-3) ...[0m
juin 10 01:21:31 [0;32m    qemu: Setting up dctrl-tools (2.24-3) ...[0m
juin 10 01:21:31 [0;32m    qemu: + + chroot / xargs apt-get install -qy pinentry-curses[0m
juin 10 01:21:31 [0;32m    qemu: chroot / grep-aptavail --no-field-names --show-field Package --field Priority --regex standard\|important[0m
juin 10 01:21:32 [0;32m    qemu: Reading package lists...[0m
juin 10 01:21:32 [0;32m    qemu: Building dependency tree...[0m
juin 10 01:21:32 [0;32m    qemu: Reading state information...[0m
juin 10 01:21:32 [0;32m    qemu: adduser is already the newest version (3.118).[0m
juin 10 01:21:32 [0;32m    qemu: apt-utils is already the newest version (1.8.2).[0m
juin 10 01:21:32 [0;32m    qemu: bsdmainutils is already the newest version (11.1.2+b1).[0m
juin 10 01:21:32 [0;32m    qemu: cpio is already the newest version (2.12+dfsg-9).[0m
juin 10 01:21:32 [0;32m    qemu: cron is already the newest version (3.0pl1-133).[0m
juin 10 01:21:32 [0;32m    qemu: dbus is already the newest version (1.12.14-1).[0m
juin 10 01:21:32 [0;32m    qemu: dbus set to manually installed.[0m
juin 10 01:21:32 [0;32m    qemu: debconf-i18n is already the newest version (1.5.71).[0m
juin 10 01:21:32 [0;32m    qemu: debian-archive-keyring is already the newest version (2019.1).[0m
juin 10 01:21:32 [0;32m    qemu: dmidecode is already the newest version (3.2-1).[0m
juin 10 01:21:32 [0;32m    qemu: gdbm-l10n is already the newest version (1.18.1-4).[0m
juin 10 01:21:32 [0;32m    qemu: gettext-base is already the newest version (0.19.8.1-9).[0m
juin 10 01:21:32 [0;32m    qemu: gettext-base set to manually installed.[0m
juin 10 01:21:32 [0;32m    qemu: libc-l10n is already the newest version (2.28-10).[0m
juin 10 01:21:32 [0;32m    qemu: libc-l10n set to manually installed.[0m
juin 10 01:21:32 [0;32m    qemu: locales is already the newest version (2.28-10).[0m
juin 10 01:21:32 [0;32m    qemu: gpgv is already the newest version (2.2.12-1).[0m
juin 10 01:21:32 [0;32m    qemu: ifupdown is already the newest version (0.8.35).[0m
juin 10 01:21:32 [0;32m    qemu: init is already the newest version (1.56+nmu1).[0m
juin 10 01:21:32 [0;32m    qemu: iproute2 is already the newest version (4.20.0-2).[0m
juin 10 01:21:32 [0;32m    qemu: iptables is already the newest version (1.8.2-4).[0m
juin 10 01:21:32 [0;32m    qemu: iputils-ping is already the newest version (3:20180629-2).[0m
juin 10 01:21:32 [0;32m    qemu: isc-dhcp-client is already the newest version (4.4.1-2).[0m
juin 10 01:21:32 [0;32m    qemu: isc-dhcp-common is already the newest version (4.4.1-2).[0m
juin 10 01:21:32 [0;32m    qemu: kmod is already the newest version (26-1).[0m
juin 10 01:21:32 [0;32m    qemu: krb5-locales is already the newest version (1.17-2).[0m
juin 10 01:21:32 [0;32m    qemu: krb5-locales set to manually installed.[0m
juin 10 01:21:32 [0;32m    qemu: less is already the newest version (487-0.1+b1).[0m
juin 10 01:21:32 [0;32m    qemu: logrotate is already the newest version (3.14.0-4).[0m
juin 10 01:21:32 [0;32m    qemu: nano is already the newest version (3.2-2).[0m
juin 10 01:21:32 [0;32m    qemu: ncurses-term is already the newest version (6.1+20181013-2).[0m
juin 10 01:21:32 [0;32m    qemu: ncurses-term set to manually installed.[0m
juin 10 01:21:32 [0;32m    qemu: netbase is already the newest version (5.6).[0m
juin 10 01:21:32 [0;32m    qemu: whiptail is already the newest version (0.52.20-8).[0m
juin 10 01:21:32 [0;32m    qemu: openssh-client is already the newest version (1:7.9p1-10).[0m
juin 10 01:21:32 [0;32m    qemu: openssh-client set to manually installed.[0m
juin 10 01:21:32 [0;32m    qemu: pciutils is already the newest version (1:3.5.2-1).[0m
juin 10 01:21:32 [0;32m    qemu: procps is already the newest version (2:3.3.15-2).[0m
juin 10 01:21:32 [0;32m    qemu: readline-common is already the newest version (7.0-5).[0m
juin 10 01:21:32 [0;32m    qemu: rsyslog is already the newest version (8.1901.0-1).[0m
juin 10 01:21:32 [0;32m    qemu: wamerican is already the newest version (2018.04.16-1).[0m
juin 10 01:21:32 [0;32m    qemu: wamerican set to manually installed.[0m
juin 10 01:21:32 [0;32m    qemu: sensible-utils is already the newest version (0.0.12).[0m
juin 10 01:21:32 [0;32m    qemu: libpam-systemd is already the newest version (241-5).[0m
juin 10 01:21:32 [0;32m    qemu: libpam-systemd set to manually installed.[0m
juin 10 01:21:32 [0;32m    qemu: systemd is already the newest version (241-5).[0m
juin 10 01:21:32 [0;32m    qemu: systemd-sysv is already the newest version (241-5).[0m
juin 10 01:21:32 [0;32m    qemu: udev is already the newest version (241-5).[0m
juin 10 01:21:32 [0;32m    qemu: tasksel is already the newest version (3.53).[0m
juin 10 01:21:32 [0;32m    qemu: tasksel-data is already the newest version (3.53).[0m
juin 10 01:21:32 [0;32m    qemu: ucf is already the newest version (3.0038+nmu1).[0m
juin 10 01:21:32 [0;32m    qemu: ucf set to manually installed.[0m
juin 10 01:21:32 [0;32m    qemu: fdisk is already the newest version (2.33.1-0.1).[0m
juin 10 01:21:32 [0;32m    qemu: vim-common is already the newest version (2:8.1.0875-3).[0m
juin 10 01:21:32 [0;32m    qemu: vim-tiny is already the newest version (2:8.1.0875-3).[0m
juin 10 01:21:32 [0;32m    qemu: The following additional packages will be installed:[0m
juin 10 01:21:32 [0;32m    qemu:   ca-certificates distro-info-data geoip-database iso-codes libassuan0[0m
juin 10 01:21:32 [0;32m    qemu:   libbind9-161 libcurl3-gnutls libdns1104 libfstrm0 libgdbm-compat4 libgdbm6[0m
juin 10 01:21:32 [0;32m    qemu:   libgeoip1 libicu63 libisc1100 libisccc161 libisccfg163 libldap-2.4-2[0m
juin 10 01:21:32 [0;32m    qemu:   libldap-common liblmdb0 liblwres161 libmagic-mgc libmagic1 libmpdec2[0m
juin 10 01:21:32 [0;32m    qemu:   libnghttp2-14 libpcre2-8-0 libperl5.28 libpipeline1 libprotobuf-c1 libpsl5[0m
juin 10 01:21:32 [0;32m    qemu:   libpython-stdlib libpython2-stdlib libpython2.7-minimal libpython2.7-stdlib[0m
juin 10 01:21:32 [0;32m    qemu:   libpython3-stdlib libpython3.7-minimal libpython3.7-stdlib libreadline7[0m
juin 10 01:21:32 [0;32m    qemu:   librtmp1 libsasl2-2 libsasl2-modules libsasl2-modules-db libsqlite3-0[0m
juin 10 01:21:32 [0;32m    qemu:   libssh2-1 libuchardet0 libxml2 lsb-release openssl powermgmt-base[0m
juin 10 01:21:32 [0;32m    qemu:   publicsuffix python-apt-common python2 python2-minimal python2.7-minimal[0m
juin 10 01:21:32 [0;32m    qemu:   python3 python3-apt python3-certifi python3-chardet python3-debconf[0m
juin 10 01:21:32 [0;32m    qemu:   python3-debian python3-debianbts python3-httplib2 python3-idna[0m
juin 10 01:21:32 [0;32m    qemu:   python3-minimal python3-pkg-resources python3-pycurl python3-pysimplesoap[0m
juin 10 01:21:32 [0;32m    qemu:   python3-requests python3-six python3-urllib3 python3.7 python3.7-minimal[0m
juin 10 01:21:32 [0;32m    qemu: Suggested packages:[0m
juin 10 01:21:32 [0;32m    qemu:   default-mta | mail-transport-agent python3-gi www-browser[0m
juin 10 01:21:32 [0;32m    qemu:   x-terminal-emulator bzip2-doc postscript-viewer groff apmd isoquery[0m
juin 10 01:21:32 [0;32m    qemu:   geoip-bin libsasl2-modules-gssapi-mit | libsasl2-modules-gssapi-heimdal[0m
juin 10 01:21:32 [0;32m    qemu:   libsasl2-modules-ldap libsasl2-modules-otp libsasl2-modules-sql lsb apparmor[0m
juin 10 01:21:32 [0;32m    qemu:   perl-doc libterm-readline-gnu-perl | libterm-readline-perl-perl make[0m
juin 10 01:21:32 [0;32m    qemu:   libb-debug-perl liblocale-codes-perl pinentry-doc python-doc python-tk[0m
juin 10 01:21:32 [0;32m    qemu:   python2-doc python2.7-doc binutils binfmt-support python3-doc python3-tk[0m
juin 10 01:21:32 [0;32m    qemu:   python3-venv python3-apt-dbg python-apt-doc python3-setuptools[0m
juin 10 01:21:32 [0;32m    qemu:   libcurl4-gnutls-dev python-pycurl-doc python3-pycurl-dbg[0m
juin 10 01:21:32 [0;32m    qemu:   python3-cryptography python3-openssl python3-socks python3.7-venv[0m
juin 10 01:21:32 [0;32m    qemu:   python3.7-doc postfix | exim4 | mail-transport-agent gnupg | pgp[0m
juin 10 01:21:32 [0;32m    qemu:   debconf-utils debsums dlocate python3-urwid reportbug-gtk xdg-utils[0m
juin 10 01:21:32 [0;32m    qemu:   emacs24-bin-common | emacs25-bin-common claws-mail[0m
juin 10 01:21:32 [0;32m    qemu: The following NEW packages will be installed:[0m
juin 10 01:21:32 [0;32m    qemu:   apt-listchanges bash-completion bind9-host bzip2 ca-certificates debian-faq[0m
juin 10 01:21:32 [0;32m    qemu:   distro-info-data doc-debian file geoip-database groff-base hdparm iso-codes[0m
juin 10 01:21:32 [0;32m    qemu:   libassuan0 libbind9-161 libcurl3-gnutls libdns1104 libfstrm0 libgdbm-compat4[0m
juin 10 01:21:32 [0;32m    qemu:   libgdbm6 libgeoip1 libicu63 libisc1100 libisccc161 libisccfg163[0m
juin 10 01:21:32 [0;32m    qemu:   libldap-2.4-2 libldap-common liblmdb0 liblockfile-bin liblwres161[0m
juin 10 01:21:32 [0;32m    qemu:   libmagic-mgc libmagic1 libmpdec2 libnghttp2-14 libnss-systemd libpcre2-8-0[0m
juin 10 01:21:32 [0;32m    qemu:   libperl5.28 libpipeline1 libprotobuf-c1 libpsl5 libpython-stdlib[0m
juin 10 01:21:32 [0;32m    qemu:   libpython2-stdlib libpython2.7-minimal libpython2.7-stdlib libpython3-stdlib[0m
juin 10 01:21:32 [0;32m    qemu:   libpython3.7-minimal libpython3.7-stdlib libreadline7 librtmp1 libsasl2-2[0m
juin 10 01:21:32 [0;32m    qemu:   libsasl2-modules libsasl2-modules-db libsqlite3-0 libssh2-1 libuchardet0[0m
juin 10 01:21:32 [0;32m    qemu:   libxml2 lsb-release lsof man-db manpages mime-support netcat-traditional[0m
juin 10 01:21:32 [0;32m    qemu:   openssl perl perl-modules-5.28 pinentry-curses powermgmt-base publicsuffix[0m
juin 10 01:21:32 [0;32m    qemu:   python python-apt-common python-minimal python2 python2-minimal python2.7[0m
juin 10 01:21:32 [0;32m    qemu:   python2.7-minimal python3 python3-apt python3-certifi python3-chardet[0m
juin 10 01:21:32 [0;32m    qemu:   python3-debconf python3-debian python3-debianbts python3-httplib2[0m
juin 10 01:21:32 [0;32m    qemu:   python3-idna python3-minimal python3-pkg-resources python3-pycurl[0m
juin 10 01:21:32 [0;32m    qemu:   python3-pysimplesoap python3-reportbug python3-requests python3-six[0m
juin 10 01:21:32 [0;32m    qemu:   python3-urllib3 python3.7 python3.7-minimal reportbug telnet traceroute wget[0m
juin 10 01:21:32 [0;32m    qemu:   xz-utils[0m
juin 10 01:21:32 [0;32m    qemu: 0 upgraded, 99 newly installed, 0 to remove and 0 not upgraded.[0m
juin 10 01:21:32 [0;32m    qemu: Need to get 45.2 MB of archives.[0m
juin 10 01:21:32 [0;32m    qemu: After this operation, 194 MB of additional disk space will be used.[0m
juin 10 01:21:32 [0;32m    qemu: Get:1 http://deb.debian.org/debian buster/main amd64 libuchardet0 amd64 0.0.6-3 [64.9 kB][0m
juin 10 01:21:32 [0;32m    qemu: Get:2 http://deb.debian.org/debian buster/main amd64 groff-base amd64 1.22.4-3 [916 kB][0m
juin 10 01:21:32 [0;32m    qemu: Get:3 http://deb.debian.org/debian buster/main amd64 libgdbm6 amd64 1.18.1-4 [64.7 kB][0m
juin 10 01:21:32 [0;32m    qemu: Get:4 http://deb.debian.org/debian buster/main amd64 libpipeline1 amd64 1.5.1-2 [31.2 kB][0m
juin 10 01:21:32 [0;32m    qemu: Get:5 http://deb.debian.org/debian buster/main amd64 man-db amd64 2.8.5-2 [1,274 kB][0m
juin 10 01:21:33 [0;32m    qemu: Get:6 http://deb.debian.org/debian buster/main amd64 perl-modules-5.28 all 5.28.1-6 [2,873 kB][0m
juin 10 01:21:34 [0;32m    qemu: Get:7 http://deb.debian.org/debian buster/main amd64 libgdbm-compat4 amd64 1.18.1-4 [44.1 kB][0m
juin 10 01:21:34 [0;32m    qemu: Get:8 http://deb.debian.org/debian buster/main amd64 libperl5.28 amd64 5.28.1-6 [3,883 kB][0m
juin 10 01:21:35 [0;32m    qemu: Get:9 http://deb.debian.org/debian buster/main amd64 perl amd64 5.28.1-6 [204 kB][0m
juin 10 01:21:35 [0;32m    qemu: Get:10 http://deb.debian.org/debian buster/main amd64 libpython2.7-minimal amd64 2.7.16-2 [395 kB][0m
juin 10 01:21:35 [0;32m    qemu: Get:11 http://deb.debian.org/debian buster/main amd64 python2.7-minimal amd64 2.7.16-2 [1,367 kB][0m
juin 10 01:21:36 [0;32m    qemu: Get:12 http://deb.debian.org/debian buster/main amd64 python2-minimal amd64 2.7.16-1 [41.4 kB][0m
juin 10 01:21:36 [0;32m    qemu: Get:13 http://deb.debian.org/debian buster/main amd64 python-minimal amd64 2.7.16-1 [21.0 kB][0m
juin 10 01:21:36 [0;32m    qemu: Get:14 http://deb.debian.org/debian buster/main amd64 mime-support all 3.62 [37.2 kB][0m
juin 10 01:21:36 [0;32m    qemu: Get:15 http://deb.debian.org/debian buster/main amd64 libreadline7 amd64 7.0-5 [151 kB][0m
juin 10 01:21:36 [0;32m    qemu: Get:16 http://deb.debian.org/debian buster/main amd64 libsqlite3-0 amd64 3.27.2-2 [640 kB][0m
juin 10 01:21:36 [0;32m    qemu: Get:17 http://deb.debian.org/debian buster/main amd64 libpython2.7-stdlib amd64 2.7.16-2 [1,910 kB][0m
juin 10 01:21:37 [0;32m    qemu: Get:18 http://deb.debian.org/debian buster/main amd64 python2.7 amd64 2.7.16-2 [305 kB][0m
juin 10 01:21:37 [0;32m    qemu: Get:19 http://deb.debian.org/debian buster/main amd64 libpython2-stdlib amd64 2.7.16-1 [20.8 kB][0m
juin 10 01:21:37 [0;32m    qemu: Get:20 http://deb.debian.org/debian buster/main amd64 libpython-stdlib amd64 2.7.16-1 [20.8 kB][0m
juin 10 01:21:37 [0;32m    qemu: Get:21 http://deb.debian.org/debian buster/main amd64 python2 amd64 2.7.16-1 [41.6 kB][0m
juin 10 01:21:37 [0;32m    qemu: Get:22 http://deb.debian.org/debian buster/main amd64 python amd64 2.7.16-1 [22.8 kB][0m
juin 10 01:21:37 [0;32m    qemu: Get:23 http://deb.debian.org/debian buster/main amd64 libpython3.7-minimal amd64 3.7.3-2 [588 kB][0m
juin 10 01:21:37 [0;32m    qemu: Get:24 http://deb.debian.org/debian buster/main amd64 python3.7-minimal amd64 3.7.3-2 [1,736 kB][0m
juin 10 01:21:38 [0;32m    qemu: Get:25 http://deb.debian.org/debian buster/main amd64 python3-minimal amd64 3.7.3-1 [36.6 kB][0m
juin 10 01:21:38 [0;32m    qemu: Get:26 http://deb.debian.org/debian buster/main amd64 libmpdec2 amd64 2.4.2-2 [87.2 kB][0m
juin 10 01:21:38 [0;32m    qemu: Get:27 http://deb.debian.org/debian buster/main amd64 libpython3.7-stdlib amd64 3.7.3-2 [1,732 kB][0m
juin 10 01:21:38 [0;32m    qemu: Get:28 http://deb.debian.org/debian buster/main amd64 python3.7 amd64 3.7.3-2 [330 kB][0m
juin 10 01:21:38 [0;32m    qemu: Get:29 http://deb.debian.org/debian buster/main amd64 libpython3-stdlib amd64 3.7.3-1 [20.0 kB][0m
juin 10 01:21:38 [0;32m    qemu: Get:30 http://deb.debian.org/debian buster/main amd64 python3 amd64 3.7.3-1 [61.5 kB][0m
juin 10 01:21:38 [0;32m    qemu: Get:31 http://deb.debian.org/debian buster/main amd64 python-apt-common all 1.8.4 [94.9 kB][0m
juin 10 01:21:38 [0;32m    qemu: Get:32 http://deb.debian.org/debian buster/main amd64 python3-apt amd64 1.8.4 [182 kB][0m
juin 10 01:21:38 [0;32m    qemu: Get:33 http://deb.debian.org/debian buster/main amd64 python3-debconf all 1.5.71 [4,020 B][0m
juin 10 01:21:38 [0;32m    qemu: Get:34 http://deb.debian.org/debian buster/main amd64 apt-listchanges all 3.19 [121 kB][0m
juin 10 01:21:38 [0;32m    qemu: Get:35 http://deb.debian.org/debian buster/main amd64 bash-completion all 1:2.8-6 [208 kB][0m
juin 10 01:21:39 [0;32m    qemu: Get:36 http://deb.debian.org/debian buster/main amd64 libfstrm0 amd64 0.4.0-1 [20.8 kB][0m
juin 10 01:21:39 [0;32m    qemu: Get:37 http://deb.debian.org/debian buster/main amd64 libgeoip1 amd64 1.6.12-1 [93.1 kB][0m
juin 10 01:21:39 [0;32m    qemu: Get:38 http://deb.debian.org/debian buster/main amd64 liblmdb0 amd64 0.9.22-1 [45.0 kB][0m
juin 10 01:21:39 [0;32m    qemu: Get:39 http://deb.debian.org/debian buster/main amd64 libprotobuf-c1 amd64 1.3.1-1+b1 [26.5 kB][0m
juin 10 01:21:39 [0;32m    qemu: Get:40 http://deb.debian.org/debian buster/main amd64 libicu63 amd64 63.1-6 [8,292 kB][0m
juin 10 01:21:41 [0;32m    qemu: Get:41 http://deb.debian.org/debian buster/main amd64 libxml2 amd64 2.9.4+dfsg1-7+b3 [687 kB][0m
juin 10 01:21:42 [0;32m    qemu: Get:42 http://deb.debian.org/debian buster/main amd64 libisc1100 amd64 1:9.11.5.P4+dfsg-5 [457 kB][0m
juin 10 01:21:42 [0;32m    qemu: Get:43 http://deb.debian.org/debian buster/main amd64 libdns1104 amd64 1:9.11.5.P4+dfsg-5 [1,221 kB][0m
juin 10 01:21:42 [0;32m    qemu: Get:44 http://deb.debian.org/debian buster/main amd64 libisccc161 amd64 1:9.11.5.P4+dfsg-5 [236 kB][0m
juin 10 01:21:42 [0;32m    qemu: Get:45 http://deb.debian.org/debian buster/main amd64 libisccfg163 amd64 1:9.11.5.P4+dfsg-5 [266 kB][0m
juin 10 01:21:42 [0;32m    qemu: Get:46 http://deb.debian.org/debian buster/main amd64 libbind9-161 amd64 1:9.11.5.P4+dfsg-5 [247 kB][0m
juin 10 01:21:42 [0;32m    qemu: Get:47 http://deb.debian.org/debian buster/main amd64 liblwres161 amd64 1:9.11.5.P4+dfsg-5 [251 kB][0m
juin 10 01:21:42 [0;32m    qemu: Get:48 http://deb.debian.org/debian buster/main amd64 bind9-host amd64 1:9.11.5.P4+dfsg-5 [271 kB][0m
juin 10 01:21:42 [0;32m    qemu: Get:49 http://deb.debian.org/debian buster/main amd64 bzip2 amd64 1.0.6-9 [48.3 kB][0m
juin 10 01:21:43 [0;32m    qemu: Get:50 http://deb.debian.org/debian buster/main amd64 debian-faq all 9.0 [699 kB][0m
juin 10 01:21:43 [0;32m    qemu: Get:51 http://deb.debian.org/debian buster/main amd64 doc-debian all 6.4 [137 kB][0m
juin 10 01:21:43 [0;32m    qemu: Get:52 http://deb.debian.org/debian buster/main amd64 libmagic-mgc amd64 1:5.35-4 [242 kB][0m
juin 10 01:21:43 [0;32m    qemu: Get:53 http://deb.debian.org/debian buster/main amd64 libmagic1 amd64 1:5.35-4 [117 kB][0m
juin 10 01:21:43 [0;32m    qemu: Get:54 http://deb.debian.org/debian buster/main amd64 file amd64 1:5.35-4 [66.3 kB][0m
juin 10 01:21:43 [0;32m    qemu: Get:55 http://deb.debian.org/debian buster/main amd64 hdparm amd64 9.58+ds-1 [116 kB][0m
juin 10 01:21:43 [0;32m    qemu: Get:56 http://deb.debian.org/debian buster/main amd64 liblockfile-bin amd64 1.14-1.1 [19.7 kB][0m
juin 10 01:21:43 [0;32m    qemu: Get:57 http://deb.debian.org/debian buster/main amd64 libnss-systemd amd64 241-5 [203 kB][0m
juin 10 01:21:43 [0;32m    qemu: Get:58 http://deb.debian.org/debian buster/main amd64 lsof amd64 4.91+dfsg-1 [319 kB][0m
juin 10 01:21:43 [0;32m    qemu: Get:59 http://deb.debian.org/debian buster/main amd64 manpages all 4.16-2 [1,295 kB][0m
juin 10 01:21:44 [0;32m    qemu: Get:60 http://deb.debian.org/debian buster/main amd64 netcat-traditional amd64 1.10-41.1 [66.9 kB][0m
juin 10 01:21:44 [0;32m    qemu: Get:61 http://deb.debian.org/debian buster/main amd64 python3-pkg-resources all 40.8.0-1 [153 kB][0m
juin 10 01:21:44 [0;32m    qemu: Get:62 http://deb.debian.org/debian buster/main amd64 python3-chardet all 3.0.4-3 [80.5 kB][0m
juin 10 01:21:44 [0;32m    qemu: Get:63 http://deb.debian.org/debian buster/main amd64 python3-six all 1.12.0-1 [15.7 kB][0m
juin 10 01:21:44 [0;32m    qemu: Get:64 http://deb.debian.org/debian buster/main amd64 python3-debian all 0.1.34 [78.6 kB][0m
juin 10 01:21:44 [0;32m    qemu: Get:65 http://deb.debian.org/debian buster/main amd64 openssl amd64 1.1.1b-2 [840 kB][0m
juin 10 01:21:44 [0;32m    qemu: Get:66 http://deb.debian.org/debian buster/main amd64 ca-certificates all 20190110 [157 kB][0m
juin 10 01:21:44 [0;32m    qemu: Get:67 http://deb.debian.org/debian buster/main amd64 python3-httplib2 all 0.11.3-2 [29.2 kB][0m
juin 10 01:21:44 [0;32m    qemu: Get:68 http://deb.debian.org/debian buster/main amd64 libsasl2-modules-db amd64 2.1.27+dfsg-1 [69.0 kB][0m
juin 10 01:21:44 [0;32m    qemu: Get:69 http://deb.debian.org/debian buster/main amd64 libsasl2-2 amd64 2.1.27+dfsg-1 [106 kB][0m
juin 10 01:21:44 [0;32m    qemu: Get:70 http://deb.debian.org/debian buster/main amd64 libldap-common all 2.4.47+dfsg-3 [89.4 kB][0m
juin 10 01:21:44 [0;32m    qemu: Get:71 http://deb.debian.org/debian buster/main amd64 libldap-2.4-2 amd64 2.4.47+dfsg-3 [224 kB][0m
juin 10 01:21:44 [0;32m    qemu: Get:72 http://deb.debian.org/debian buster/main amd64 libnghttp2-14 amd64 1.36.0-2 [84.9 kB][0m
juin 10 01:21:44 [0;32m    qemu: Get:73 http://deb.debian.org/debian buster/main amd64 libpsl5 amd64 0.20.2-2 [53.7 kB][0m
juin 10 01:21:44 [0;32m    qemu: Get:74 http://deb.debian.org/debian buster/main amd64 librtmp1 amd64 2.4+20151223.gitfa8646d.1-2 [60.5 kB][0m
juin 10 01:21:44 [0;32m    qemu: Get:75 http://deb.debian.org/debian buster/main amd64 libssh2-1 amd64 1.8.0-2.1 [140 kB][0m
juin 10 01:21:44 [0;32m    qemu: Get:76 http://deb.debian.org/debian buster/main amd64 libcurl3-gnutls amd64 7.64.0-3 [330 kB][0m
juin 10 01:21:44 [0;32m    qemu: Get:77 http://deb.debian.org/debian buster/main amd64 python3-pycurl amd64 7.43.0.2-0.1 [66.3 kB][0m
juin 10 01:21:44 [0;32m    qemu: Get:78 http://deb.debian.org/debian buster/main amd64 python3-pysimplesoap all 1.16.2-1 [43.1 kB][0m
juin 10 01:21:44 [0;32m    qemu: Get:79 http://deb.debian.org/debian buster/main amd64 python3-debianbts all 2.8.2 [14.0 kB][0m
juin 10 01:21:44 [0;32m    qemu: Get:80 http://deb.debian.org/debian buster/main amd64 python3-certifi all 2018.8.24-1 [140 kB][0m
juin 10 01:21:45 [0;32m    qemu: Get:81 http://deb.debian.org/debian buster/main amd64 python3-idna all 2.6-1 [34.3 kB][0m
juin 10 01:21:45 [0;32m    qemu: Get:82 http://deb.debian.org/debian buster/main amd64 python3-urllib3 all 1.24.1-1 [97.1 kB][0m
juin 10 01:21:45 [0;32m    qemu: Get:83 http://deb.debian.org/debian buster/main amd64 python3-requests all 2.21.0-1 [66.9 kB][0m
juin 10 01:21:45 [0;32m    qemu: Get:84 http://deb.debian.org/debian buster/main amd64 python3-reportbug all 7.5.2 [133 kB][0m
juin 10 01:21:45 [0;32m    qemu: Get:85 http://deb.debian.org/debian buster/main amd64 reportbug all 7.5.2 [128 kB][0m
juin 10 01:21:45 [0;32m    qemu: Get:86 http://deb.debian.org/debian buster/main amd64 telnet amd64 0.17-41.2 [70.4 kB][0m
juin 10 01:21:45 [0;32m    qemu: Get:87 http://deb.debian.org/debian buster/main amd64 traceroute amd64 1:2.1.0-2 [55.3 kB][0m
juin 10 01:21:45 [0;32m    qemu: Get:88 http://deb.debian.org/debian buster/main amd64 libpcre2-8-0 amd64 10.32-5 [213 kB][0m
juin 10 01:21:45 [0;32m    qemu: Get:89 http://deb.debian.org/debian buster/main amd64 wget amd64 1.20.1-1.1 [902 kB][0m
juin 10 01:21:45 [0;32m    qemu: Get:90 http://deb.debian.org/debian buster/main amd64 xz-utils amd64 5.2.4-1 [183 kB][0m
juin 10 01:21:45 [0;32m    qemu: Get:91 http://deb.debian.org/debian buster/main amd64 distro-info-data all 0.40 [6,348 B][0m
juin 10 01:21:45 [0;32m    qemu: Get:92 http://deb.debian.org/debian buster/main amd64 geoip-database all 20181108-1 [2,449 kB][0m
juin 10 01:21:46 [0;32m    qemu: Get:93 http://deb.debian.org/debian buster/main amd64 iso-codes all 4.2-1 [2,713 kB][0m
juin 10 01:21:47 [0;32m    qemu: Get:94 http://deb.debian.org/debian buster/main amd64 libassuan0 amd64 2.5.2-1 [49.4 kB][0m
juin 10 01:21:47 [0;32m    qemu: Get:95 http://deb.debian.org/debian buster/main amd64 libsasl2-modules amd64 2.1.27+dfsg-1 [104 kB][0m
juin 10 01:21:47 [0;32m    qemu: Get:96 http://deb.debian.org/debian buster/main amd64 lsb-release all 10.2019051400 [27.5 kB][0m
juin 10 01:21:47 [0;32m    qemu: Get:97 http://deb.debian.org/debian buster/main amd64 pinentry-curses amd64 1.1.0-2 [64.5 kB][0m
juin 10 01:21:47 [0;32m    qemu: Get:98 http://deb.debian.org/debian buster/main amd64 powermgmt-base all 1.34 [11.1 kB][0m
juin 10 01:21:47 [0;32m    qemu: Get:99 http://deb.debian.org/debian buster/main amd64 publicsuffix all 20190415.1030-1 [116 kB][0m
juin 10 01:21:47 [0;32m    qemu: Preconfiguring packages ...[0m
juin 10 01:21:47 [0;32m    qemu: Deferring configuration of apt-listchanges until /usr/bin/python3[0m
juin 10 01:21:47 [0;32m    qemu: and python's debconf module are available[0m
juin 10 01:21:47 [0;32m    qemu: Fetched 45.2 MB in 15s (3,000 kB/s)[0m
juin 10 01:21:48 [0;32m    qemu: Selecting previously unselected package libuchardet0:amd64.[0m
juin 10 01:21:48 [0;32m    qemu: (Reading database ... 24227 files and directories currently installed.)[0m
juin 10 01:21:48 [0;32m    qemu: Preparing to unpack .../00-libuchardet0_0.0.6-3_amd64.deb ...[0m
juin 10 01:21:48 [0;32m    qemu: Unpacking libuchardet0:amd64 (0.0.6-3) ...[0m
juin 10 01:21:48 [0;32m    qemu: Selecting previously unselected package groff-base.[0m
juin 10 01:21:48 [0;32m    qemu: Preparing to unpack .../01-groff-base_1.22.4-3_amd64.deb ...[0m
juin 10 01:21:48 [0;32m    qemu: Unpacking groff-base (1.22.4-3) ...[0m
juin 10 01:21:48 [0;32m    qemu: Selecting previously unselected package libgdbm6:amd64.[0m
juin 10 01:21:48 [0;32m    qemu: Preparing to unpack .../02-libgdbm6_1.18.1-4_amd64.deb ...[0m
juin 10 01:21:48 [0;32m    qemu: Unpacking libgdbm6:amd64 (1.18.1-4) ...[0m
juin 10 01:21:48 [0;32m    qemu: Selecting previously unselected package libpipeline1:amd64.[0m
juin 10 01:21:48 [0;32m    qemu: Preparing to unpack .../03-libpipeline1_1.5.1-2_amd64.deb ...[0m
juin 10 01:21:48 [0;32m    qemu: Unpacking libpipeline1:amd64 (1.5.1-2) ...[0m
juin 10 01:21:48 [0;32m    qemu: Selecting previously unselected package man-db.[0m
juin 10 01:21:48 [0;32m    qemu: Preparing to unpack .../04-man-db_2.8.5-2_amd64.deb ...[0m
juin 10 01:21:48 [0;32m    qemu: Unpacking man-db (2.8.5-2) ...[0m
juin 10 01:21:49 [0;32m    qemu: Selecting previously unselected package perl-modules-5.28.[0m
juin 10 01:21:49 [0;32m    qemu: Preparing to unpack .../05-perl-modules-5.28_5.28.1-6_all.deb ...[0m
juin 10 01:21:49 [0;32m    qemu: Unpacking perl-modules-5.28 (5.28.1-6) ...[0m
juin 10 01:21:50 [0;32m    qemu: Selecting previously unselected package libgdbm-compat4:amd64.[0m
juin 10 01:21:50 [0;32m    qemu: Preparing to unpack .../06-libgdbm-compat4_1.18.1-4_amd64.deb ...[0m
juin 10 01:21:50 [0;32m    qemu: Unpacking libgdbm-compat4:amd64 (1.18.1-4) ...[0m
juin 10 01:21:50 [0;32m    qemu: Selecting previously unselected package libperl5.28:amd64.[0m
juin 10 01:21:50 [0;32m    qemu: Preparing to unpack .../07-libperl5.28_5.28.1-6_amd64.deb ...[0m
juin 10 01:21:50 [0;32m    qemu: Unpacking libperl5.28:amd64 (5.28.1-6) ...[0m
juin 10 01:21:51 [0;32m    qemu: Selecting previously unselected package perl.[0m
juin 10 01:21:51 [0;32m    qemu: Preparing to unpack .../08-perl_5.28.1-6_amd64.deb ...[0m
juin 10 01:21:51 [0;32m    qemu: Unpacking perl (5.28.1-6) ...[0m
juin 10 01:21:52 [0;32m    qemu: Selecting previously unselected package libpython2.7-minimal:amd64.[0m
juin 10 01:21:52 [0;32m    qemu: Preparing to unpack .../09-libpython2.7-minimal_2.7.16-2_amd64.deb ...[0m
juin 10 01:21:52 [0;32m    qemu: Unpacking libpython2.7-minimal:amd64 (2.7.16-2) ...[0m
juin 10 01:21:52 [0;32m    qemu: Selecting previously unselected package python2.7-minimal.[0m
juin 10 01:21:52 [0;32m    qemu: Preparing to unpack .../10-python2.7-minimal_2.7.16-2_amd64.deb ...[0m
juin 10 01:21:52 [0;32m    qemu: Unpacking python2.7-minimal (2.7.16-2) ...[0m
juin 10 01:21:52 [0;32m    qemu: Selecting previously unselected package python2-minimal.[0m
juin 10 01:21:52 [0;32m    qemu: Preparing to unpack .../11-python2-minimal_2.7.16-1_amd64.deb ...[0m
juin 10 01:21:52 [0;32m    qemu: Unpacking python2-minimal (2.7.16-1) ...[0m
juin 10 01:21:52 [0;32m    qemu: Selecting previously unselected package python-minimal.[0m
juin 10 01:21:52 [0;32m    qemu: Preparing to unpack .../12-python-minimal_2.7.16-1_amd64.deb ...[0m
juin 10 01:21:52 [0;32m    qemu: Unpacking python-minimal (2.7.16-1) ...[0m
juin 10 01:21:53 [0;32m    qemu: Selecting previously unselected package mime-support.[0m
juin 10 01:21:53 [0;32m    qemu: Preparing to unpack .../13-mime-support_3.62_all.deb ...[0m
juin 10 01:21:53 [0;32m    qemu: Unpacking mime-support (3.62) ...[0m
juin 10 01:21:53 [0;32m    qemu: Selecting previously unselected package libreadline7:amd64.[0m
juin 10 01:21:53 [0;32m    qemu: Preparing to unpack .../14-libreadline7_7.0-5_amd64.deb ...[0m
juin 10 01:21:53 [0;32m    qemu: Unpacking libreadline7:amd64 (7.0-5) ...[0m
juin 10 01:21:53 [0;32m    qemu: Selecting previously unselected package libsqlite3-0:amd64.[0m
juin 10 01:21:53 [0;32m    qemu: Preparing to unpack .../15-libsqlite3-0_3.27.2-2_amd64.deb ...[0m
juin 10 01:21:53 [0;32m    qemu: Unpacking libsqlite3-0:amd64 (3.27.2-2) ...[0m
juin 10 01:21:53 [0;32m    qemu: Selecting previously unselected package libpython2.7-stdlib:amd64.[0m
juin 10 01:21:53 [0;32m    qemu: Preparing to unpack .../16-libpython2.7-stdlib_2.7.16-2_amd64.deb ...[0m
juin 10 01:21:53 [0;32m    qemu: Unpacking libpython2.7-stdlib:amd64 (2.7.16-2) ...[0m
juin 10 01:21:54 [0;32m    qemu: Selecting previously unselected package python2.7.[0m
juin 10 01:21:54 [0;32m    qemu: Preparing to unpack .../17-python2.7_2.7.16-2_amd64.deb ...[0m
juin 10 01:21:54 [0;32m    qemu: Unpacking python2.7 (2.7.16-2) ...[0m
juin 10 01:21:54 [0;32m    qemu: Selecting previously unselected package libpython2-stdlib:amd64.[0m
juin 10 01:21:54 [0;32m    qemu: Preparing to unpack .../18-libpython2-stdlib_2.7.16-1_amd64.deb ...[0m
juin 10 01:21:54 [0;32m    qemu: Unpacking libpython2-stdlib:amd64 (2.7.16-1) ...[0m
juin 10 01:21:54 [0;32m    qemu: Selecting previously unselected package libpython-stdlib:amd64.[0m
juin 10 01:21:54 [0;32m    qemu: Preparing to unpack .../19-libpython-stdlib_2.7.16-1_amd64.deb ...[0m
juin 10 01:21:54 [0;32m    qemu: Unpacking libpython-stdlib:amd64 (2.7.16-1) ...[0m
juin 10 01:21:54 [0;32m    qemu: Setting up libpython2.7-minimal:amd64 (2.7.16-2) ...[0m
juin 10 01:21:54 [0;32m    qemu: Setting up python2.7-minimal (2.7.16-2) ...[0m
juin 10 01:21:55 [0;32m    qemu: Linking and byte-compiling packages for runtime python2.7...[0m
juin 10 01:21:55 [0;32m    qemu: Setting up python2-minimal (2.7.16-1) ...[0m
juin 10 01:21:55 [0;32m    qemu: Selecting previously unselected package python2.[0m
juin 10 01:21:55 [0;32m    qemu: (Reading database ... 27485 files and directories currently installed.)[0m
juin 10 01:21:55 [0;32m    qemu: Preparing to unpack .../python2_2.7.16-1_amd64.deb ...[0m
juin 10 01:21:55 [0;32m    qemu: Unpacking python2 (2.7.16-1) ...[0m
juin 10 01:21:55 [0;32m    qemu: Setting up python-minimal (2.7.16-1) ...[0m
juin 10 01:21:55 [0;32m    qemu: Selecting previously unselected package python.[0m
juin 10 01:21:55 [0;32m    qemu: (Reading database ... 27518 files and directories currently installed.)[0m
juin 10 01:21:55 [0;32m    qemu: Preparing to unpack .../python_2.7.16-1_amd64.deb ...[0m
juin 10 01:21:55 [0;32m    qemu: Unpacking python (2.7.16-1) ...[0m
juin 10 01:21:55 [0;32m    qemu: Selecting previously unselected package libpython3.7-minimal:amd64.[0m
juin 10 01:21:55 [0;32m    qemu: Preparing to unpack .../libpython3.7-minimal_3.7.3-2_amd64.deb ...[0m
juin 10 01:21:55 [0;32m    qemu: Unpacking libpython3.7-minimal:amd64 (3.7.3-2) ...[0m
juin 10 01:21:56 [0;32m    qemu: Selecting previously unselected package python3.7-minimal.[0m
juin 10 01:21:56 [0;32m    qemu: Preparing to unpack .../python3.7-minimal_3.7.3-2_amd64.deb ...[0m
juin 10 01:21:56 [0;32m    qemu: Unpacking python3.7-minimal (3.7.3-2) ...[0m
juin 10 01:21:56 [0;32m    qemu: Setting up libpython3.7-minimal:amd64 (3.7.3-2) ...[0m
juin 10 01:21:56 [0;32m    qemu: Setting up python3.7-minimal (3.7.3-2) ...[0m
juin 10 01:21:57 [0;32m    qemu: Selecting previously unselected package python3-minimal.[0m
juin 10 01:21:57 [0;32m    qemu: (Reading database ... 27772 files and directories currently installed.)[0m
juin 10 01:21:57 [0;32m    qemu: Preparing to unpack .../python3-minimal_3.7.3-1_amd64.deb ...[0m
juin 10 01:21:57 [0;32m    qemu: Unpacking python3-minimal (3.7.3-1) ...[0m
juin 10 01:21:57 [0;32m    qemu: Selecting previously unselected package libmpdec2:amd64.[0m
juin 10 01:21:57 [0;32m    qemu: Preparing to unpack .../libmpdec2_2.4.2-2_amd64.deb ...[0m
juin 10 01:21:57 [0;32m    qemu: Unpacking libmpdec2:amd64 (2.4.2-2) ...[0m
juin 10 01:21:57 [0;32m    qemu: Selecting previously unselected package libpython3.7-stdlib:amd64.[0m
juin 10 01:21:57 [0;32m    qemu: Preparing to unpack .../libpython3.7-stdlib_3.7.3-2_amd64.deb ...[0m
juin 10 01:21:57 [0;32m    qemu: Unpacking libpython3.7-stdlib:amd64 (3.7.3-2) ...[0m
juin 10 01:21:58 [0;32m    qemu: Selecting previously unselected package python3.7.[0m
juin 10 01:21:58 [0;32m    qemu: Preparing to unpack .../python3.7_3.7.3-2_amd64.deb ...[0m
juin 10 01:21:58 [0;32m    qemu: Unpacking python3.7 (3.7.3-2) ...[0m
juin 10 01:21:58 [0;32m    qemu: Selecting previously unselected package libpython3-stdlib:amd64.[0m
juin 10 01:21:58 [0;32m    qemu: Preparing to unpack .../libpython3-stdlib_3.7.3-1_amd64.deb ...[0m
juin 10 01:21:58 [0;32m    qemu: Unpacking libpython3-stdlib:amd64 (3.7.3-1) ...[0m
juin 10 01:21:58 [0;32m    qemu: Setting up python3-minimal (3.7.3-1) ...[0m
juin 10 01:21:58 [0;32m    qemu: Selecting previously unselected package python3.[0m
juin 10 01:21:58 [0;32m    qemu: (Reading database ... 28184 files and directories currently installed.)[0m
juin 10 01:21:58 [0;32m    qemu: Preparing to unpack .../00-python3_3.7.3-1_amd64.deb ...[0m
juin 10 01:21:58 [0;32m    qemu: Unpacking python3 (3.7.3-1) ...[0m
juin 10 01:21:59 [0;32m    qemu: Selecting previously unselected package python-apt-common.[0m
juin 10 01:21:59 [0;32m    qemu: Preparing to unpack .../01-python-apt-common_1.8.4_all.deb ...[0m
juin 10 01:21:59 [0;32m    qemu: Unpacking python-apt-common (1.8.4) ...[0m
juin 10 01:21:59 [0;32m    qemu: Selecting previously unselected package python3-apt.[0m
juin 10 01:21:59 [0;32m    qemu: Preparing to unpack .../02-python3-apt_1.8.4_amd64.deb ...[0m
juin 10 01:21:59 [0;32m    qemu: Unpacking python3-apt (1.8.4) ...[0m
juin 10 01:21:59 [0;32m    qemu: Selecting previously unselected package python3-debconf.[0m
juin 10 01:21:59 [0;32m    qemu: Preparing to unpack .../03-python3-debconf_1.5.71_all.deb ...[0m
juin 10 01:21:59 [0;32m    qemu: Unpacking python3-debconf (1.5.71) ...[0m
juin 10 01:21:59 [0;32m    qemu: Selecting previously unselected package apt-listchanges.[0m
juin 10 01:21:59 [0;32m    qemu: Preparing to unpack .../04-apt-listchanges_3.19_all.deb ...[0m
juin 10 01:21:59 [0;32m    qemu: Unpacking apt-listchanges (3.19) ...[0m
juin 10 01:22:00 [0;32m    qemu: Selecting previously unselected package bash-completion.[0m
juin 10 01:22:00 [0;32m    qemu: Preparing to unpack .../05-bash-completion_1%3a2.8-6_all.deb ...[0m
juin 10 01:22:00 [0;32m    qemu: Unpacking bash-completion (1:2.8-6) ...[0m
juin 10 01:22:01 [0;32m    qemu: Selecting previously unselected package libfstrm0:amd64.[0m
juin 10 01:22:01 [0;32m    qemu: Preparing to unpack .../06-libfstrm0_0.4.0-1_amd64.deb ...[0m
juin 10 01:22:01 [0;32m    qemu: Unpacking libfstrm0:amd64 (0.4.0-1) ...[0m
juin 10 01:22:01 [0;32m    qemu: Selecting previously unselected package libgeoip1:amd64.[0m
juin 10 01:22:01 [0;32m    qemu: Preparing to unpack .../07-libgeoip1_1.6.12-1_amd64.deb ...[0m
juin 10 01:22:01 [0;32m    qemu: Unpacking libgeoip1:amd64 (1.6.12-1) ...[0m
juin 10 01:22:01 [0;32m    qemu: Selecting previously unselected package liblmdb0:amd64.[0m
juin 10 01:22:01 [0;32m    qemu: Preparing to unpack .../08-liblmdb0_0.9.22-1_amd64.deb ...[0m
juin 10 01:22:01 [0;32m    qemu: Unpacking liblmdb0:amd64 (0.9.22-1) ...[0m
juin 10 01:22:01 [0;32m    qemu: Selecting previously unselected package libprotobuf-c1:amd64.[0m
juin 10 01:22:01 [0;32m    qemu: Preparing to unpack .../09-libprotobuf-c1_1.3.1-1+b1_amd64.deb ...[0m
juin 10 01:22:01 [0;32m    qemu: Unpacking libprotobuf-c1:amd64 (1.3.1-1+b1) ...[0m
juin 10 01:22:01 [0;32m    qemu: Selecting previously unselected package libicu63:amd64.[0m
juin 10 01:22:01 [0;32m    qemu: Preparing to unpack .../10-libicu63_63.1-6_amd64.deb ...[0m
juin 10 01:22:01 [0;32m    qemu: Unpacking libicu63:amd64 (63.1-6) ...[0m
juin 10 01:22:03 [0;32m    qemu: Selecting previously unselected package libxml2:amd64.[0m
juin 10 01:22:03 [0;32m    qemu: Preparing to unpack .../11-libxml2_2.9.4+dfsg1-7+b3_amd64.deb ...[0m
juin 10 01:22:03 [0;32m    qemu: Unpacking libxml2:amd64 (2.9.4+dfsg1-7+b3) ...[0m
juin 10 01:22:03 [0;32m    qemu: Selecting previously unselected package libisc1100:amd64.[0m
juin 10 01:22:03 [0;32m    qemu: Preparing to unpack .../12-libisc1100_1%3a9.11.5.P4+dfsg-5_amd64.deb ...[0m
juin 10 01:22:03 [0;32m    qemu: Unpacking libisc1100:amd64 (1:9.11.5.P4+dfsg-5) ...[0m
juin 10 01:22:03 [0;32m    qemu: Selecting previously unselected package libdns1104:amd64.[0m
juin 10 01:22:03 [0;32m    qemu: Preparing to unpack .../13-libdns1104_1%3a9.11.5.P4+dfsg-5_amd64.deb ...[0m
juin 10 01:22:03 [0;32m    qemu: Unpacking libdns1104:amd64 (1:9.11.5.P4+dfsg-5) ...[0m
juin 10 01:22:03 [0;32m    qemu: Selecting previously unselected package libisccc161:amd64.[0m
juin 10 01:22:03 [0;32m    qemu: Preparing to unpack .../14-libisccc161_1%3a9.11.5.P4+dfsg-5_amd64.deb ...[0m
juin 10 01:22:03 [0;32m    qemu: Unpacking libisccc161:amd64 (1:9.11.5.P4+dfsg-5) ...[0m
juin 10 01:22:03 [0;32m    qemu: Selecting previously unselected package libisccfg163:amd64.[0m
juin 10 01:22:03 [0;32m    qemu: Preparing to unpack .../15-libisccfg163_1%3a9.11.5.P4+dfsg-5_amd64.deb ...[0m
juin 10 01:22:03 [0;32m    qemu: Unpacking libisccfg163:amd64 (1:9.11.5.P4+dfsg-5) ...[0m
juin 10 01:22:04 [0;32m    qemu: Selecting previously unselected package libbind9-161:amd64.[0m
juin 10 01:22:04 [0;32m    qemu: Preparing to unpack .../16-libbind9-161_1%3a9.11.5.P4+dfsg-5_amd64.deb ...[0m
juin 10 01:22:04 [0;32m    qemu: Unpacking libbind9-161:amd64 (1:9.11.5.P4+dfsg-5) ...[0m
juin 10 01:22:04 [0;32m    qemu: Selecting previously unselected package liblwres161:amd64.[0m
juin 10 01:22:04 [0;32m    qemu: Preparing to unpack .../17-liblwres161_1%3a9.11.5.P4+dfsg-5_amd64.deb ...[0m
juin 10 01:22:04 [0;32m    qemu: Unpacking liblwres161:amd64 (1:9.11.5.P4+dfsg-5) ...[0m
juin 10 01:22:04 [0;32m    qemu: Selecting previously unselected package bind9-host.[0m
juin 10 01:22:04 [0;32m    qemu: Preparing to unpack .../18-bind9-host_1%3a9.11.5.P4+dfsg-5_amd64.deb ...[0m
juin 10 01:22:04 [0;32m    qemu: Unpacking bind9-host (1:9.11.5.P4+dfsg-5) ...[0m
juin 10 01:22:04 [0;32m    qemu: Selecting previously unselected package bzip2.[0m
juin 10 01:22:04 [0;32m    qemu: Preparing to unpack .../19-bzip2_1.0.6-9_amd64.deb ...[0m
juin 10 01:22:04 [0;32m    qemu: Unpacking bzip2 (1.0.6-9) ...[0m
juin 10 01:22:04 [0;32m    qemu: Selecting previously unselected package debian-faq.[0m
juin 10 01:22:04 [0;32m    qemu: Preparing to unpack .../20-debian-faq_9.0_all.deb ...[0m
juin 10 01:22:04 [0;32m    qemu: Unpacking debian-faq (9.0) ...[0m
juin 10 01:22:04 [0;32m    qemu: Selecting previously unselected package doc-debian.[0m
juin 10 01:22:04 [0;32m    qemu: Preparing to unpack .../21-doc-debian_6.4_all.deb ...[0m
juin 10 01:22:04 [0;32m    qemu: Unpacking doc-debian (6.4) ...[0m
juin 10 01:22:04 [0;32m    qemu: Selecting previously unselected package libmagic-mgc.[0m
juin 10 01:22:04 [0;32m    qemu: Preparing to unpack .../22-libmagic-mgc_1%3a5.35-4_amd64.deb ...[0m
juin 10 01:22:04 [0;32m    qemu: Unpacking libmagic-mgc (1:5.35-4) ...[0m
juin 10 01:22:05 [0;32m    qemu: Selecting previously unselected package libmagic1:amd64.[0m
juin 10 01:22:05 [0;32m    qemu: Preparing to unpack .../23-libmagic1_1%3a5.35-4_amd64.deb ...[0m
juin 10 01:22:05 [0;32m    qemu: Unpacking libmagic1:amd64 (1:5.35-4) ...[0m
juin 10 01:22:05 [0;32m    qemu: Selecting previously unselected package file.[0m
juin 10 01:22:05 [0;32m    qemu: Preparing to unpack .../24-file_1%3a5.35-4_amd64.deb ...[0m
juin 10 01:22:05 [0;32m    qemu: Unpacking file (1:5.35-4) ...[0m
juin 10 01:22:05 [0;32m    qemu: Selecting previously unselected package hdparm.[0m
juin 10 01:22:05 [0;32m    qemu: Preparing to unpack .../25-hdparm_9.58+ds-1_amd64.deb ...[0m
juin 10 01:22:05 [0;32m    qemu: Unpacking hdparm (9.58+ds-1) ...[0m
juin 10 01:22:05 [0;32m    qemu: Selecting previously unselected package liblockfile-bin.[0m
juin 10 01:22:05 [0;32m    qemu: Preparing to unpack .../26-liblockfile-bin_1.14-1.1_amd64.deb ...[0m
juin 10 01:22:05 [0;32m    qemu: Unpacking liblockfile-bin (1.14-1.1) ...[0m
juin 10 01:22:05 [0;32m    qemu: Selecting previously unselected package libnss-systemd:amd64.[0m
juin 10 01:22:05 [0;32m    qemu: Preparing to unpack .../27-libnss-systemd_241-5_amd64.deb ...[0m
juin 10 01:22:05 [0;32m    qemu: Unpacking libnss-systemd:amd64 (241-5) ...[0m
juin 10 01:22:05 [0;32m    qemu: Selecting previously unselected package lsof.[0m
juin 10 01:22:05 [0;32m    qemu: Preparing to unpack .../28-lsof_4.91+dfsg-1_amd64.deb ...[0m
juin 10 01:22:05 [0;32m    qemu: Unpacking lsof (4.91+dfsg-1) ...[0m
juin 10 01:22:06 [0;32m    qemu: Selecting previously unselected package manpages.[0m
juin 10 01:22:06 [0;32m    qemu: Preparing to unpack .../29-manpages_4.16-2_all.deb ...[0m
juin 10 01:22:06 [0;32m    qemu: Unpacking manpages (4.16-2) ...[0m
juin 10 01:22:06 [0;32m    qemu: Selecting previously unselected package netcat-traditional.[0m
juin 10 01:22:06 [0;32m    qemu: Preparing to unpack .../30-netcat-traditional_1.10-41.1_amd64.deb ...[0m
juin 10 01:22:06 [0;32m    qemu: Unpacking netcat-traditional (1.10-41.1) ...[0m
juin 10 01:22:06 [0;32m    qemu: Selecting previously unselected package python3-pkg-resources.[0m
juin 10 01:22:06 [0;32m    qemu: Preparing to unpack .../31-python3-pkg-resources_40.8.0-1_all.deb ...[0m
juin 10 01:22:06 [0;32m    qemu: Unpacking python3-pkg-resources (40.8.0-1) ...[0m
juin 10 01:22:06 [0;32m    qemu: Selecting previously unselected package python3-chardet.[0m
juin 10 01:22:06 [0;32m    qemu: Preparing to unpack .../32-python3-chardet_3.0.4-3_all.deb ...[0m
juin 10 01:22:06 [0;32m    qemu: Unpacking python3-chardet (3.0.4-3) ...[0m
juin 10 01:22:06 [0;32m    qemu: Selecting previously unselected package python3-six.[0m
juin 10 01:22:06 [0;32m    qemu: Preparing to unpack .../33-python3-six_1.12.0-1_all.deb ...[0m
juin 10 01:22:06 [0;32m    qemu: Unpacking python3-six (1.12.0-1) ...[0m
juin 10 01:22:06 [0;32m    qemu: Selecting previously unselected package python3-debian.[0m
juin 10 01:22:06 [0;32m    qemu: Preparing to unpack .../34-python3-debian_0.1.34_all.deb ...[0m
juin 10 01:22:07 [0;32m    qemu: Unpacking python3-debian (0.1.34) ...[0m
juin 10 01:22:07 [0;32m    qemu: Selecting previously unselected package openssl.[0m
juin 10 01:22:07 [0;32m    qemu: Preparing to unpack .../35-openssl_1.1.1b-2_amd64.deb ...[0m
juin 10 01:22:07 [0;32m    qemu: Unpacking openssl (1.1.1b-2) ...[0m
juin 10 01:22:07 [0;32m    qemu: Selecting previously unselected package ca-certificates.[0m
juin 10 01:22:07 [0;32m    qemu: Preparing to unpack .../36-ca-certificates_20190110_all.deb ...[0m
juin 10 01:22:07 [0;32m    qemu: Unpacking ca-certificates (20190110) ...[0m
juin 10 01:22:07 [0;32m    qemu: Selecting previously unselected package python3-httplib2.[0m
juin 10 01:22:07 [0;32m    qemu: Preparing to unpack .../37-python3-httplib2_0.11.3-2_all.deb ...[0m
juin 10 01:22:07 [0;32m    qemu: Unpacking python3-httplib2 (0.11.3-2) ...[0m
juin 10 01:22:07 [0;32m    qemu: Selecting previously unselected package libsasl2-modules-db:amd64.[0m
juin 10 01:22:07 [0;32m    qemu: Preparing to unpack .../38-libsasl2-modules-db_2.1.27+dfsg-1_amd64.deb ...[0m
juin 10 01:22:07 [0;32m    qemu: Unpacking libsasl2-modules-db:amd64 (2.1.27+dfsg-1) ...[0m
juin 10 01:22:07 [0;32m    qemu: Selecting previously unselected package libsasl2-2:amd64.[0m
juin 10 01:22:07 [0;32m    qemu: Preparing to unpack .../39-libsasl2-2_2.1.27+dfsg-1_amd64.deb ...[0m
juin 10 01:22:07 [0;32m    qemu: Unpacking libsasl2-2:amd64 (2.1.27+dfsg-1) ...[0m
juin 10 01:22:08 [0;32m    qemu: Selecting previously unselected package libldap-common.[0m
juin 10 01:22:08 [0;32m    qemu: Preparing to unpack .../40-libldap-common_2.4.47+dfsg-3_all.deb ...[0m
juin 10 01:22:08 [0;32m    qemu: Unpacking libldap-common (2.4.47+dfsg-3) ...[0m
juin 10 01:22:08 [0;32m    qemu: Selecting previously unselected package libldap-2.4-2:amd64.[0m
juin 10 01:22:08 [0;32m    qemu: Preparing to unpack .../41-libldap-2.4-2_2.4.47+dfsg-3_amd64.deb ...[0m
juin 10 01:22:08 [0;32m    qemu: Unpacking libldap-2.4-2:amd64 (2.4.47+dfsg-3) ...[0m
juin 10 01:22:08 [0;32m    qemu: Selecting previously unselected package libnghttp2-14:amd64.[0m
juin 10 01:22:08 [0;32m    qemu: Preparing to unpack .../42-libnghttp2-14_1.36.0-2_amd64.deb ...[0m
juin 10 01:22:08 [0;32m    qemu: Unpacking libnghttp2-14:amd64 (1.36.0-2) ...[0m
juin 10 01:22:08 [0;32m    qemu: Selecting previously unselected package libpsl5:amd64.[0m
juin 10 01:22:08 [0;32m    qemu: Preparing to unpack .../43-libpsl5_0.20.2-2_amd64.deb ...[0m
juin 10 01:22:08 [0;32m    qemu: Unpacking libpsl5:amd64 (0.20.2-2) ...[0m
juin 10 01:22:08 [0;32m    qemu: Selecting previously unselected package librtmp1:amd64.[0m
juin 10 01:22:08 [0;32m    qemu: Preparing to unpack .../44-librtmp1_2.4+20151223.gitfa8646d.1-2_amd64.deb ...[0m
juin 10 01:22:08 [0;32m    qemu: Unpacking librtmp1:amd64 (2.4+20151223.gitfa8646d.1-2) ...[0m
juin 10 01:22:08 [0;32m    qemu: Selecting previously unselected package libssh2-1:amd64.[0m
juin 10 01:22:08 [0;32m    qemu: Preparing to unpack .../45-libssh2-1_1.8.0-2.1_amd64.deb ...[0m
juin 10 01:22:08 [0;32m    qemu: Unpacking libssh2-1:amd64 (1.8.0-2.1) ...[0m
juin 10 01:22:08 [0;32m    qemu: Selecting previously unselected package libcurl3-gnutls:amd64.[0m
juin 10 01:22:08 [0;32m    qemu: Preparing to unpack .../46-libcurl3-gnutls_7.64.0-3_amd64.deb ...[0m
juin 10 01:22:08 [0;32m    qemu: Unpacking libcurl3-gnutls:amd64 (7.64.0-3) ...[0m
juin 10 01:22:09 [0;32m    qemu: Selecting previously unselected package python3-pycurl.[0m
juin 10 01:22:09 [0;32m    qemu: Preparing to unpack .../47-python3-pycurl_7.43.0.2-0.1_amd64.deb ...[0m
juin 10 01:22:09 [0;32m    qemu: Unpacking python3-pycurl (7.43.0.2-0.1) ...[0m
juin 10 01:22:09 [0;32m    qemu: Selecting previously unselected package python3-pysimplesoap.[0m
juin 10 01:22:09 [0;32m    qemu: Preparing to unpack .../48-python3-pysimplesoap_1.16.2-1_all.deb ...[0m
juin 10 01:22:09 [0;32m    qemu: Unpacking python3-pysimplesoap (1.16.2-1) ...[0m
juin 10 01:22:09 [0;32m    qemu: Selecting previously unselected package python3-debianbts.[0m
juin 10 01:22:09 [0;32m    qemu: Preparing to unpack .../49-python3-debianbts_2.8.2_all.deb ...[0m
juin 10 01:22:09 [0;32m    qemu: Unpacking python3-debianbts (2.8.2) ...[0m
juin 10 01:22:09 [0;32m    qemu: Selecting previously unselected package python3-certifi.[0m
juin 10 01:22:09 [0;32m    qemu: Preparing to unpack .../50-python3-certifi_2018.8.24-1_all.deb ...[0m
juin 10 01:22:09 [0;32m    qemu: Unpacking python3-certifi (2018.8.24-1) ...[0m
juin 10 01:22:09 [0;32m    qemu: Selecting previously unselected package python3-idna.[0m
juin 10 01:22:09 [0;32m    qemu: Preparing to unpack .../51-python3-idna_2.6-1_all.deb ...[0m
juin 10 01:22:09 [0;32m    qemu: Unpacking python3-idna (2.6-1) ...[0m
juin 10 01:22:09 [0;32m    qemu: Selecting previously unselected package python3-urllib3.[0m
juin 10 01:22:09 [0;32m    qemu: Preparing to unpack .../52-python3-urllib3_1.24.1-1_all.deb ...[0m
juin 10 01:22:09 [0;32m    qemu: Unpacking python3-urllib3 (1.24.1-1) ...[0m
juin 10 01:22:09 [0;32m    qemu: Selecting previously unselected package python3-requests.[0m
juin 10 01:22:09 [0;32m    qemu: Preparing to unpack .../53-python3-requests_2.21.0-1_all.deb ...[0m
juin 10 01:22:09 [0;32m    qemu: Unpacking python3-requests (2.21.0-1) ...[0m
juin 10 01:22:09 [0;32m    qemu: Selecting previously unselected package python3-reportbug.[0m
juin 10 01:22:09 [0;32m    qemu: Preparing to unpack .../54-python3-reportbug_7.5.2_all.deb ...[0m
juin 10 01:22:09 [0;32m    qemu: Unpacking python3-reportbug (7.5.2) ...[0m
juin 10 01:22:10 [0;32m    qemu: Selecting previously unselected package reportbug.[0m
juin 10 01:22:10 [0;32m    qemu: Preparing to unpack .../55-reportbug_7.5.2_all.deb ...[0m
juin 10 01:22:10 [0;32m    qemu: Unpacking reportbug (7.5.2) ...[0m
juin 10 01:22:10 [0;32m    qemu: Selecting previously unselected package telnet.[0m
juin 10 01:22:10 [0;32m    qemu: Preparing to unpack .../56-telnet_0.17-41.2_amd64.deb ...[0m
juin 10 01:22:10 [0;32m    qemu: Unpacking telnet (0.17-41.2) ...[0m
juin 10 01:22:10 [0;32m    qemu: Selecting previously unselected package traceroute.[0m
juin 10 01:22:10 [0;32m    qemu: Preparing to unpack .../57-traceroute_1%3a2.1.0-2_amd64.deb ...[0m
juin 10 01:22:10 [0;32m    qemu: Unpacking traceroute (1:2.1.0-2) ...[0m
juin 10 01:22:10 [0;32m    qemu: Selecting previously unselected package libpcre2-8-0:amd64.[0m
juin 10 01:22:10 [0;32m    qemu: Preparing to unpack .../58-libpcre2-8-0_10.32-5_amd64.deb ...[0m
juin 10 01:22:10 [0;32m    qemu: Unpacking libpcre2-8-0:amd64 (10.32-5) ...[0m
juin 10 01:22:10 [0;32m    qemu: Selecting previously unselected package wget.[0m
juin 10 01:22:10 [0;32m    qemu: Preparing to unpack .../59-wget_1.20.1-1.1_amd64.deb ...[0m
juin 10 01:22:10 [0;32m    qemu: Unpacking wget (1.20.1-1.1) ...[0m
juin 10 01:22:10 [0;32m    qemu: Selecting previously unselected package xz-utils.[0m
juin 10 01:22:10 [0;32m    qemu: Preparing to unpack .../60-xz-utils_5.2.4-1_amd64.deb ...[0m
juin 10 01:22:10 [0;32m    qemu: Unpacking xz-utils (5.2.4-1) ...[0m
juin 10 01:22:11 [0;32m    qemu: Selecting previously unselected package distro-info-data.[0m
juin 10 01:22:11 [0;32m    qemu: Preparing to unpack .../61-distro-info-data_0.40_all.deb ...[0m
juin 10 01:22:11 [0;32m    qemu: Unpacking distro-info-data (0.40) ...[0m
juin 10 01:22:11 [0;32m    qemu: Selecting previously unselected package geoip-database.[0m
juin 10 01:22:11 [0;32m    qemu: Preparing to unpack .../62-geoip-database_20181108-1_all.deb ...[0m
juin 10 01:22:11 [0;32m    qemu: Unpacking geoip-database (20181108-1) ...[0m
juin 10 01:22:11 [0;32m    qemu: Selecting previously unselected package iso-codes.[0m
juin 10 01:22:11 [0;32m    qemu: Preparing to unpack .../63-iso-codes_4.2-1_all.deb ...[0m
juin 10 01:22:11 [0;32m    qemu: Unpacking iso-codes (4.2-1) ...[0m
juin 10 01:22:12 [0;32m    qemu: Selecting previously unselected package libassuan0:amd64.[0m
juin 10 01:22:12 [0;32m    qemu: Preparing to unpack .../64-libassuan0_2.5.2-1_amd64.deb ...[0m
juin 10 01:22:12 [0;32m    qemu: Unpacking libassuan0:amd64 (2.5.2-1) ...[0m
juin 10 01:22:13 [0;32m    qemu: Selecting previously unselected package libsasl2-modules:amd64.[0m
juin 10 01:22:13 [0;32m    qemu: Preparing to unpack .../65-libsasl2-modules_2.1.27+dfsg-1_amd64.deb ...[0m
juin 10 01:22:13 [0;32m    qemu: Unpacking libsasl2-modules:amd64 (2.1.27+dfsg-1) ...[0m
juin 10 01:22:13 [0;32m    qemu: Selecting previously unselected package lsb-release.[0m
juin 10 01:22:13 [0;32m    qemu: Preparing to unpack .../66-lsb-release_10.2019051400_all.deb ...[0m
juin 10 01:22:13 [0;32m    qemu: Unpacking lsb-release (10.2019051400) ...[0m
juin 10 01:22:13 [0;32m    qemu: Selecting previously unselected package pinentry-curses.[0m
juin 10 01:22:13 [0;32m    qemu: Preparing to unpack .../67-pinentry-curses_1.1.0-2_amd64.deb ...[0m
juin 10 01:22:13 [0;32m    qemu: Unpacking pinentry-curses (1.1.0-2) ...[0m
juin 10 01:22:13 [0;32m    qemu: Selecting previously unselected package powermgmt-base.[0m
juin 10 01:22:13 [0;32m    qemu: Preparing to unpack .../68-powermgmt-base_1.34_all.deb ...[0m
juin 10 01:22:13 [0;32m    qemu: Unpacking powermgmt-base (1.34) ...[0m
juin 10 01:22:13 [0;32m    qemu: Selecting previously unselected package publicsuffix.[0m
juin 10 01:22:13 [0;32m    qemu: Preparing to unpack .../69-publicsuffix_20190415.1030-1_all.deb ...[0m
juin 10 01:22:13 [0;32m    qemu: Unpacking publicsuffix (20190415.1030-1) ...[0m
juin 10 01:22:13 [0;32m    qemu: Setting up perl-modules-5.28 (5.28.1-6) ...[0m
juin 10 01:22:14 [0;32m    qemu: Setting up powermgmt-base (1.34) ...[0m
juin 10 01:22:14 [0;32m    qemu: Setting up libpipeline1:amd64 (1.5.1-2) ...[0m
juin 10 01:22:14 [0;32m    qemu: Setting up liblmdb0:amd64 (0.9.22-1) ...[0m
juin 10 01:22:14 [0;32m    qemu: Setting up libpsl5:amd64 (0.20.2-2) ...[0m
juin 10 01:22:14 [0;32m    qemu: Setting up telnet (0.17-41.2) ...[0m
juin 10 01:22:14 [0;32m    qemu: update-alternatives: using /usr/bin/telnet.netkit to provide /usr/bin/telnet (telnet) in auto mode[0m
juin 10 01:22:14 [0;32m    qemu: Setting up liblockfile-bin (1.14-1.1) ...[0m
juin 10 01:22:14 [0;32m    qemu: Setting up mime-support (3.62) ...[0m
juin 10 01:22:14 [0;32m    qemu: Setting up netcat-traditional (1.10-41.1) ...[0m
juin 10 01:22:14 [0;32m    qemu: update-alternatives: using /bin/nc.traditional to provide /bin/nc (nc) in auto mode[0m
juin 10 01:22:14 [0;32m    qemu: Setting up traceroute (1:2.1.0-2) ...[0m
juin 10 01:22:14 [0;32m    qemu: update-alternatives: using /usr/bin/traceroute.db to provide /usr/bin/traceroute (traceroute) in auto mode[0m
juin 10 01:22:14 [0;32m    qemu: update-alternatives: using /usr/bin/traceroute6.db to provide /usr/bin/traceroute6 (traceroute6) in auto mode[0m
juin 10 01:22:14 [0;32m    qemu: update-alternatives: using /usr/bin/lft.db to provide /usr/bin/lft (lft) in auto mode[0m
juin 10 01:22:14 [0;32m    qemu: update-alternatives: using /usr/bin/traceproto.db to provide /usr/bin/traceproto (traceproto) in auto mode[0m
juin 10 01:22:14 [0;32m    qemu: update-alternatives: using /usr/sbin/tcptraceroute.db to provide /usr/sbin/tcptraceroute (tcptraceroute) in auto mode[0m
juin 10 01:22:14 [0;32m    qemu: Setting up libmagic-mgc (1:5.35-4) ...[0m
juin 10 01:22:14 [0;32m    qemu: Setting up distro-info-data (0.40) ...[0m
juin 10 01:22:14 [0;32m    qemu: Setting up manpages (4.16-2) ...[0m
juin 10 01:22:14 [0;32m    qemu: Setting up libfstrm0:amd64 (0.4.0-1) ...[0m
juin 10 01:22:14 [0;32m    qemu: Setting up libsqlite3-0:amd64 (3.27.2-2) ...[0m
juin 10 01:22:14 [0;32m    qemu: Setting up libsasl2-modules:amd64 (2.1.27+dfsg-1) ...[0m
juin 10 01:22:14 [0;32m    qemu: Setting up libnghttp2-14:amd64 (1.36.0-2) ...[0m
juin 10 01:22:14 [0;32m    qemu: Setting up libmagic1:amd64 (1:5.35-4) ...[0m
juin 10 01:22:14 [0;32m    qemu: Setting up libnss-systemd:amd64 (241-5) ...[0m
juin 10 01:22:15 [0;32m    qemu: First installation detected...[0m
juin 10 01:22:15 [0;32m    qemu: Checking NSS setup...[0m
juin 10 01:22:15 [0;32m    qemu: Setting up hdparm (9.58+ds-1) ...[0m
juin 10 01:22:15 [0;32m    qemu: Setting up file (1:5.35-4) ...[0m
juin 10 01:22:15 [0;32m    qemu: Setting up libassuan0:amd64 (2.5.2-1) ...[0m
juin 10 01:22:15 [0;32m    qemu: Setting up bzip2 (1.0.6-9) ...[0m
juin 10 01:22:15 [0;32m    qemu: Setting up libldap-common (2.4.47+dfsg-3) ...[0m
juin 10 01:22:15 [0;32m    qemu: Setting up doc-debian (6.4) ...[0m
juin 10 01:22:15 [0;32m    qemu: Setting up libprotobuf-c1:amd64 (1.3.1-1+b1) ...[0m
juin 10 01:22:15 [0;32m    qemu: Setting up libicu63:amd64 (63.1-6) ...[0m
juin 10 01:22:15 [0;32m    qemu: Setting up debian-faq (9.0) ...[0m
juin 10 01:22:15 [0;32m    qemu: Setting up libsasl2-modules-db:amd64 (2.1.27+dfsg-1) ...[0m
juin 10 01:22:15 [0;32m    qemu: Setting up librtmp1:amd64 (2.4+20151223.gitfa8646d.1-2) ...[0m
juin 10 01:22:15 [0;32m    qemu: Setting up bash-completion (1:2.8-6) ...[0m
juin 10 01:22:16 [0;32m    qemu: Setting up xz-utils (5.2.4-1) ...[0m
juin 10 01:22:16 [0;32m    qemu: update-alternatives: using /usr/bin/xz to provide /usr/bin/lzma (lzma) in auto mode[0m
juin 10 01:22:16 [0;32m    qemu: Setting up libpcre2-8-0:amd64 (10.32-5) ...[0m
juin 10 01:22:16 [0;32m    qemu: Setting up libsasl2-2:amd64 (2.1.27+dfsg-1) ...[0m
juin 10 01:22:16 [0;32m    qemu: Setting up lsof (4.91+dfsg-1) ...[0m
juin 10 01:22:16 [0;32m    qemu: Setting up python-apt-common (1.8.4) ...[0m
juin 10 01:22:16 [0;32m    qemu: Setting up libuchardet0:amd64 (0.0.6-3) ...[0m
juin 10 01:22:16 [0;32m    qemu: Setting up libgeoip1:amd64 (1.6.12-1) ...[0m
juin 10 01:22:16 [0;32m    qemu: Setting up libssh2-1:amd64 (1.8.0-2.1) ...[0m
juin 10 01:22:16 [0;32m    qemu: Setting up libmpdec2:amd64 (2.4.2-2) ...[0m
juin 10 01:22:16 [0;32m    qemu: Setting up geoip-database (20181108-1) ...[0m
juin 10 01:22:16 [0;32m    qemu: Setting up openssl (1.1.1b-2) ...[0m
juin 10 01:22:17 [0;32m    qemu: Setting up publicsuffix (20190415.1030-1) ...[0m
juin 10 01:22:17 [0;32m    qemu: Setting up libxml2:amd64 (2.9.4+dfsg1-7+b3) ...[0m
juin 10 01:22:17 [0;32m    qemu: Setting up iso-codes (4.2-1) ...[0m
juin 10 01:22:17 [0;32m    qemu: Setting up libreadline7:amd64 (7.0-5) ...[0m
juin 10 01:22:17 [0;32m    qemu: Setting up libgdbm6:amd64 (1.18.1-4) ...[0m
juin 10 01:22:17 [0;32m    qemu: Setting up pinentry-curses (1.1.0-2) ...[0m
juin 10 01:22:17 [0;32m    qemu: Setting up libpython3.7-stdlib:amd64 (3.7.3-2) ...[0m
juin 10 01:22:17 [0;32m    qemu: Setting up wget (1.20.1-1.1) ...[0m
juin 10 01:22:17 [0;32m    qemu: Setting up libldap-2.4-2:amd64 (2.4.47+dfsg-3) ...[0m
juin 10 01:22:17 [0;32m    qemu: Setting up libcurl3-gnutls:amd64 (7.64.0-3) ...[0m
juin 10 01:22:17 [0;32m    qemu: Setting up libisc1100:amd64 (1:9.11.5.P4+dfsg-5) ...[0m
juin 10 01:22:17 [0;32m    qemu: Setting up libpython2.7-stdlib:amd64 (2.7.16-2) ...[0m
juin 10 01:22:17 [0;32m    qemu: Setting up ca-certificates (20190110) ...[0m
juin 10 01:22:18 [0;32m    qemu: Updating certificates in /etc/ssl/certs...[0m
juin 10 01:22:18 [0;32m    qemu: 128 added, 0 removed; done.[0m
juin 10 01:22:18 [0;32m    qemu: Setting up liblwres161:amd64 (1:9.11.5.P4+dfsg-5) ...[0m
juin 10 01:22:18 [0;32m    qemu: Setting up libgdbm-compat4:amd64 (1.18.1-4) ...[0m
juin 10 01:22:18 [0;32m    qemu: Setting up libperl5.28:amd64 (5.28.1-6) ...[0m
juin 10 01:22:18 [0;32m    qemu: Setting up groff-base (1.22.4-3) ...[0m
juin 10 01:22:18 [0;32m    qemu: Setting up libisccc161:amd64 (1:9.11.5.P4+dfsg-5) ...[0m
juin 10 01:22:18 [0;32m    qemu: Setting up libpython3-stdlib:amd64 (3.7.3-1) ...[0m
juin 10 01:22:18 [0;32m    qemu: Setting up libdns1104:amd64 (1:9.11.5.P4+dfsg-5) ...[0m
juin 10 01:22:18 [0;32m    qemu: Setting up python3.7 (3.7.3-2) ...[0m
juin 10 01:22:19 [0;32m    qemu: Setting up python2.7 (2.7.16-2) ...[0m
juin 10 01:22:20 [0;32m    qemu: Setting up libpython2-stdlib:amd64 (2.7.16-1) ...[0m
juin 10 01:22:20 [0;32m    qemu: Setting up python3 (3.7.3-1) ...[0m
juin 10 01:22:20 [0;32m    qemu: running python rtupdate hooks for python3.7...[0m
juin 10 01:22:20 [0;32m    qemu: running python post-rtupdate hooks for python3.7...[0m
juin 10 01:22:20 [0;32m    qemu: Setting up man-db (2.8.5-2) ...[0m
juin 10 01:22:20 [0;32m    qemu: Building database of manual pages ...[0m
juin 10 01:22:36 [0;32m    qemu: Created symlink /etc/systemd/system/timers.target.wants/man-db.timer → /lib/systemd/system/man-db.timer.[0m
juin 10 01:22:36 [0;32m    qemu: /usr/sbin/policy-rc.d returned 101, not running 'start man-db.service man-db.timer'[0m
juin 10 01:22:36 [0;32m    qemu: Setting up python2 (2.7.16-1) ...[0m
juin 10 01:22:36 [0;32m    qemu: Setting up python3-six (1.12.0-1) ...[0m
juin 10 01:22:37 [0;32m    qemu: Setting up libpython-stdlib:amd64 (2.7.16-1) ...[0m
juin 10 01:22:37 [0;32m    qemu: Setting up perl (5.28.1-6) ...[0m
juin 10 01:22:37 [0;32m    qemu: Setting up python3-pycurl (7.43.0.2-0.1) ...[0m
juin 10 01:22:37 [0;32m    qemu: Setting up python3-certifi (2018.8.24-1) ...[0m
juin 10 01:22:37 [0;32m    qemu: Setting up python3-idna (2.6-1) ...[0m
juin 10 01:22:37 [0;32m    qemu: Setting up python3-urllib3 (1.24.1-1) ...[0m
juin 10 01:22:37 [0;32m    qemu: Setting up python3-httplib2 (0.11.3-2) ...[0m
juin 10 01:22:38 [0;32m    qemu: Setting up libisccfg163:amd64 (1:9.11.5.P4+dfsg-5) ...[0m
juin 10 01:22:38 [0;32m    qemu: Setting up lsb-release (10.2019051400) ...[0m
juin 10 01:22:38 [0;32m    qemu: Setting up python (2.7.16-1) ...[0m
juin 10 01:22:38 [0;32m    qemu: Setting up python3-pkg-resources (40.8.0-1) ...[0m
juin 10 01:22:38 [0;32m    qemu: Setting up python3-apt (1.8.4) ...[0m
juin 10 01:22:38 [0;32m    qemu: Setting up python3-debconf (1.5.71) ...[0m
juin 10 01:22:38 [0;32m    qemu: Setting up libbind9-161:amd64 (1:9.11.5.P4+dfsg-5) ...[0m
juin 10 01:22:38 [0;32m    qemu: Setting up python3-chardet (3.0.4-3) ...[0m
juin 10 01:22:39 [0;32m    qemu: Setting up python3-debian (0.1.34) ...[0m
juin 10 01:22:39 [0;32m    qemu: Setting up python3-requests (2.21.0-1) ...[0m
juin 10 01:22:39 [0;32m    qemu: Setting up python3-pysimplesoap (1.16.2-1) ...[0m
juin 10 01:22:39 [0;32m    qemu: Setting up apt-listchanges (3.19) ...[0m
juin 10 01:22:40 [0;32m    qemu:[0m
juin 10 01:22:40 [0;32m    qemu: Creating config file /etc/apt/listchanges.conf with new version[0m
juin 10 01:22:40 [0;32m    qemu: Setting up bind9-host (1:9.11.5.P4+dfsg-5) ...[0m
juin 10 01:22:40 [0;32m    qemu: Setting up python3-debianbts (2.8.2) ...[0m
juin 10 01:22:40 [0;32m    qemu: Setting up python3-reportbug (7.5.2) ...[0m
juin 10 01:22:40 [0;32m    qemu: Setting up reportbug (7.5.2) ...[0m
juin 10 01:22:40 [0;32m    qemu: Processing triggers for libc-bin (2.28-10) ...[0m
juin 10 01:22:40 [0;32m    qemu: Processing triggers for ca-certificates (20190110) ...[0m
juin 10 01:22:40 [0;32m    qemu: Updating certificates in /etc/ssl/certs...[0m
juin 10 01:22:41 [0;32m    qemu: 0 added, 0 removed; done.[0m
juin 10 01:22:41 [0;32m    qemu: Running hooks in /etc/ca-certificates/update.d...[0m
juin 10 01:22:41 [0;32m    qemu: done.[0m
juin 10 01:22:41 [0;32m    qemu: + chroot / apt-get purge -qy dctrl-tools[0m
juin 10 01:22:41 [0;32m    qemu: Reading package lists...[0m
juin 10 01:22:41 [0;32m    qemu: Building dependency tree...[0m
juin 10 01:22:41 [0;32m    qemu: Reading state information...[0m
juin 10 01:22:41 [0;32m    qemu: The following packages will be REMOVED:[0m
juin 10 01:22:41 [0;32m    qemu:   dctrl-tools*[0m
juin 10 01:22:41 [0;32m    qemu: 0 upgraded, 0 newly installed, 1 to remove and 0 not upgraded.[0m
juin 10 01:22:41 [0;32m    qemu: After this operation, 431 kB disk space will be freed.[0m
juin 10 01:22:41 [0;32m    qemu: (Reading database ... 31743 files and directories currently installed.)[0m
juin 10 01:22:41 [0;32m    qemu: Removing dctrl-tools (2.24-3) ...[0m
juin 10 01:22:42 [0;32m    qemu: Processing triggers for man-db (2.8.5-2) ...[0m
juin 10 01:22:42 [0;32m    qemu: (Reading database ... 31703 files and directories currently installed.)[0m
juin 10 01:22:42 [0;32m    qemu: Purging configuration files for dctrl-tools (2.24-3) ...[0m
juin 10 01:22:42 [0;32m    qemu: + chroot / id ubuntu[0m
juin 10 01:22:42 [0;32m    qemu: + chroot / id vagrant[0m
juin 10 01:22:42 [0;32m    qemu: + mkdir -p //home/vagrant/.ssh[0m
juin 10 01:22:42 [0;32m    qemu: + chmod 700 //home/vagrant/.ssh[0m
juin 10 01:22:42 [0;32m    qemu: + cat[0m
juin 10 01:22:42 [0;32m    qemu: + chmod 600 //home/vagrant/.ssh/authorized_keys[0m
juin 10 01:22:42 [0;32m    qemu: + chroot / chown -R vagrant:vagrant /home/vagrant/.ssh[0m
juin 10 01:22:42 [0;32m    qemu: + chroot / apt-get install -qy sudo[0m
juin 10 01:22:42 [0;32m    qemu: Reading package lists...[0m
juin 10 01:22:42 [0;32m    qemu: Building dependency tree...[0m
juin 10 01:22:42 [0;32m    qemu: Reading state information...[0m
juin 10 01:22:42 [0;32m    qemu: sudo is already the newest version (1.8.27-1).[0m
juin 10 01:22:42 [0;32m    qemu: 0 upgraded, 0 newly installed, 0 to remove and 0 not upgraded.[0m
juin 10 01:22:42 [0;32m    qemu: + cat[0m
juin 10 01:22:43 [0;32m    qemu: + chmod 0440 //etc/sudoers.d/vagrant[0m
juin 10 01:22:43 [0;32m    qemu: + [ -n  ][0m
juin 10 01:22:43 [0;32m    qemu: + echo UseDNS no[0m
juin 10 01:22:43 [0;32m    qemu: + echo PasswordAuthentication no[0m
juin 10 01:22:43 [0;32m    qemu: + [ -f //etc/default/grub ][0m
juin 10 01:22:43 [0;32m    qemu: + sed -i s/GRUB_TIMEOUT=5/GRUB_TIMEOUT=1/ //etc/default/grub[0m
juin 10 01:22:43 [0;32m    qemu: + [ -x //usr/sbin/update-grub ][0m
juin 10 01:22:43 [0;32m    qemu: + chroot / mountpoint -q /dev/[0m
juin 10 01:22:43 [0;32m    qemu: + chroot / /usr/sbin/update-grub[0m
juin 10 01:22:43 [0;32m    qemu: Generating grub configuration file ...[0m
juin 10 01:22:43 [0;32m    qemu: Found linux image: /boot/vmlinuz-4.19.0-5-amd64[0m
juin 10 01:22:43 [0;32m    qemu: Found initrd image: /boot/initrd.img-4.19.0-5-amd64[0m
juin 10 01:22:44 [0;32m    qemu: Found linux image: /boot/vmlinuz-4.19.0-4-amd64[0m
juin 10 01:22:44 [0;32m    qemu: Found initrd image: /boot/initrd.img-4.19.0-4-amd64[0m
juin 10 01:22:45 [0;32m    qemu: done[0m
juin 10 01:22:45 [0;32m    qemu: + chroot / apt-get clean[0m
juin 10 01:22:45 [0;32m    qemu: + rm -f //usr/sbin/policy-rc.d[0m
juin 10 01:22:45 [0;32m    qemu: + + echo debconf debconf/frontend select Dialog[0m
juin 10 01:22:45 [0;32m    qemu: chroot / debconf-set-selections[0m
juin 10 01:22:45 [0;32m    qemu: + rm //var/lib/dbus/machine-id[0m
juin 10 01:22:45 [0;32m    qemu: +[0m
juin 10 01:22:45 [1;32m==> qemu: Provisioning with shell script: scripts/minimize.sh[0m
juin 10 01:22:45 [0;32m    qemu: Fill with 0 the swap partition to reduce box size[0m
juin 10 01:22:46 [0;32m    qemu: dd: error writing '/dev/vda5': No space left on device[0m
juin 10 01:22:46 [0;32m    qemu: 1022+0 records in[0m
juin 10 01:22:46 [0;32m    qemu: dd exit code 1 is suppressed[0m
juin 10 01:22:46 [0;32m    qemu: 1021+0 records out[0m
juin 10 01:22:46 [0;32m    qemu: 1070596096 bytes (1.1 GB, 1021 MiB) copied, 0.854466 s, 1.3 GB/s[0m
juin 10 01:22:48 [0;32m    qemu: Setting up swapspace version 1, size = 1021 MiB (1070592000 bytes)[0m
juin 10 01:22:48 [0;32m    qemu: no label, UUID=1107c2da-f7e5-4db7-b894-7adf7286cff1[0m
juin 10 01:22:48 [0;32m    qemu: Fill filesystem with 0 to reduce box size[0m
juin 10 01:24:12 [0;32m    qemu: dd: error writing '/EMPTY': No space left on device[0m
juin 10 01:24:12 [0;32m    qemu: 17561+0 records in[0m
juin 10 01:24:12 [0;32m    qemu: 17560+0 records out[0m
juin 10 01:24:12 [0;32m    qemu: 18413481984 bytes (18 GB, 17 GiB) copied, 84.2588 s, 219 MB/s[0m
juin 10 01:24:46 [1;32m==> qemu: Gracefully halting virtual machine...[0m
juin 10 01:24:47 [1;32mBuild 'qemu' finished.[0m
juin 10 01:24:47 
juin 10 01:24:47 ==> Builds finished. The artifacts of successful builds are:
juin 10 01:24:47 --> qemu: VM files in directory: buster.build
juin 10 01:25:58 Importing linux debian x86_64 10.0 ...
juin 10 01:25:58 not converting buster.vmdk 
juin 10 01:25:58 Creating OVF metadata ...
juin 10 01:25:58 
juin 10 01:25:58 OVF written to buster.ovf
juin 10 01:25:58 In Virtualbox, go to File -> Import a virtual appliance
juin 10 01:25:58 and select the ovf file.
juin 10 01:25:58 Or import from the command line with: 
juin 10 01:25:58 $ VBoxManage import buster.ovf
juin 10 01:27:01 + export VAGRANT_DEFAULT_PROVIDER=virtualbox
juin 10 01:27:01 + vagrant box add test-buster buster.box
juin 10 01:27:02 ==> box: Box file was not detected as metadata. Adding it directly...
juin 10 01:27:02 ==> box: Adding box 'test-buster' (v0) for provider: 
juin 10 01:27:02     box: Unpacking necessary files from: file:///home/manu/Projects/git/vagrant-boxes/packer-virtualbox-vagrant/buster.box
juin 10 01:27:09 [K    box: Progress: 0% (Rate: 0/s, Estimated time remaining: --:--:--)[K==> box: Successfully added box 'test-buster' (v0) for 'virtualbox'!
juin 10 01:27:09 + mkdir test-buster
juin 10 01:27:09 + cp ../helpers/package_report test-buster
juin 10 01:27:09 + ../helpers/getLatestRelease.js buster
juin 10 01:27:11 + this_codename_last_release=buster/sid
juin 10 01:27:11 + cd test-buster
juin 10 01:27:11 + vagrant init test-buster
juin 10 01:27:12 A `Vagrantfile` has been placed in this directory. You are now
juin 10 01:27:12 ready to `vagrant up` your first virtual environment! Please read
juin 10 01:27:12 the comments in the Vagrantfile as well as documentation on
juin 10 01:27:12 `vagrantup.com` for more information on using Vagrant.
juin 10 01:27:12 + vagrant up --no-provision
juin 10 01:27:13 Bringing machine 'default' up with 'virtualbox' provider...
juin 10 01:27:13 ==> default: Importing base box 'test-buster'...
juin 10 01:27:34 [KProgress: 20%[KProgress: 30%[KProgress: 40%[KProgress: 50%[KProgress: 60%[KProgress: 70%[KProgress: 90%[K==> default: Matching MAC address for NAT networking...
juin 10 01:27:35 ==> default: Setting the name of the VM: test-buster_default_1560122855394_66683
juin 10 01:27:37 ==> default: Clearing any previously set network interfaces...
juin 10 01:27:37 ==> default: Preparing network interfaces based on configuration...
juin 10 01:27:37     default: Adapter 1: nat
juin 10 01:27:37 ==> default: Forwarding ports...
juin 10 01:27:37     default: 22 (guest) => 2222 (host) (adapter 1)
juin 10 01:27:37 ==> default: Running 'pre-boot' VM customizations...
juin 10 01:27:37 ==> default: Booting VM...
juin 10 01:27:38 ==> default: Waiting for machine to boot. This may take a few minutes...
juin 10 01:27:38     default: SSH address: 127.0.0.1:2222
juin 10 01:27:38     default: SSH username: vagrant
juin 10 01:27:38     default: SSH auth method: private key
juin 10 01:27:54     default: 
juin 10 01:27:54     default: Vagrant insecure key detected. Vagrant will automatically replace
juin 10 01:27:54     default: this with a newly generated keypair for better security.
juin 10 01:27:57     default: 
juin 10 01:27:57     default: Inserting generated public key within guest...
juin 10 01:27:58     default: Removing insecure key from the guest if it's present...
juin 10 01:27:58     default: Key inserted! Disconnecting and reconnecting using new SSH key...
juin 10 01:27:59 ==> default: Machine booted and ready!
juin 10 01:27:59 ==> default: Checking for guest additions in VM...
juin 10 01:27:59     default: The guest additions on this VM do not match the installed version of
juin 10 01:27:59     default: VirtualBox! In most cases this is fine, but in rare cases it can
juin 10 01:27:59     default: prevent things such as shared folders from working properly. If you see
juin 10 01:27:59     default: shared folder errors, please make sure the guest additions within the
juin 10 01:27:59     default: virtual machine match the version of VirtualBox you have installed on
juin 10 01:27:59     default: your host and reload your VM.
juin 10 01:27:59     default: 
juin 10 01:27:59     default: Guest Additions Version: 5.2.0 r68940
juin 10 01:27:59     default: VirtualBox Version: 6.0
juin 10 01:27:59 ==> default: Installing rsync to the VM...
juin 10 01:28:03 ==> default: Rsyncing folder: /home/manu/Projects/git/vagrant-boxes/packer-virtualbox-vagrant/test-buster/ => /vagrant
juin 10 01:28:04 ==> default: Machine not provisioned because `--no-provision` is specified.
juin 10 01:28:04 
juin 10 01:28:04 ==> default: Machine 'default' has a post `vagrant up` message. This is a message
juin 10 01:28:04 ==> default: from the creator of the Vagrantfile, and not from Vagrant itself:
juin 10 01:28:04 ==> default: 
juin 10 01:28:04 ==> default: Vanilla Debian box. See https://app.vagrantup.com/debian for help and bug reports
juin 10 01:28:04 + vagrant ssh -- true
juin 10 01:28:06 + vagrant ssh -- sudo true
juin 10 01:28:08 + vagrant ssh -- cat /etc/debian_version
juin 10 01:28:10 10.0
juin 10 01:28:10 + vagrant ssh -c sh /vagrant/package_report
juin 10 01:28:11 found 33 packages with priority required
juin 10 01:28:11 found 40 packages with priority important
juin 10 01:28:11 found 31 packages with priority standard
juin 10 01:28:11 found 221 packages with priority optional
juin 10 01:28:11 Connection to 127.0.0.1 closed.
juin 10 01:28:11 + vagrant ssh -- sudo apt-get --quiet --yes install debconf-utils figlet
juin 10 01:28:13 Reading package lists...
juin 10 01:28:13 Building dependency tree...
juin 10 01:28:13 Reading state information...
juin 10 01:28:13 The following NEW packages will be installed:
juin 10 01:28:13   debconf-utils figlet
juin 10 01:28:14 0 upgraded, 2 newly installed, 0 to remove and 0 not upgraded.
juin 10 01:28:14 Need to get 193 kB of archives.
juin 10 01:28:14 After this operation, 863 kB of additional disk space will be used.
juin 10 01:28:14 Get:1 http://deb.debian.org/debian buster/main amd64 debconf-utils all 1.5.71 [57.1 kB]
juin 10 01:28:14 Get:2 http://deb.debian.org/debian buster/main amd64 figlet amd64 2.2.5-3 [136 kB]
juin 10 01:28:14 debconf: unable to initialize frontend: Dialog
juin 10 01:28:14 debconf: (Dialog frontend will not work on a dumb terminal, an emacs shell buffer, or without a controlling terminal.)
juin 10 01:28:14 debconf: falling back to frontend: Readline
juin 10 01:28:14 debconf: unable to initialize frontend: Readline
juin 10 01:28:14 debconf: (This frontend requires a controlling tty.)
juin 10 01:28:14 debconf: falling back to frontend: Teletype
juin 10 01:28:14 dpkg-preconfigure: unable to re-open stdin: 
juin 10 01:28:14 Fetched 193 kB in 0s (924 kB/s)
juin 10 01:28:14 Selecting previously unselected package debconf-utils.
juin 10 01:28:14 (Reading database ... (Reading database ... 5%(Reading database ... 10%(Reading database ... 15%(Reading database ... 20%(Reading database ... 25%(Reading database ... 30%(Reading database ... 35%(Reading database ... 40%(Reading database ... 45%(Reading database ... 50%(Reading database ... 55%(Reading database ... 60%(Reading database ... 65%(Reading database ... 70%(Reading database ... 75%(Reading database ... 80%(Reading database ... 85%(Reading database ... 90%(Reading database ... 95%(Reading database ... 100%(Reading database ... 31734 files and directories currently installed.)
juin 10 01:28:14 Preparing to unpack .../debconf-utils_1.5.71_all.deb ...
juin 10 01:28:14 Unpacking debconf-utils (1.5.71) ...
juin 10 01:28:14 Selecting previously unselected package figlet.
juin 10 01:28:14 Preparing to unpack .../figlet_2.2.5-3_amd64.deb ...
juin 10 01:28:14 Unpacking figlet (2.2.5-3) ...
juin 10 01:28:14 Setting up debconf-utils (1.5.71) ...
juin 10 01:28:14 Setting up figlet (2.2.5-3) ...
juin 10 01:28:14 update-alternatives: using /usr/bin/figlet-figlet to provide /usr/bin/figlet (figlet) in auto mode
juin 10 01:28:14 Processing triggers for man-db (2.8.5-2) ...
juin 10 01:28:15 + vagrant ssh -c sudo debconf-get-selections | egrep '^debconf.?debconf/frontend.?select.?Dialog$'
juin 10 01:28:17 debconf	debconf/frontend	select	Dialog
juin 10 01:28:17 Connection to 127.0.0.1 closed.
juin 10 01:28:17 + vagrant ssh -c cat /etc/debian_version
juin 10 01:28:17 + grep buster/sid
juin 10 01:28:18 Connection to 127.0.0.1 closed.
juin 10 01:28:18 + cleanup
juin 10 01:28:18 + set -x
juin 10 01:28:18 + [ -f test-buster/Vagrantfile ]
juin 10 01:28:18 + cd test-buster
juin 10 01:28:18 + vagrant destroy -f
juin 10 01:28:21 ==> default: Forcing shutdown of VM...
juin 10 01:28:22 ==> default: Destroying VM and associated drives...
juin 10 01:28:23 + rm -rf test-buster
juin 10 01:28:23 + vagrant box remove test-buster
juin 10 01:28:23 Removing box 'test-buster' (v0) with provider 'virtualbox'...
juin 10 01:28:24 Vagrant-libvirt plugin removed box only from you LOCAL ~/.vagrant/boxes directory
juin 10 01:28:24 From libvirt storage pool you have to delete image manually(virsh, virt-manager or by any other tool)
juin 10 11:34:35 + export VAGRANT_DEFAULT_PROVIDER=virtualbox
juin 10 11:34:35 + vagrant box add test-buster buster.box
juin 10 11:34:36 ==> box: Box file was not detected as metadata. Adding it directly...
juin 10 11:34:36 ==> box: Adding box 'test-buster' (v0) for provider: 
juin 10 11:34:36     box: Unpacking necessary files from: file:///home/manu/Projects/git/vagrant-boxes/packer-virtualbox-vagrant/buster.box
juin 10 11:34:41 [K    box: Progress: 0% (Rate: 0/s, Estimated time remaining: --:--:--)[K==> box: Successfully added box 'test-buster' (v0) for 'virtualbox'!
juin 10 11:34:41 + mkdir test-buster
juin 10 11:34:41 + cp ../helpers/package_report test-buster
juin 10 11:34:41 + ../helpers/getLatestRelease.js buster
juin 10 11:34:42 + this_codename_last_release=buster/sid
juin 10 11:34:42 + cd test-buster
juin 10 11:34:42 + vagrant init test-buster
juin 10 11:34:42 A `Vagrantfile` has been placed in this directory. You are now
juin 10 11:34:42 ready to `vagrant up` your first virtual environment! Please read
juin 10 11:34:42 the comments in the Vagrantfile as well as documentation on
juin 10 11:34:42 `vagrantup.com` for more information on using Vagrant.
juin 10 11:34:42 + vagrant up --no-provision
juin 10 11:34:43 Bringing machine 'default' up with 'virtualbox' provider...
juin 10 11:34:43 ==> default: Importing base box 'test-buster'...
juin 10 11:34:49 [KProgress: 40%[KProgress: 50%[KProgress: 60%[KProgress: 70%[KProgress: 90%[K==> default: Matching MAC address for NAT networking...
juin 10 11:34:50 ==> default: Setting the name of the VM: test-buster_default_1560159290059_56215
juin 10 11:34:51 ==> default: Clearing any previously set network interfaces...
juin 10 11:34:51 ==> default: Preparing network interfaces based on configuration...
juin 10 11:34:51     default: Adapter 1: nat
juin 10 11:34:51 ==> default: Forwarding ports...
juin 10 11:34:51     default: 22 (guest) => 2222 (host) (adapter 1)
juin 10 11:34:52 ==> default: Running 'pre-boot' VM customizations...
juin 10 11:34:52 ==> default: Booting VM...
juin 10 11:34:52 ==> default: Waiting for machine to boot. This may take a few minutes...
juin 10 11:34:52     default: SSH address: 127.0.0.1:2222
juin 10 11:34:52     default: SSH username: vagrant
juin 10 11:34:52     default: SSH auth method: private key
juin 10 11:35:08     default: 
juin 10 11:35:08     default: Vagrant insecure key detected. Vagrant will automatically replace
juin 10 11:35:08     default: this with a newly generated keypair for better security.
juin 10 11:35:12     default: 
juin 10 11:35:12     default: Inserting generated public key within guest...
juin 10 11:35:12     default: Removing insecure key from the guest if it's present...
juin 10 11:35:12     default: Key inserted! Disconnecting and reconnecting using new SSH key...
juin 10 11:35:13 ==> default: Machine booted and ready!
juin 10 11:35:13 ==> default: Checking for guest additions in VM...
juin 10 11:35:13     default: The guest additions on this VM do not match the installed version of
juin 10 11:35:13     default: VirtualBox! In most cases this is fine, but in rare cases it can
juin 10 11:35:13     default: prevent things such as shared folders from working properly. If you see
juin 10 11:35:13     default: shared folder errors, please make sure the guest additions within the
juin 10 11:35:13     default: virtual machine match the version of VirtualBox you have installed on
juin 10 11:35:13     default: your host and reload your VM.
juin 10 11:35:13     default: 
juin 10 11:35:13     default: Guest Additions Version: 5.2.0 r68940
juin 10 11:35:13     default: VirtualBox Version: 6.0
juin 10 11:35:14 ==> default: Installing rsync to the VM...
juin 10 11:35:19 ==> default: Rsyncing folder: /home/manu/Projects/git/vagrant-boxes/packer-virtualbox-vagrant/test-buster/ => /vagrant
juin 10 11:35:20 ==> default: Machine not provisioned because `--no-provision` is specified.
juin 10 11:35:20 
juin 10 11:35:20 ==> default: Machine 'default' has a post `vagrant up` message. This is a message
juin 10 11:35:20 ==> default: from the creator of the Vagrantfile, and not from Vagrant itself:
juin 10 11:35:20 ==> default: 
juin 10 11:35:20 ==> default: Vanilla Debian box. See https://app.vagrantup.com/debian for help and bug reports
juin 10 11:35:20 + vagrant ssh -- true
juin 10 11:35:22 + vagrant ssh -- sudo true
juin 10 11:35:23 + vagrant ssh -- cat /etc/debian_version
juin 10 11:35:25 10.0
juin 10 11:35:25 + vagrant ssh -c sh /vagrant/package_report
juin 10 11:35:27 found 33 packages with priority required
juin 10 11:35:27 found 40 packages with priority important
juin 10 11:35:27 found 31 packages with priority standard
juin 10 11:35:27 found 221 packages with priority optional
juin 10 11:35:27 Connection to 127.0.0.1 closed.
juin 10 11:35:27 + vagrant ssh -- sudo apt-get --quiet --yes install debconf-utils figlet
juin 10 11:35:29 Reading package lists...
juin 10 11:35:29 Building dependency tree...
juin 10 11:35:29 Reading state information...
juin 10 11:35:29 The following NEW packages will be installed:
juin 10 11:35:29   debconf-utils figlet
juin 10 11:35:29 0 upgraded, 2 newly installed, 0 to remove and 0 not upgraded.
juin 10 11:35:29 Need to get 193 kB of archives.
juin 10 11:35:29 After this operation, 863 kB of additional disk space will be used.
juin 10 11:35:29 Get:1 http://deb.debian.org/debian buster/main amd64 debconf-utils all 1.5.71 [57.1 kB]
juin 10 11:35:29 Get:2 http://deb.debian.org/debian buster/main amd64 figlet amd64 2.2.5-3 [136 kB]
juin 10 11:35:30 debconf: unable to initialize frontend: Dialog
juin 10 11:35:30 debconf: (Dialog frontend will not work on a dumb terminal, an emacs shell buffer, or without a controlling terminal.)
juin 10 11:35:30 debconf: falling back to frontend: Readline
juin 10 11:35:30 debconf: unable to initialize frontend: Readline
juin 10 11:35:30 debconf: (This frontend requires a controlling tty.)
juin 10 11:35:30 debconf: falling back to frontend: Teletype
juin 10 11:35:30 dpkg-preconfigure: unable to re-open stdin: 
juin 10 11:35:30 Fetched 193 kB in 0s (654 kB/s)
juin 10 11:35:30 Selecting previously unselected package debconf-utils.
juin 10 11:35:30 (Reading database ... (Reading database ... 5%(Reading database ... 10%(Reading database ... 15%(Reading database ... 20%(Reading database ... 25%(Reading database ... 30%(Reading database ... 35%(Reading database ... 40%(Reading database ... 45%(Reading database ... 50%(Reading database ... 55%(Reading database ... 60%(Reading database ... 65%(Reading database ... 70%(Reading database ... 75%(Reading database ... 80%(Reading database ... 85%(Reading database ... 90%(Reading database ... 95%(Reading database ... 100%(Reading database ... 31734 files and directories currently installed.)
juin 10 11:35:30 Preparing to unpack .../debconf-utils_1.5.71_all.deb ...
juin 10 11:35:30 Unpacking debconf-utils (1.5.71) ...
juin 10 11:35:30 Selecting previously unselected package figlet.
juin 10 11:35:30 Preparing to unpack .../figlet_2.2.5-3_amd64.deb ...
juin 10 11:35:30 Unpacking figlet (2.2.5-3) ...
juin 10 11:35:30 Setting up debconf-utils (1.5.71) ...
juin 10 11:35:30 Setting up figlet (2.2.5-3) ...
juin 10 11:35:30 update-alternatives: using /usr/bin/figlet-figlet to provide /usr/bin/figlet (figlet) in auto mode
juin 10 11:35:30 Processing triggers for man-db (2.8.5-2) ...
juin 10 11:35:31 + vagrant ssh -c sudo debconf-get-selections | egrep '^debconf.?debconf/frontend.?select.?Dialog$'
juin 10 11:35:33 debconf	debconf/frontend	select	Dialog
juin 10 11:35:33 Connection to 127.0.0.1 closed.
juin 10 11:35:33 + vagrant ssh -c cat /etc/debian_version
juin 10 11:35:33 + grep buster/sid
juin 10 11:35:34 Connection to 127.0.0.1 closed.
juin 10 11:35:34 + cleanup
juin 10 11:35:34 + set -x
juin 10 11:35:34 + [ -f test-buster/Vagrantfile ]
juin 10 11:35:34 + cd test-buster
juin 10 11:35:34 + vagrant destroy -f
juin 10 11:35:37 ==> default: Forcing shutdown of VM...
juin 10 11:35:38 ==> default: Destroying VM and associated drives...
juin 10 11:35:38 + rm -rf test-buster
juin 10 11:35:38 + vagrant box remove test-buster
juin 10 11:35:39 Removing box 'test-buster' (v0) with provider 'virtualbox'...
juin 10 11:35:39 Vagrant-libvirt plugin removed box only from you LOCAL ~/.vagrant/boxes directory
juin 10 11:35:39 From libvirt storage pool you have to delete image manually(virsh, virt-manager or by any other tool)
juin 10 11:48:45 + export VAGRANT_DEFAULT_PROVIDER=virtualbox
juin 10 11:48:45 + vagrant box add test-buster buster.box
juin 10 11:48:46 ==> box: Box file was not detected as metadata. Adding it directly...
juin 10 11:48:46 ==> box: Adding box 'test-buster' (v0) for provider: 
juin 10 11:48:46     box: Unpacking necessary files from: file:///home/manu/Projects/git/vagrant-boxes/packer-virtualbox-vagrant/buster.box
juin 10 11:48:51 [K    box: Progress: 0% (Rate: 0/s, Estimated time remaining: --:--:--)[K==> box: Successfully added box 'test-buster' (v0) for 'virtualbox'!
juin 10 11:48:51 + mkdir test-buster
juin 10 11:48:51 + cp ../helpers/package_report test-buster
juin 10 11:48:51 + ../helpers/getLatestRelease.js buster
juin 10 11:48:52 + this_codename_last_release=10.0
juin 10 11:48:52 + cd test-buster
juin 10 11:48:52 + vagrant init test-buster
juin 10 11:48:52 A `Vagrantfile` has been placed in this directory. You are now
juin 10 11:48:52 ready to `vagrant up` your first virtual environment! Please read
juin 10 11:48:52 the comments in the Vagrantfile as well as documentation on
juin 10 11:48:52 `vagrantup.com` for more information on using Vagrant.
juin 10 11:48:52 + vagrant up --no-provision
juin 10 11:48:53 Bringing machine 'default' up with 'virtualbox' provider...
juin 10 11:48:53 ==> default: Importing base box 'test-buster'...
juin 10 11:48:59 [KProgress: 40%[KProgress: 60%[KProgress: 70%[KProgress: 90%[K==> default: Matching MAC address for NAT networking...
juin 10 11:49:00 ==> default: Setting the name of the VM: test-buster_default_1560160140002_69363
juin 10 11:49:01 ==> default: Clearing any previously set network interfaces...
juin 10 11:49:02 ==> default: Preparing network interfaces based on configuration...
juin 10 11:49:02     default: Adapter 1: nat
juin 10 11:49:02 ==> default: Forwarding ports...
juin 10 11:49:02     default: 22 (guest) => 2222 (host) (adapter 1)
juin 10 11:49:02 ==> default: Running 'pre-boot' VM customizations...
juin 10 11:49:02 ==> default: Booting VM...
juin 10 11:49:02 ==> default: Waiting for machine to boot. This may take a few minutes...
juin 10 11:49:03     default: SSH address: 127.0.0.1:2222
juin 10 11:49:03     default: SSH username: vagrant
juin 10 11:49:03     default: SSH auth method: private key
juin 10 11:49:19     default: 
juin 10 11:49:19     default: Vagrant insecure key detected. Vagrant will automatically replace
juin 10 11:49:19     default: this with a newly generated keypair for better security.
juin 10 11:49:22     default: 
juin 10 11:49:22     default: Inserting generated public key within guest...
juin 10 11:49:22     default: Removing insecure key from the guest if it's present...
juin 10 11:49:23     default: Key inserted! Disconnecting and reconnecting using new SSH key...
juin 10 11:49:23 ==> default: Machine booted and ready!
juin 10 11:49:23 ==> default: Checking for guest additions in VM...
juin 10 11:49:24     default: The guest additions on this VM do not match the installed version of
juin 10 11:49:24     default: VirtualBox! In most cases this is fine, but in rare cases it can
juin 10 11:49:24     default: prevent things such as shared folders from working properly. If you see
juin 10 11:49:24     default: shared folder errors, please make sure the guest additions within the
juin 10 11:49:24     default: virtual machine match the version of VirtualBox you have installed on
juin 10 11:49:24     default: your host and reload your VM.
juin 10 11:49:24     default: 
juin 10 11:49:24     default: Guest Additions Version: 5.2.0 r68940
juin 10 11:49:24     default: VirtualBox Version: 6.0
juin 10 11:49:24 ==> default: Installing rsync to the VM...
juin 10 11:49:29 ==> default: Rsyncing folder: /home/manu/Projects/git/vagrant-boxes/packer-virtualbox-vagrant/test-buster/ => /vagrant
juin 10 11:49:30 ==> default: Machine not provisioned because `--no-provision` is specified.
juin 10 11:49:30 
juin 10 11:49:30 ==> default: Machine 'default' has a post `vagrant up` message. This is a message
juin 10 11:49:30 ==> default: from the creator of the Vagrantfile, and not from Vagrant itself:
juin 10 11:49:30 ==> default: 
juin 10 11:49:30 ==> default: Vanilla Debian box. See https://app.vagrantup.com/debian for help and bug reports
juin 10 11:49:30 + vagrant ssh -- true
juin 10 11:49:32 + vagrant ssh -- sudo true
juin 10 11:49:34 + vagrant ssh -- cat /etc/debian_version
juin 10 11:49:36 10.0
juin 10 11:49:36 + vagrant ssh -c sh /vagrant/package_report
juin 10 11:49:38 found 33 packages with priority required
juin 10 11:49:38 found 40 packages with priority important
juin 10 11:49:38 found 31 packages with priority standard
juin 10 11:49:38 found 221 packages with priority optional
juin 10 11:49:38 Connection to 127.0.0.1 closed.
juin 10 11:49:38 + vagrant ssh -- sudo apt-get --quiet --yes install debconf-utils figlet
juin 10 11:49:39 Reading package lists...
juin 10 11:49:40 Building dependency tree...
juin 10 11:49:40 Reading state information...
juin 10 11:49:40 The following NEW packages will be installed:
juin 10 11:49:40   debconf-utils figlet
juin 10 11:49:40 0 upgraded, 2 newly installed, 0 to remove and 0 not upgraded.
juin 10 11:49:40 Need to get 193 kB of archives.
juin 10 11:49:40 After this operation, 863 kB of additional disk space will be used.
juin 10 11:49:40 Get:1 http://deb.debian.org/debian buster/main amd64 debconf-utils all 1.5.71 [57.1 kB]
juin 10 11:49:40 Get:2 http://deb.debian.org/debian buster/main amd64 figlet amd64 2.2.5-3 [136 kB]
juin 10 11:49:40 debconf: unable to initialize frontend: Dialog
juin 10 11:49:40 debconf: (Dialog frontend will not work on a dumb terminal, an emacs shell buffer, or without a controlling terminal.)
juin 10 11:49:40 debconf: falling back to frontend: Readline
juin 10 11:49:40 debconf: unable to initialize frontend: Readline
juin 10 11:49:40 debconf: (This frontend requires a controlling tty.)
juin 10 11:49:40 debconf: falling back to frontend: Teletype
juin 10 11:49:40 dpkg-preconfigure: unable to re-open stdin: 
juin 10 11:49:40 Fetched 193 kB in 0s (904 kB/s)
juin 10 11:49:40 Selecting previously unselected package debconf-utils.
juin 10 11:49:40 (Reading database ... (Reading database ... 5%(Reading database ... 10%(Reading database ... 15%(Reading database ... 20%(Reading database ... 25%(Reading database ... 30%(Reading database ... 35%(Reading database ... 40%(Reading database ... 45%(Reading database ... 50%(Reading database ... 55%(Reading database ... 60%(Reading database ... 65%(Reading database ... 70%(Reading database ... 75%(Reading database ... 80%(Reading database ... 85%(Reading database ... 90%(Reading database ... 95%(Reading database ... 100%(Reading database ... 31734 files and directories currently installed.)
juin 10 11:49:40 Preparing to unpack .../debconf-utils_1.5.71_all.deb ...
juin 10 11:49:40 Unpacking debconf-utils (1.5.71) ...
juin 10 11:49:40 Selecting previously unselected package figlet.
juin 10 11:49:40 Preparing to unpack .../figlet_2.2.5-3_amd64.deb ...
juin 10 11:49:40 Unpacking figlet (2.2.5-3) ...
juin 10 11:49:40 Setting up debconf-utils (1.5.71) ...
juin 10 11:49:40 Setting up figlet (2.2.5-3) ...
juin 10 11:49:40 update-alternatives: using /usr/bin/figlet-figlet to provide /usr/bin/figlet (figlet) in auto mode
juin 10 11:49:40 Processing triggers for man-db (2.8.5-2) ...
juin 10 11:49:41 + vagrant ssh -c sudo debconf-get-selections | egrep '^debconf.?debconf/frontend.?select.?Dialog$'
juin 10 11:49:43 debconf	debconf/frontend	select	Dialog
juin 10 11:49:43 Connection to 127.0.0.1 closed.
juin 10 11:49:43 + vagrant ssh -c cat /etc/debian_version
juin 10 11:49:43 + grep 10.0
juin 10 11:49:45 Connection to 127.0.0.1 closed.
juin 10 11:49:45 10.0
juin 10 11:49:45 + vagrant ssh -c lsb_release --release --codename | figlet
juin 10 11:49:47  ____      _                         _  ___  
juin 10 11:49:47 |  _ \ ___| | ___  __ _ ___  ___ _  / |/ _ \ 
juin 10 11:49:47 | |_) / _ \ |/ _ \/ _` / __|/ _ (_) | | | | |
juin 10 11:49:47 |  _ <  __/ |  __/ (_| \__ \  __/_  | | |_| |
juin 10 11:49:47 |_| \_\___|_|\___|\__,_|___/\___(_) |_|\___/ 
juin 10 11:49:47                                              
juin 10 11:49:47   ____          _                                   
juin 10 11:49:47  / ___|___   __| | ___ _ __   __ _ _ __ ___   ___ _ 
juin 10 11:49:47 | |   / _ \ / _` |/ _ \ '_ \ / _` | '_ ` _ \ / _ (_)
juin 10 11:49:47 | |__| (_) | (_| |  __/ | | | (_| | | | | | |  __/_ 
juin 10 11:49:47  \____\___/ \__,_|\___|_| |_|\__,_|_| |_| |_|\___(_)
juin 10 11:49:47                                                     
juin 10 11:49:47  _               _            
juin 10 11:49:47 | |__  _   _ ___| |_ ___ _ __ 
juin 10 11:49:47 | '_ \| | | / __| __/ _ \ '__|
juin 10 11:49:47 | |_) | |_| \__ \ ||  __/ |   
juin 10 11:49:47 |_.__/ \__,_|___/\__\___|_|   
juin 10 11:49:47                               
juin 10 11:49:47 Connection to 127.0.0.1 closed.
juin 10 11:49:47 + cleanup
juin 10 11:49:47 + set -x
juin 10 11:49:47 + [ -f test-buster/Vagrantfile ]
juin 10 11:49:47 + cd test-buster
juin 10 11:49:47 + vagrant destroy -f
juin 10 11:49:49 ==> default: Forcing shutdown of VM...
juin 10 11:49:51 ==> default: Destroying VM and associated drives...
juin 10 11:49:51 + rm -rf test-buster
juin 10 11:49:51 + vagrant box remove test-buster
juin 10 11:49:52 Removing box 'test-buster' (v0) with provider 'virtualbox'...
juin 10 11:49:52 Vagrant-libvirt plugin removed box only from you LOCAL ~/.vagrant/boxes directory
juin 10 11:49:52 From libvirt storage pool you have to delete image manually(virsh, virt-manager or by any other tool)
