avril 30 21:53:13 [1;32mqemu output will be in this color.[0m
avril 30 21:53:13 
avril 30 21:53:13 [1;32m==> qemu: Retrieving ISO[0m
avril 30 21:53:14 [0;32m    qemu: Found already downloaded, initial checksum matched, no download needed: http://cdimage.debian.org/debian-cd/current/amd64/iso-cd/debian-9.4.0-amd64-netinst.iso[0m
avril 30 21:53:14 [1;32m==> qemu: Creating hard drive...[0m
avril 30 21:53:14 [1;32m==> qemu: Starting HTTP server on port 8975[0m
avril 30 21:53:14 [1;32m==> qemu: Found port for communicator (SSH, WinRM, etc): 3843.[0m
avril 30 21:53:14 [1;32m==> qemu: Looking for available port between 5900 and 6000 on 127.0.0.1[0m
avril 30 21:53:14 [1;32m==> qemu: Starting VM, booting from CD-ROM[0m
avril 30 21:53:14 [0;32m    qemu: The VM will be run headless, without a GUI. If you want to
avril 30 21:53:14     qemu: view the screen of the VM, connect via VNC without a password to
avril 30 21:53:14     qemu: vnc://127.0.0.1:5963[0m
avril 30 21:53:14 [1;32m==> qemu: Overriding defaults Qemu arguments with QemuArgs...[0m
avril 30 21:53:16 [1;32m==> qemu: Waiting 10s for boot...[0m
avril 30 21:53:26 [1;32m==> qemu: Connecting to VM via VNC (127.0.0.1:5963)[0m
avril 30 21:53:26 [1;32m==> qemu: Typing the boot command over VNC...[0m
avril 30 21:54:43 [1;32m==> qemu: Using ssh communicator to connect: 127.0.0.1[0m
avril 30 21:54:43 [1;32m==> qemu: Waiting for SSH to become available...[0m
avril 30 21:59:31 [1;32m==> qemu: Connected to SSH![0m
avril 30 21:59:31 [1;32m==> qemu: Pausing 5s before the next provisioner...[0m
avril 30 21:59:36 [1;32m==> qemu: Provisioning with shell script: ../helpers/vagrant-setup[0m
avril 30 21:59:36 [0;32m    qemu:[0m
avril 30 21:59:36 [0;32m    qemu: We trust you have received the usual lecture from the local System[0m
avril 30 21:59:36 [0;32m    qemu: Administrator. It usually boils down to these three things:[0m
avril 30 21:59:36 [0;32m    qemu:[0m
avril 30 21:59:36 [0;32m    qemu:     #1) Respect the privacy of others.[0m
avril 30 21:59:36 [0;32m    qemu:     #2) Think before you type.[0m
avril 30 21:59:36 [0;32m    qemu:     #3) With great power comes great responsibility.[0m
avril 30 21:59:36 [0;32m    qemu:[0m
avril 30 21:59:36 [0;32m    qemu: [sudo] password for vagrant: + echo debconf debconf/frontend select Noninteractive[0m
avril 30 21:59:36 [0;32m    qemu: + chroot / debconf-set-selections[0m
avril 30 21:59:36 [0;32m    qemu: + printf #!/bin/sh\nexit 101\n[0m
avril 30 21:59:36 [0;32m    qemu: + chmod +x //usr/sbin/policy-rc.d[0m
avril 30 21:59:36 [0;32m    qemu: + echo Acquire::Languages "none";[0m
avril 30 21:59:36 [0;32m    qemu: + chroot / apt-get update[0m
avril 30 21:59:36 [0;32m    qemu: Hit:1 http://security.debian.org/debian-security stretch/updates InRelease[0m
avril 30 21:59:36 [0;32m    qemu: Ign:2 http://deb.debian.org/debian stretch InRelease[0m
avril 30 21:59:36 [0;32m    qemu: Hit:3 http://deb.debian.org/debian stretch Release[0m
avril 30 21:59:37 [0;32m    qemu: Reading package lists...[0m
avril 30 21:59:37 [0;32m    qemu: + chroot / apt-get -qy dist-upgrade[0m
avril 30 21:59:37 [0;32m    qemu: Reading package lists...[0m
avril 30 21:59:37 [0;32m    qemu: Building dependency tree...[0m
avril 30 21:59:37 [0;32m    qemu: Reading state information...[0m
avril 30 21:59:37 [0;32m    qemu: Calculating upgrade...[0m
avril 30 21:59:37 [0;32m    qemu: The following NEW packages will be installed:[0m
avril 30 21:59:37 [0;32m    qemu:   firmware-linux-free irqbalance libglib2.0-0 libglib2.0-data libicu57[0m
avril 30 21:59:37 [0;32m    qemu:   libnuma1 libxml2 linux-image-4.9.0-9-amd64 sgml-base shared-mime-info[0m
avril 30 21:59:37 [0;32m    qemu:   xdg-user-dirs xml-core[0m
avril 30 21:59:37 [0;32m    qemu: The following packages will be upgraded:[0m
avril 30 21:59:37 [0;32m    qemu:   linux-image-amd64[0m
avril 30 21:59:37 [0;32m    qemu: 1 upgraded, 12 newly installed, 0 to remove and 0 not upgraded.[0m
avril 30 21:59:37 [0;32m    qemu: Need to get 53.9 MB of archives.[0m
avril 30 21:59:37 [0;32m    qemu: After this operation, 246 MB of additional disk space will be used.[0m
avril 30 21:59:37 [0;32m    qemu: Get:1 http://deb.debian.org/debian stretch/main amd64 sgml-base all 1.29 [14.8 kB][0m
avril 30 21:59:38 [0;32m    qemu: Get:2 http://deb.debian.org/debian stretch/main amd64 libicu57 amd64 57.1-6+deb9u2 [7,700 kB][0m
avril 30 21:59:40 [0;32m    qemu: Get:3 http://deb.debian.org/debian stretch/main amd64 libxml2 amd64 2.9.4+dfsg1-2.2+deb9u2 [920 kB][0m
avril 30 21:59:41 [0;32m    qemu: Get:4 http://deb.debian.org/debian stretch/main amd64 firmware-linux-free all 3.4 [19.2 kB][0m
avril 30 21:59:41 [0;32m    qemu: Get:5 http://deb.debian.org/debian stretch/main amd64 libglib2.0-0 amd64 2.50.3-2 [2,691 kB][0m
avril 30 21:59:42 [0;32m    qemu: Get:6 http://deb.debian.org/debian stretch/main amd64 libglib2.0-data all 2.50.3-2 [2,517 kB][0m
avril 30 21:59:42 [0;32m    qemu: Get:7 http://deb.debian.org/debian stretch/main amd64 libnuma1 amd64 2.0.11-2.1 [33.3 kB][0m
avril 30 21:59:42 [0;32m    qemu: Get:8 http://deb.debian.org/debian stretch/main amd64 linux-image-4.9.0-9-amd64 amd64 4.9.168-1 [39.2 MB][0m
avril 30 21:59:57 [0;32m    qemu: Get:9 http://deb.debian.org/debian stretch/main amd64 linux-image-amd64 amd64 4.9+80+deb9u7 [7,098 B][0m
avril 30 21:59:57 [0;32m    qemu: Get:10 http://deb.debian.org/debian stretch/main amd64 shared-mime-info amd64 1.8-1+deb9u1 [731 kB][0m
avril 30 21:59:57 [0;32m    qemu: Get:11 http://deb.debian.org/debian stretch/main amd64 xdg-user-dirs amd64 0.15-2+b1 [52.2 kB][0m
avril 30 21:59:57 [0;32m    qemu: Get:12 http://deb.debian.org/debian stretch/main amd64 xml-core all 0.17 [23.2 kB][0m
avril 30 21:59:57 [0;32m    qemu: Get:13 http://deb.debian.org/debian stretch/main amd64 irqbalance amd64 1.1.0-2.3 [40.4 kB][0m
avril 30 21:59:57 [0;32m    qemu: Preconfiguring packages ...[0m
avril 30 21:59:57 [0;32m    qemu: Fetched 53.9 MB in 19s (2,750 kB/s)[0m
avril 30 21:59:57 [0;32m    qemu: Selecting previously unselected package sgml-base.[0m
avril 30 21:59:57 [0;32m    qemu: (Reading database ... 19353 files and directories currently installed.)[0m
avril 30 21:59:57 [0;32m    qemu: Preparing to unpack .../00-sgml-base_1.29_all.deb ...[0m
avril 30 21:59:57 [0;32m    qemu: Unpacking sgml-base (1.29) ...[0m
avril 30 21:59:58 [0;32m    qemu: Selecting previously unselected package libicu57:amd64.[0m
avril 30 21:59:58 [0;32m    qemu: Preparing to unpack .../01-libicu57_57.1-6+deb9u2_amd64.deb ...[0m
avril 30 21:59:58 [0;32m    qemu: Unpacking libicu57:amd64 (57.1-6+deb9u2) ...[0m
avril 30 21:59:58 [0;32m    qemu: Selecting previously unselected package libxml2:amd64.[0m
avril 30 21:59:58 [0;32m    qemu: Preparing to unpack .../02-libxml2_2.9.4+dfsg1-2.2+deb9u2_amd64.deb ...[0m
avril 30 21:59:58 [0;32m    qemu: Unpacking libxml2:amd64 (2.9.4+dfsg1-2.2+deb9u2) ...[0m
avril 30 21:59:58 [0;32m    qemu: Selecting previously unselected package firmware-linux-free.[0m
avril 30 21:59:58 [0;32m    qemu: Preparing to unpack .../03-firmware-linux-free_3.4_all.deb ...[0m
avril 30 21:59:59 [0;32m    qemu: Unpacking firmware-linux-free (3.4) ...[0m
avril 30 21:59:59 [0;32m    qemu: Selecting previously unselected package libglib2.0-0:amd64.[0m
avril 30 21:59:59 [0;32m    qemu: Preparing to unpack .../04-libglib2.0-0_2.50.3-2_amd64.deb ...[0m
avril 30 21:59:59 [0;32m    qemu: Unpacking libglib2.0-0:amd64 (2.50.3-2) ...[0m
avril 30 21:59:59 [0;32m    qemu: Selecting previously unselected package libglib2.0-data.[0m
avril 30 21:59:59 [0;32m    qemu: Preparing to unpack .../05-libglib2.0-data_2.50.3-2_all.deb ...[0m
avril 30 21:59:59 [0;32m    qemu: Unpacking libglib2.0-data (2.50.3-2) ...[0m
avril 30 21:59:59 [0;32m    qemu: Selecting previously unselected package libnuma1:amd64.[0m
avril 30 21:59:59 [0;32m    qemu: Preparing to unpack .../06-libnuma1_2.0.11-2.1_amd64.deb ...[0m
avril 30 21:59:59 [0;32m    qemu: Unpacking libnuma1:amd64 (2.0.11-2.1) ...[0m
avril 30 21:59:59 [0;32m    qemu: Selecting previously unselected package linux-image-4.9.0-9-amd64.[0m
avril 30 21:59:59 [0;32m    qemu: Preparing to unpack .../07-linux-image-4.9.0-9-amd64_4.9.168-1_amd64.deb ...[0m
avril 30 21:59:59 [0;32m    qemu: Unpacking linux-image-4.9.0-9-amd64 (4.9.168-1) ...[0m
avril 30 22:00:03 [0;32m    qemu: Preparing to unpack .../08-linux-image-amd64_4.9+80+deb9u7_amd64.deb ...[0m
avril 30 22:00:03 [0;32m    qemu: Unpacking linux-image-amd64 (4.9+80+deb9u7) over (4.9+80+deb9u4) ...[0m
avril 30 22:00:03 [0;32m    qemu: Selecting previously unselected package shared-mime-info.[0m
avril 30 22:00:03 [0;32m    qemu: Preparing to unpack .../09-shared-mime-info_1.8-1+deb9u1_amd64.deb ...[0m
avril 30 22:00:03 [0;32m    qemu: Unpacking shared-mime-info (1.8-1+deb9u1) ...[0m
avril 30 22:00:03 [0;32m    qemu: Selecting previously unselected package xdg-user-dirs.[0m
avril 30 22:00:03 [0;32m    qemu: Preparing to unpack .../10-xdg-user-dirs_0.15-2+b1_amd64.deb ...[0m
avril 30 22:00:03 [0;32m    qemu: Unpacking xdg-user-dirs (0.15-2+b1) ...[0m
avril 30 22:00:03 [0;32m    qemu: Selecting previously unselected package xml-core.[0m
avril 30 22:00:03 [0;32m    qemu: Preparing to unpack .../11-xml-core_0.17_all.deb ...[0m
avril 30 22:00:03 [0;32m    qemu: Unpacking xml-core (0.17) ...[0m
avril 30 22:00:04 [0;32m    qemu: Selecting previously unselected package irqbalance.[0m
avril 30 22:00:04 [0;32m    qemu: Preparing to unpack .../12-irqbalance_1.1.0-2.3_amd64.deb ...[0m
avril 30 22:00:04 [0;32m    qemu: Unpacking irqbalance (1.1.0-2.3) ...[0m
avril 30 22:00:04 [0;32m    qemu: Setting up libnuma1:amd64 (2.0.11-2.1) ...[0m
avril 30 22:00:04 [0;32m    qemu: Setting up libglib2.0-0:amd64 (2.50.3-2) ...[0m
avril 30 22:00:04 [0;32m    qemu: No schema files found: doing nothing.[0m
avril 30 22:00:04 [0;32m    qemu: Setting up sgml-base (1.29) ...[0m
avril 30 22:00:04 [0;32m    qemu: Setting up libicu57:amd64 (57.1-6+deb9u2) ...[0m
avril 30 22:00:04 [0;32m    qemu: Setting up libxml2:amd64 (2.9.4+dfsg1-2.2+deb9u2) ...[0m
avril 30 22:00:04 [0;32m    qemu: Setting up libglib2.0-data (2.50.3-2) ...[0m
avril 30 22:00:04 [0;32m    qemu: Setting up linux-image-4.9.0-9-amd64 (4.9.168-1) ...[0m
avril 30 22:00:04 [0;32m    qemu: I: /vmlinuz is now a symlink to boot/vmlinuz-4.9.0-9-amd64[0m
avril 30 22:00:04 [0;32m    qemu: I: /initrd.img is now a symlink to boot/initrd.img-4.9.0-9-amd64[0m
avril 30 22:00:04 [0;32m    qemu: /etc/kernel/postinst.d/initramfs-tools:[0m
avril 30 22:00:04 [0;32m    qemu: update-initramfs: Generating /boot/initrd.img-4.9.0-9-amd64[0m
avril 30 22:00:10 [0;32m    qemu: /etc/kernel/postinst.d/zz-update-grub:[0m
avril 30 22:00:10 [0;32m    qemu: Generating grub configuration file ...[0m
avril 30 22:00:11 [0;32m    qemu: Found linux image: /boot/vmlinuz-4.9.0-9-amd64[0m
avril 30 22:00:11 [0;32m    qemu: Found initrd image: /boot/initrd.img-4.9.0-9-amd64[0m
avril 30 22:00:11 [0;32m    qemu: Found linux image: /boot/vmlinuz-4.9.0-6-amd64[0m
avril 30 22:00:11 [0;32m    qemu: Found initrd image: /boot/initrd.img-4.9.0-6-amd64[0m
avril 30 22:00:12 [0;32m    qemu: done[0m
avril 30 22:00:12 [0;32m    qemu: Processing triggers for libc-bin (2.24-11+deb9u4) ...[0m
avril 30 22:00:12 [0;32m    qemu: Processing triggers for systemd (232-25+deb9u11) ...[0m
avril 30 22:00:12 [0;32m    qemu: Setting up firmware-linux-free (3.4) ...[0m
avril 30 22:00:12 [0;32m    qemu: update-initramfs: deferring update (trigger activated)[0m
avril 30 22:00:12 [0;32m    qemu: Setting up shared-mime-info (1.8-1+deb9u1) ...[0m
avril 30 22:00:22 [0;32m    qemu: Setting up xml-core (0.17) ...[0m
avril 30 22:00:22 [0;32m    qemu: Setting up irqbalance (1.1.0-2.3) ...[0m
avril 30 22:00:23 [0;32m    qemu: invoke-rc.d: policy-rc.d denied execution of start.[0m
avril 30 22:00:23 [0;32m    qemu: Setting up xdg-user-dirs (0.15-2+b1) ...[0m
avril 30 22:00:23 [0;32m    qemu: Setting up linux-image-amd64 (4.9+80+deb9u7) ...[0m
avril 30 22:00:23 [0;32m    qemu: Processing triggers for initramfs-tools (0.130) ...[0m
avril 30 22:00:23 [0;32m    qemu: update-initramfs: Generating /boot/initrd.img-4.9.0-9-amd64[0m
avril 30 22:00:28 [0;32m    qemu: Processing triggers for sgml-base (1.29) ...[0m
avril 30 22:00:28 [0;32m    qemu: Processing triggers for systemd (232-25+deb9u11) ...[0m
avril 30 22:00:29 [0;32m    qemu: + chroot / apt-get install -qy dctrl-tools[0m
avril 30 22:00:29 [0;32m    qemu: Reading package lists...[0m
avril 30 22:00:29 [0;32m    qemu: Building dependency tree...[0m
avril 30 22:00:29 [0;32m    qemu: Reading state information...[0m
avril 30 22:00:29 [0;32m    qemu: Suggested packages:[0m
avril 30 22:00:29 [0;32m    qemu:   debtags[0m
avril 30 22:00:29 [0;32m    qemu: The following NEW packages will be installed:[0m
avril 30 22:00:29 [0;32m    qemu:   dctrl-tools[0m
avril 30 22:00:29 [0;32m    qemu: 0 upgraded, 1 newly installed, 0 to remove and 0 not upgraded.[0m
avril 30 22:00:29 [0;32m    qemu: Need to get 104 kB of archives.[0m
avril 30 22:00:29 [0;32m    qemu: After this operation, 413 kB of additional disk space will be used.[0m
avril 30 22:00:29 [0;32m    qemu: Get:1 http://deb.debian.org/debian stretch/main amd64 dctrl-tools amd64 2.24-2+b1 [104 kB][0m
avril 30 22:00:30 [0;32m    qemu: Fetched 104 kB in 0s (131 kB/s)[0m
avril 30 22:00:30 [0;32m    qemu: Selecting previously unselected package dctrl-tools.[0m
avril 30 22:00:30 [0;32m    qemu: (Reading database ... 24086 files and directories currently installed.)[0m
avril 30 22:00:30 [0;32m    qemu: Preparing to unpack .../dctrl-tools_2.24-2+b1_amd64.deb ...[0m
avril 30 22:00:30 [0;32m    qemu: Unpacking dctrl-tools (2.24-2+b1) ...[0m
avril 30 22:00:30 [0;32m    qemu: Setting up dctrl-tools (2.24-2+b1) ...[0m
avril 30 22:00:30 [0;32m    qemu: + + chroot / xargs apt-get install -qy pinentry-curses[0m
avril 30 22:00:30 [0;32m    qemu: chroot / grep-aptavail --no-field-names --show-field Package --field Priority --regex standard\|important[0m
avril 30 22:00:31 [0;32m    qemu: Reading package lists...[0m
avril 30 22:00:31 [0;32m    qemu: Building dependency tree...[0m
avril 30 22:00:31 [0;32m    qemu: Reading state information...[0m
avril 30 22:00:31 [0;32m    qemu: adduser is already the newest version (3.115).[0m
avril 30 22:00:31 [0;32m    qemu: apt is already the newest version (1.4.9).[0m
avril 30 22:00:31 [0;32m    qemu: apt-utils is already the newest version (1.4.9).[0m
avril 30 22:00:31 [0;32m    qemu: libapt-inst2.0 is already the newest version (1.4.9).[0m
avril 30 22:00:31 [0;32m    qemu: libapt-pkg5.0 is already the newest version (1.4.9).[0m
avril 30 22:00:31 [0;32m    qemu: bsdmainutils is already the newest version (9.0.12+nmu1).[0m
avril 30 22:00:31 [0;32m    qemu: libbz2-1.0 is already the newest version (1.0.6-8.1).[0m
avril 30 22:00:31 [0;32m    qemu: cpio is already the newest version (2.11+dfsg-6).[0m
avril 30 22:00:31 [0;32m    qemu: cron is already the newest version (3.0pl1-128+deb9u1).[0m
avril 30 22:00:31 [0;32m    qemu: libdb5.3 is already the newest version (5.3.28-12+deb9u1).[0m
avril 30 22:00:31 [0;32m    qemu: dbus is already the newest version (1.10.26-0+deb9u1).[0m
avril 30 22:00:31 [0;32m    qemu: dbus set to manually installed.[0m
avril 30 22:00:31 [0;32m    qemu: debconf-i18n is already the newest version (1.5.61).[0m
avril 30 22:00:31 [0;32m    qemu: debian-archive-keyring is already the newest version (2017.5).[0m
avril 30 22:00:31 [0;32m    qemu: dmidecode is already the newest version (3.0-4).[0m
avril 30 22:00:31 [0;32m    qemu: libstdc++6 is already the newest version (6.3.0-18+deb9u1).[0m
avril 30 22:00:31 [0;32m    qemu: libgdbm3 is already the newest version (1.8.3-14).[0m
avril 30 22:00:31 [0;32m    qemu: gettext-base is already the newest version (0.19.8.1-2).[0m
avril 30 22:00:31 [0;32m    qemu: gettext-base set to manually installed.[0m
avril 30 22:00:31 [0;32m    qemu: libc-l10n is already the newest version (2.24-11+deb9u4).[0m
avril 30 22:00:31 [0;32m    qemu: libc-l10n set to manually installed.[0m
avril 30 22:00:31 [0;32m    qemu: locales is already the newest version (2.24-11+deb9u4).[0m
avril 30 22:00:31 [0;32m    qemu: gnupg is already the newest version (2.1.18-8~deb9u4).[0m
avril 30 22:00:31 [0;32m    qemu: gpgv is already the newest version (2.1.18-8~deb9u4).[0m
avril 30 22:00:31 [0;32m    qemu: libgnutls30 is already the newest version (3.5.8-5+deb9u4).[0m
avril 30 22:00:31 [0;32m    qemu: ifupdown is already the newest version (0.8.19).[0m
avril 30 22:00:31 [0;32m    qemu: init is already the newest version (1.48).[0m
avril 30 22:00:31 [0;32m    qemu: iproute2 is already the newest version (4.9.0-1+deb9u1).[0m
avril 30 22:00:31 [0;32m    qemu: iptables is already the newest version (1.6.0+snapshot20161117-6).[0m
avril 30 22:00:31 [0;32m    qemu: iputils-ping is already the newest version (3:20161105-1).[0m
avril 30 22:00:31 [0;32m    qemu: isc-dhcp-client is already the newest version (4.3.5-3+deb9u1).[0m
avril 30 22:00:31 [0;32m    qemu: isc-dhcp-common is already the newest version (4.3.5-3+deb9u1).[0m
avril 30 22:00:31 [0;32m    qemu: libkeyutils1 is already the newest version (1.5.9-9).[0m
avril 30 22:00:31 [0;32m    qemu: libkeyutils1 set to manually installed.[0m
avril 30 22:00:31 [0;32m    qemu: kmod is already the newest version (23-2).[0m
avril 30 22:00:31 [0;32m    qemu: libkmod2 is already the newest version (23-2).[0m
avril 30 22:00:31 [0;32m    qemu: krb5-locales is already the newest version (1.15-1+deb9u1).[0m
avril 30 22:00:31 [0;32m    qemu: krb5-locales set to manually installed.[0m
avril 30 22:00:31 [0;32m    qemu: libgssapi-krb5-2 is already the newest version (1.15-1+deb9u1).[0m
avril 30 22:00:31 [0;32m    qemu: libgssapi-krb5-2 set to manually installed.[0m
avril 30 22:00:31 [0;32m    qemu: libk5crypto3 is already the newest version (1.15-1+deb9u1).[0m
avril 30 22:00:31 [0;32m    qemu: libk5crypto3 set to manually installed.[0m
avril 30 22:00:31 [0;32m    qemu: libkrb5-3 is already the newest version (1.15-1+deb9u1).[0m
avril 30 22:00:31 [0;32m    qemu: libkrb5-3 set to manually installed.[0m
avril 30 22:00:31 [0;32m    qemu: libkrb5support0 is already the newest version (1.15-1+deb9u1).[0m
avril 30 22:00:31 [0;32m    qemu: libkrb5support0 set to manually installed.[0m
avril 30 22:00:31 [0;32m    qemu: libcap2 is already the newest version (1:2.25-1).[0m
avril 30 22:00:31 [0;32m    qemu: libedit2 is already the newest version (3.1-20160903-3).[0m
avril 30 22:00:31 [0;32m    qemu: libedit2 set to manually installed.[0m
avril 30 22:00:31 [0;32m    qemu: libestr0 is already the newest version (0.1.10-2).[0m
avril 30 22:00:31 [0;32m    qemu: libgcrypt20 is already the newest version (1.7.6-2+deb9u3).[0m
avril 30 22:00:31 [0;32m    qemu: libgpg-error0 is already the newest version (1.26-2).[0m
avril 30 22:00:31 [0;32m    qemu: libidn11 is already the newest version (1.33-1).[0m
avril 30 22:00:31 [0;32m    qemu: liblogging-stdlog0 is already the newest version (1.0.5-2+b2).[0m
avril 30 22:00:31 [0;32m    qemu: libpipeline1 is already the newest version (1.4.1-2).[0m
avril 30 22:00:31 [0;32m    qemu: libtasn1-6 is already the newest version (4.10-1.1+deb9u1).[0m
avril 30 22:00:31 [0;32m    qemu: libxml2 is already the newest version (2.9.4+dfsg1-2.2+deb9u2).[0m
avril 30 22:00:31 [0;32m    qemu: libxml2 set to manually installed.[0m
avril 30 22:00:31 [0;32m    qemu: logrotate is already the newest version (3.11.0-0.1).[0m
avril 30 22:00:31 [0;32m    qemu: nano is already the newest version (2.7.4-1).[0m
avril 30 22:00:31 [0;32m    qemu: libncursesw5 is already the newest version (6.0+20161126-1+deb9u2).[0m
avril 30 22:00:31 [0;32m    qemu: ncurses-term is already the newest version (6.0+20161126-1+deb9u2).[0m
avril 30 22:00:31 [0;32m    qemu: ncurses-term set to manually installed.[0m
avril 30 22:00:31 [0;32m    qemu: netbase is already the newest version (5.4).[0m
avril 30 22:00:31 [0;32m    qemu: libnewt0.52 is already the newest version (0.52.19-1+b1).[0m
avril 30 22:00:31 [0;32m    qemu: whiptail is already the newest version (0.52.19-1+b1).[0m
avril 30 22:00:31 [0;32m    qemu: openssh-client is already the newest version (1:7.4p1-10+deb9u6).[0m
avril 30 22:00:31 [0;32m    qemu: openssh-client set to manually installed.[0m
avril 30 22:00:31 [0;32m    qemu: libssl1.1 is already the newest version (1.1.0j-1~deb9u1).[0m
avril 30 22:00:31 [0;32m    qemu: libssl1.0.2 is already the newest version (1.0.2r-1~deb9u1).[0m
avril 30 22:00:31 [0;32m    qemu: libp11-kit0 is already the newest version (0.23.3-2).[0m
avril 30 22:00:31 [0;32m    qemu: libpci3 is already the newest version (1:3.5.2-1).[0m
avril 30 22:00:31 [0;32m    qemu: libpci3 set to manually installed.[0m
avril 30 22:00:31 [0;32m    qemu: pciutils is already the newest version (1:3.5.2-1).[0m
avril 30 22:00:31 [0;32m    qemu: pinentry-curses is already the newest version (1.0.0-2).[0m
avril 30 22:00:31 [0;32m    qemu: libpopt0 is already the newest version (1.16-10+b2).[0m
avril 30 22:00:31 [0;32m    qemu: libprocps6 is already the newest version (2:3.3.12-3+deb9u1).[0m
avril 30 22:00:31 [0;32m    qemu: procps is already the newest version (2:3.3.12-3+deb9u1).[0m
avril 30 22:00:31 [0;32m    qemu: libreadline7 is already the newest version (7.0-3).[0m
avril 30 22:00:31 [0;32m    qemu: readline-common is already the newest version (7.0-3).[0m
avril 30 22:00:31 [0;32m    qemu: rsyslog is already the newest version (8.24.0-1).[0m
avril 30 22:00:31 [0;32m    qemu: wamerican is already the newest version (7.1-1).[0m
avril 30 22:00:31 [0;32m    qemu: wamerican set to manually installed.[0m
avril 30 22:00:31 [0;32m    qemu: libslang2 is already the newest version (2.3.1-5).[0m
avril 30 22:00:31 [0;32m    qemu: libsqlite3-0 is already the newest version (3.16.2-5+deb9u1).[0m
avril 30 22:00:31 [0;32m    qemu: libpam-systemd is already the newest version (232-25+deb9u11).[0m
avril 30 22:00:31 [0;32m    qemu: libpam-systemd set to manually installed.[0m
avril 30 22:00:31 [0;32m    qemu: libudev1 is already the newest version (232-25+deb9u11).[0m
avril 30 22:00:31 [0;32m    qemu: systemd is already the newest version (232-25+deb9u11).[0m
avril 30 22:00:31 [0;32m    qemu: systemd-sysv is already the newest version (232-25+deb9u11).[0m
avril 30 22:00:31 [0;32m    qemu: udev is already the newest version (232-25+deb9u11).[0m
avril 30 22:00:31 [0;32m    qemu: tasksel is already the newest version (3.39).[0m
avril 30 22:00:31 [0;32m    qemu: tasksel-data is already the newest version (3.39).[0m
avril 30 22:00:31 [0;32m    qemu: libwrap0 is already the newest version (7.6.q-26).[0m
avril 30 22:00:31 [0;32m    qemu: libwrap0 set to manually installed.[0m
avril 30 22:00:31 [0;32m    qemu: ucf is already the newest version (3.0036).[0m
avril 30 22:00:31 [0;32m    qemu: ucf set to manually installed.[0m
avril 30 22:00:31 [0;32m    qemu: vim-common is already the newest version (2:8.0.0197-4+deb9u1).[0m
avril 30 22:00:31 [0;32m    qemu: vim-tiny is already the newest version (2:8.0.0197-4+deb9u1).[0m
avril 30 22:00:31 [0;32m    qemu: wget is already the newest version (1.18-5+deb9u3).[0m
avril 30 22:00:31 [0;32m    qemu: libxapian30 is already the newest version (1.4.3-2+deb9u3).[0m
avril 30 22:00:31 [0;32m    qemu: The following additional packages will be installed:[0m
avril 30 22:00:31 [0;32m    qemu:   ca-certificates dh-python distro-info-data geoip-database iso-codes[0m
avril 30 22:00:31 [0;32m    qemu:   libcurl3-gnutls libev4 libgeoip1 libisccc140 libisccfg140 libmpdec2[0m
avril 30 22:00:31 [0;32m    qemu:   libnghttp2-14 libperl5.24 libpython-stdlib libpython2.7-minimal[0m
avril 30 22:00:31 [0;32m    qemu:   libpython2.7-stdlib libpython3-stdlib libpython3.5-minimal[0m
avril 30 22:00:31 [0;32m    qemu:   libpython3.5-stdlib librtmp1 libsasl2-modules libssh2-1 libverto-libev1[0m
avril 30 22:00:31 [0;32m    qemu:   libverto1 lsb-release openssl powermgmt-base python-apt-common[0m
avril 30 22:00:31 [0;32m    qemu:   python2.7-minimal python3 python3-apt python3-chardet python3-debian[0m
avril 30 22:00:31 [0;32m    qemu:   python3-debianbts python3-httplib2 python3-minimal python3-pkg-resources[0m
avril 30 22:00:31 [0;32m    qemu:   python3-pycurl python3-pysimplesoap python3-requests python3-six[0m
avril 30 22:00:31 [0;32m    qemu:   python3-urllib3 python3.5 python3.5-minimal rename[0m
avril 30 22:00:31 [0;32m    qemu: Suggested packages:[0m
avril 30 22:00:31 [0;32m    qemu:   default-mta | mail-transport-agent python3-gi www-browser[0m
avril 30 22:00:31 [0;32m    qemu:   x-terminal-emulator bzip2-doc postscript-viewer libdpkg-perl groff apmd[0m
avril 30 22:00:31 [0;32m    qemu:   isoquery geoip-bin gpm krb5-doc krb5-user libsasl2-modules-gssapi-mit[0m
avril 30 22:00:31 [0;32m    qemu:   | libsasl2-modules-gssapi-heimdal libsasl2-modules-ldap libsasl2-modules-otp[0m
avril 30 22:00:31 [0;32m    qemu:   libsasl2-modules-sql lsb perl-doc libterm-readline-gnu-perl[0m
avril 30 22:00:31 [0;32m    qemu:   | libterm-readline-perl-perl make python-doc python-tk python2.7-doc[0m
avril 30 22:00:31 [0;32m    qemu:   binutils binfmt-support python3-doc python3-tk python3-venv python3-apt-dbg[0m
avril 30 22:00:31 [0;32m    qemu:   python-apt-doc python3-setuptools libcurl4-gnutls-dev python-pycurl-doc[0m
avril 30 22:00:31 [0;32m    qemu:   python3-pycurl-dbg python3-cryptography python3-idna python3-openssl[0m
avril 30 22:00:31 [0;32m    qemu:   python3-socks python3.5-venv python3.5-doc postfix | exim4[0m
avril 30 22:00:31 [0;32m    qemu:   | mail-transport-agent debconf-utils debsums dlocate python3-urwid[0m
avril 30 22:00:31 [0;32m    qemu:   python3-gi-cairo gir1.2-gtk-3.0 gir1.2-vte-2.91 python3-gtkspellcheck[0m
avril 30 22:00:31 [0;32m    qemu:   xdg-utils emacs24-bin-common | emacs25-bin-common claws-mail[0m
avril 30 22:00:31 [0;32m    qemu: The following NEW packages will be installed:[0m
avril 30 22:00:31 [0;32m    qemu:   apt-listchanges bash-completion bind9-host bzip2 ca-certificates debian-faq[0m
avril 30 22:00:31 [0;32m    qemu:   dh-python distro-info-data doc-debian file geoip-database groff-base hdparm[0m
avril 30 22:00:31 [0;32m    qemu:   iso-codes less libasprintf0v5 libbind9-140 libclass-isa-perl libcurl3-gnutls[0m
avril 30 22:00:31 [0;32m    qemu:   libdns162 libev4 libevent-2.0-5 libgc1c2 libgeoip1 libgnutls-openssl27[0m
avril 30 22:00:31 [0;32m    qemu:   libgpm2 libgssglue1 libgssrpc4 libirs141 libisc160 libisccc140 libisccfg140[0m
avril 30 22:00:31 [0;32m    qemu:   libkadm5clnt-mit11 libkadm5srv-mit11 libkdb5-8 libkrad0 libldap-2.4-2[0m
avril 30 22:00:31 [0;32m    qemu:   libldap-common liblockfile-bin liblockfile1 liblwres141 libmagic-mgc[0m
avril 30 22:00:31 [0;32m    qemu:   libmagic1 libmpdec2 libnfsidmap2 libnghttp2-14 libperl5.24 libpython-stdlib[0m
avril 30 22:00:31 [0;32m    qemu:   libpython2.7-minimal libpython2.7-stdlib libpython3-stdlib[0m
avril 30 22:00:31 [0;32m    qemu:   libpython3.5-minimal libpython3.5-stdlib librpcsecgss3 librtmp1 libsasl2-2[0m
avril 30 22:00:31 [0;32m    qemu:   libsasl2-modules libsasl2-modules-db libssh2-1 libswitch-perl libtirpc1[0m
avril 30 22:00:31 [0;32m    qemu:   libtokyocabinet9 libverto-libev1 libverto1 libwgdb0 lsb-release lsof man-db[0m
avril 30 22:00:31 [0;32m    qemu:   manpages mime-support netcat-traditional openssl perl perl-modules-5.24[0m
avril 30 22:00:31 [0;32m    qemu:   powermgmt-base python python-apt-common python-minimal python2.7[0m
avril 30 22:00:31 [0;32m    qemu:   python2.7-minimal python3 python3-apt python3-chardet python3-debian[0m
avril 30 22:00:31 [0;32m    qemu:   python3-debianbts python3-httplib2 python3-minimal python3-pkg-resources[0m
avril 30 22:00:31 [0;32m    qemu:   python3-pycurl python3-pysimplesoap python3-reportbug python3-requests[0m
avril 30 22:00:31 [0;32m    qemu:   python3-six python3-urllib3 python3.5 python3.5-minimal rename reportbug[0m
avril 30 22:00:31 [0;32m    qemu:   telnet traceroute xz-utils[0m
avril 30 22:00:31 [0;32m    qemu: 0 upgraded, 101 newly installed, 0 to remove and 0 not upgraded.[0m
avril 30 22:00:31 [0;32m    qemu: Need to get 33.9 MB of archives.[0m
avril 30 22:00:31 [0;32m    qemu: After this operation, 145 MB of additional disk space will be used.[0m
avril 30 22:00:31 [0;32m    qemu: Get:1 http://deb.debian.org/debian stretch/main amd64 bash-completion all 1:2.1-4.3 [178 kB][0m
avril 30 22:00:31 [0;32m    qemu: Get:2 http://deb.debian.org/debian stretch/main amd64 libgssglue1 amd64 0.4-2 [26.6 kB][0m
avril 30 22:00:31 [0;32m    qemu: Get:3 http://deb.debian.org/debian stretch/main amd64 liblockfile-bin amd64 1.14-1+b1 [19.1 kB][0m
avril 30 22:00:31 [0;32m    qemu: Get:4 http://deb.debian.org/debian stretch/main amd64 liblockfile1 amd64 1.14-1+b1 [15.7 kB][0m
avril 30 22:00:31 [0;32m    qemu: Get:5 http://deb.debian.org/debian stretch/main amd64 groff-base amd64 1.22.3-9 [1,160 kB][0m
avril 30 22:00:32 [0;32m    qemu: Get:6 http://deb.debian.org/debian stretch/main amd64 man-db amd64 2.7.6.1-2 [1,044 kB][0m
avril 30 22:00:32 [0;32m    qemu: Get:7 http://deb.debian.org/debian stretch/main amd64 perl-modules-5.24 all 5.24.1-3+deb9u5 [2,722 kB][0m
avril 30 22:00:33 [0;32m    qemu: Get:8 http://deb.debian.org/debian stretch/main amd64 libperl5.24 amd64 5.24.1-3+deb9u5 [3,501 kB][0m
avril 30 22:00:35 [0;32m    qemu: Get:9 http://deb.debian.org/debian stretch/main amd64 perl amd64 5.24.1-3+deb9u5 [219 kB][0m
avril 30 22:00:35 [0;32m    qemu: Get:10 http://deb.debian.org/debian stretch/main amd64 libpython2.7-minimal amd64 2.7.13-2+deb9u3 [389 kB][0m
avril 30 22:00:35 [0;32m    qemu: Get:11 http://deb.debian.org/debian stretch/main amd64 python2.7-minimal amd64 2.7.13-2+deb9u3 [1,382 kB][0m
avril 30 22:00:35 [0;32m    qemu: Get:12 http://deb.debian.org/debian stretch/main amd64 python-minimal amd64 2.7.13-2 [40.5 kB][0m
avril 30 22:00:35 [0;32m    qemu: Get:13 http://deb.debian.org/debian stretch/main amd64 mime-support all 3.60 [36.7 kB][0m
avril 30 22:00:35 [0;32m    qemu: Get:14 http://deb.debian.org/debian stretch/main amd64 libpython2.7-stdlib amd64 2.7.13-2+deb9u3 [1,897 kB][0m
avril 30 22:00:36 [0;32m    qemu: Get:15 http://deb.debian.org/debian stretch/main amd64 python2.7 amd64 2.7.13-2+deb9u3 [285 kB][0m
avril 30 22:00:36 [0;32m    qemu: Get:16 http://deb.debian.org/debian stretch/main amd64 libpython-stdlib amd64 2.7.13-2 [20.0 kB][0m
avril 30 22:00:36 [0;32m    qemu: Get:17 http://deb.debian.org/debian stretch/main amd64 python amd64 2.7.13-2 [154 kB][0m
avril 30 22:00:36 [0;32m    qemu: Get:18 http://deb.debian.org/debian stretch/main amd64 libpython3.5-minimal amd64 3.5.3-1+deb9u1 [573 kB][0m
avril 30 22:00:36 [0;32m    qemu: Get:19 http://deb.debian.org/debian stretch/main amd64 python3.5-minimal amd64 3.5.3-1+deb9u1 [1,691 kB][0m
avril 30 22:00:37 [0;32m    qemu: Get:20 http://deb.debian.org/debian stretch/main amd64 python3-minimal amd64 3.5.3-1 [35.3 kB][0m
avril 30 22:00:37 [0;32m    qemu: Get:21 http://deb.debian.org/debian stretch/main amd64 libmpdec2 amd64 2.4.2-1 [85.2 kB][0m
avril 30 22:00:37 [0;32m    qemu: Get:22 http://deb.debian.org/debian stretch/main amd64 libpython3.5-stdlib amd64 3.5.3-1+deb9u1 [2,167 kB][0m
avril 30 22:00:38 [0;32m    qemu: Get:23 http://deb.debian.org/debian stretch/main amd64 python3.5 amd64 3.5.3-1+deb9u1 [229 kB][0m
avril 30 22:00:38 [0;32m    qemu: Get:24 http://deb.debian.org/debian stretch/main amd64 libpython3-stdlib amd64 3.5.3-1 [18.6 kB][0m
avril 30 22:00:38 [0;32m    qemu: Get:25 http://deb.debian.org/debian stretch/main amd64 dh-python all 2.20170125 [86.8 kB][0m
avril 30 22:00:38 [0;32m    qemu: Get:26 http://deb.debian.org/debian stretch/main amd64 python3 amd64 3.5.3-1 [21.6 kB][0m
avril 30 22:00:38 [0;32m    qemu: Get:27 http://deb.debian.org/debian stretch/main amd64 python-apt-common all 1.4.0~beta3 [93.0 kB][0m
avril 30 22:00:38 [0;32m    qemu: Get:28 http://deb.debian.org/debian stretch/main amd64 python3-apt amd64 1.4.0~beta3 [170 kB][0m
avril 30 22:00:38 [0;32m    qemu: Get:29 http://deb.debian.org/debian stretch/main amd64 apt-listchanges all 3.10 [120 kB][0m
avril 30 22:00:38 [0;32m    qemu: Get:30 http://deb.debian.org/debian stretch/main amd64 libgeoip1 amd64 1.6.9-4 [90.5 kB][0m
avril 30 22:00:38 [0;32m    qemu: Get:31 http://deb.debian.org/debian stretch/main amd64 libisc160 amd64 1:9.10.3.dfsg.P4-12.3+deb9u4 [398 kB][0m
avril 30 22:00:38 [0;32m    qemu: Get:32 http://deb.debian.org/debian stretch/main amd64 libdns162 amd64 1:9.10.3.dfsg.P4-12.3+deb9u4 [1,077 kB][0m
avril 30 22:00:39 [0;32m    qemu: Get:33 http://deb.debian.org/debian stretch/main amd64 libisccc140 amd64 1:9.10.3.dfsg.P4-12.3+deb9u4 [198 kB][0m
avril 30 22:00:39 [0;32m    qemu: Get:34 http://deb.debian.org/debian stretch/main amd64 libisccfg140 amd64 1:9.10.3.dfsg.P4-12.3+deb9u4 [223 kB][0m
avril 30 22:00:39 [0;32m    qemu: Get:35 http://deb.debian.org/debian stretch/main amd64 libbind9-140 amd64 1:9.10.3.dfsg.P4-12.3+deb9u4 [206 kB][0m
avril 30 22:00:39 [0;32m    qemu: Get:36 http://deb.debian.org/debian stretch/main amd64 liblwres141 amd64 1:9.10.3.dfsg.P4-12.3+deb9u4 [214 kB][0m
avril 30 22:00:39 [0;32m    qemu: Get:37 http://deb.debian.org/debian stretch/main amd64 bind9-host amd64 1:9.10.3.dfsg.P4-12.3+deb9u4 [231 kB][0m
avril 30 22:00:39 [0;32m    qemu: Get:38 http://deb.debian.org/debian stretch/main amd64 bzip2 amd64 1.0.6-8.1 [47.5 kB][0m
avril 30 22:00:39 [0;32m    qemu: Get:39 http://deb.debian.org/debian stretch/main amd64 debian-faq all 8.1 [697 kB][0m
avril 30 22:00:39 [0;32m    qemu: Get:40 http://deb.debian.org/debian stretch/main amd64 doc-debian all 6.4 [137 kB][0m
avril 30 22:00:39 [0;32m    qemu: Get:41 http://deb.debian.org/debian stretch/main amd64 libmagic-mgc amd64 1:5.30-1+deb9u2 [222 kB][0m
avril 30 22:00:39 [0;32m    qemu: Get:42 http://deb.debian.org/debian stretch/main amd64 libmagic1 amd64 1:5.30-1+deb9u2 [111 kB][0m
avril 30 22:00:39 [0;32m    qemu: Get:43 http://deb.debian.org/debian stretch/main amd64 file amd64 1:5.30-1+deb9u2 [64.1 kB][0m
avril 30 22:00:39 [0;32m    qemu: Get:44 http://deb.debian.org/debian stretch/main amd64 hdparm amd64 9.51+ds-1+deb9u1 [112 kB][0m
avril 30 22:00:39 [0;32m    qemu: Get:45 http://deb.debian.org/debian stretch/main amd64 less amd64 481-2.1 [126 kB][0m
avril 30 22:00:39 [0;32m    qemu: Get:46 http://deb.debian.org/debian stretch/main amd64 libasprintf0v5 amd64 0.19.8.1-2 [29.1 kB][0m
avril 30 22:00:40 [0;32m    qemu: Get:47 http://deb.debian.org/debian stretch/main amd64 libclass-isa-perl all 0.36-5 [10.1 kB][0m
avril 30 22:00:40 [0;32m    qemu: Get:48 http://deb.debian.org/debian stretch/main amd64 libevent-2.0-5 amd64 2.0.21-stable-3 [152 kB][0m
avril 30 22:00:40 [0;32m    qemu: Get:49 http://deb.debian.org/debian stretch/main amd64 libgc1c2 amd64 1:7.4.2-8 [208 kB][0m
avril 30 22:00:40 [0;32m    qemu: Get:50 http://deb.debian.org/debian stretch/main amd64 libgnutls-openssl27 amd64 3.5.8-5+deb9u4 [185 kB][0m
avril 30 22:00:40 [0;32m    qemu: Get:51 http://deb.debian.org/debian stretch/main amd64 libgpm2 amd64 1.20.4-6.2+b1 [34.2 kB][0m
avril 30 22:00:40 [0;32m    qemu: Get:52 http://deb.debian.org/debian stretch/main amd64 libgssrpc4 amd64 1.15-1+deb9u1 [89.2 kB][0m
avril 30 22:00:40 [0;32m    qemu: Get:53 http://deb.debian.org/debian stretch/main amd64 libirs141 amd64 1:9.10.3.dfsg.P4-12.3+deb9u4 [200 kB][0m
avril 30 22:00:40 [0;32m    qemu: Get:54 http://deb.debian.org/debian stretch/main amd64 libkadm5clnt-mit11 amd64 1.15-1+deb9u1 [72.1 kB][0m
avril 30 22:00:40 [0;32m    qemu: Get:55 http://deb.debian.org/debian stretch/main amd64 libkdb5-8 amd64 1.15-1+deb9u1 [71.2 kB][0m
avril 30 22:00:40 [0;32m    qemu: Get:56 http://deb.debian.org/debian stretch/main amd64 libkadm5srv-mit11 amd64 1.15-1+deb9u1 [86.3 kB][0m
avril 30 22:00:40 [0;32m    qemu: Get:57 http://deb.debian.org/debian stretch/main amd64 libev4 amd64 1:4.22-1+b1 [38.2 kB][0m
avril 30 22:00:40 [0;32m    qemu: Get:58 http://deb.debian.org/debian stretch/main amd64 libverto-libev1 amd64 0.2.4-2.1 [6,040 B][0m
avril 30 22:00:40 [0;32m    qemu: Get:59 http://deb.debian.org/debian stretch/main amd64 libverto1 amd64 0.2.4-2.1 [10.3 kB][0m
avril 30 22:00:40 [0;32m    qemu: Get:60 http://deb.debian.org/debian stretch/main amd64 libkrad0 amd64 1.15-1+deb9u1 [55.6 kB][0m
avril 30 22:00:40 [0;32m    qemu: Get:61 http://deb.debian.org/debian stretch/main amd64 libsasl2-modules-db amd64 2.1.27~101-g0780600+dfsg-3 [68.2 kB][0m
avril 30 22:00:40 [0;32m    qemu: Get:62 http://deb.debian.org/debian stretch/main amd64 libsasl2-2 amd64 2.1.27~101-g0780600+dfsg-3 [105 kB][0m
avril 30 22:00:40 [0;32m    qemu: Get:63 http://deb.debian.org/debian stretch/main amd64 libldap-common all 2.4.44+dfsg-5+deb9u2 [85.5 kB][0m
avril 30 22:00:40 [0;32m    qemu: Get:64 http://deb.debian.org/debian stretch/main amd64 libldap-2.4-2 amd64 2.4.44+dfsg-5+deb9u2 [219 kB][0m
avril 30 22:00:40 [0;32m    qemu: Get:65 http://deb.debian.org/debian stretch/main amd64 libnfsidmap2 amd64 0.25-5.1 [32.0 kB][0m
avril 30 22:00:40 [0;32m    qemu: Get:66 http://deb.debian.org/debian stretch/main amd64 librpcsecgss3 amd64 0.19-7+b2 [32.6 kB][0m
avril 30 22:00:40 [0;32m    qemu: Get:67 http://deb.debian.org/debian stretch/main amd64 libswitch-perl all 2.17-2 [20.5 kB][0m
avril 30 22:00:40 [0;32m    qemu: Get:68 http://deb.debian.org/debian stretch/main amd64 libtirpc1 amd64 0.2.5-1.2+deb9u1 [80.6 kB][0m
avril 30 22:00:41 [0;32m    qemu: Get:69 http://deb.debian.org/debian stretch/main amd64 libtokyocabinet9 amd64 1.4.48-11+b1 [367 kB][0m
avril 30 22:00:41 [0;32m    qemu: Get:70 http://deb.debian.org/debian stretch/main amd64 libwgdb0 amd64 0.7.3-2+b2 [65.5 kB][0m
avril 30 22:00:41 [0;32m    qemu: Get:71 http://deb.debian.org/debian stretch/main amd64 lsof amd64 4.89+dfsg-0.1 [313 kB][0m
avril 30 22:00:41 [0;32m    qemu: Get:72 http://deb.debian.org/debian stretch/main amd64 manpages all 4.10-2 [1,222 kB][0m
avril 30 22:00:41 [0;32m    qemu: Get:73 http://deb.debian.org/debian stretch/main amd64 netcat-traditional amd64 1.10-41+b1 [67.0 kB][0m
avril 30 22:00:41 [0;32m    qemu: Get:74 http://deb.debian.org/debian stretch/main amd64 python3-pkg-resources all 33.1.1-1 [137 kB][0m
avril 30 22:00:41 [0;32m    qemu: Get:75 http://deb.debian.org/debian stretch/main amd64 python3-chardet all 2.3.0-2 [96.0 kB][0m
avril 30 22:00:41 [0;32m    qemu: Get:76 http://deb.debian.org/debian stretch/main amd64 python3-six all 1.10.0-3 [14.4 kB][0m
avril 30 22:00:41 [0;32m    qemu: Get:77 http://deb.debian.org/debian stretch/main amd64 python3-debian all 0.1.30 [72.6 kB][0m
avril 30 22:00:41 [0;32m    qemu: Get:78 http://deb.debian.org/debian stretch/main amd64 openssl amd64 1.1.0j-1~deb9u1 [746 kB][0m
avril 30 22:00:42 [0;32m    qemu: Get:79 http://deb.debian.org/debian stretch/main amd64 ca-certificates all 20161130+nmu1+deb9u1 [182 kB][0m
avril 30 22:00:42 [0;32m    qemu: Get:80 http://deb.debian.org/debian stretch/main amd64 python3-httplib2 all 0.9.2+dfsg-1 [33.6 kB][0m
avril 30 22:00:42 [0;32m    qemu: Get:81 http://deb.debian.org/debian stretch/main amd64 libnghttp2-14 amd64 1.18.1-1 [79.1 kB][0m
avril 30 22:00:42 [0;32m    qemu: Get:82 http://deb.debian.org/debian stretch/main amd64 librtmp1 amd64 2.4+20151223.gitfa8646d.1-1+b1 [60.4 kB][0m
avril 30 22:00:42 [0;32m    qemu: Get:83 http://deb.debian.org/debian stretch/main amd64 libssh2-1 amd64 1.7.0-1+deb9u1 [139 kB][0m
avril 30 22:00:42 [0;32m    qemu: Get:84 http://deb.debian.org/debian stretch/main amd64 libcurl3-gnutls amd64 7.52.1-5+deb9u9 [290 kB][0m
avril 30 22:00:42 [0;32m    qemu: Get:85 http://deb.debian.org/debian stretch/main amd64 python3-pycurl amd64 7.43.0-2 [61.3 kB][0m
avril 30 22:00:42 [0;32m    qemu: Get:86 http://deb.debian.org/debian stretch/main amd64 python3-pysimplesoap all 1.16-2 [38.4 kB][0m
avril 30 22:00:42 [0;32m    qemu: Get:87 http://deb.debian.org/debian stretch/main amd64 python3-debianbts all 2.6.1 [11.3 kB][0m
avril 30 22:00:42 [0;32m    qemu: Get:88 http://deb.debian.org/debian stretch/main amd64 python3-urllib3 all 1.19.1-1 [77.6 kB][0m
avril 30 22:00:42 [0;32m    qemu: Get:89 http://deb.debian.org/debian stretch/main amd64 python3-requests all 2.12.4-1 [101 kB][0m
avril 30 22:00:42 [0;32m    qemu: Get:90 http://deb.debian.org/debian stretch/main amd64 python3-reportbug all 7.1.7+deb9u2 [130 kB][0m
avril 30 22:00:42 [0;32m    qemu: Get:91 http://deb.debian.org/debian stretch/main amd64 reportbug all 7.1.7+deb9u2 [128 kB][0m
avril 30 22:00:42 [0;32m    qemu: Get:92 http://deb.debian.org/debian stretch/main amd64 telnet amd64 0.17-41 [72.0 kB][0m
avril 30 22:00:43 [0;32m    qemu: Get:93 http://deb.debian.org/debian stretch/main amd64 traceroute amd64 1:2.1.0-2 [55.3 kB][0m
avril 30 22:00:43 [0;32m    qemu: Get:94 http://deb.debian.org/debian stretch/main amd64 xz-utils amd64 5.2.2-1.2+b1 [266 kB][0m
avril 30 22:00:43 [0;32m    qemu: Get:95 http://deb.debian.org/debian stretch/main amd64 distro-info-data all 0.36 [5,810 B][0m
avril 30 22:00:43 [0;32m    qemu: Get:96 http://deb.debian.org/debian stretch/main amd64 geoip-database all 20170512-1 [2,112 kB][0m
avril 30 22:00:44 [0;32m    qemu: Get:97 http://deb.debian.org/debian stretch/main amd64 iso-codes all 3.75-1 [2,389 kB][0m
avril 30 22:00:44 [0;32m    qemu: Get:98 http://deb.debian.org/debian stretch/main amd64 libsasl2-modules amd64 2.1.27~101-g0780600+dfsg-3 [102 kB][0m
avril 30 22:00:45 [0;32m    qemu: Get:99 http://deb.debian.org/debian stretch/main amd64 lsb-release all 9.20161125 [27.1 kB][0m
avril 30 22:00:45 [0;32m    qemu: Get:100 http://deb.debian.org/debian stretch/main amd64 powermgmt-base all 1.31+nmu1 [9,240 B][0m
avril 30 22:00:45 [0;32m    qemu: Get:101 http://deb.debian.org/debian stretch/main amd64 rename all 0.20-4 [12.5 kB][0m
avril 30 22:00:45 [0;32m    qemu: Extracting templates from packages: 100%[0m
avril 30 22:00:45 [0;32m    qemu: Preconfiguring packages ...[0m
avril 30 22:00:45 [0;32m    qemu: Deferring configuration of apt-listchanges until python3 is available[0m
avril 30 22:00:45 [0;32m    qemu: Fetched 33.9 MB in 13s (2,471 kB/s)[0m
avril 30 22:00:45 [0;32m    qemu: Selecting previously unselected package bash-completion.[0m
avril 30 22:00:45 [0;32m    qemu: (Reading database ... 24127 files and directories currently installed.)[0m
avril 30 22:00:45 [0;32m    qemu: Preparing to unpack .../00-bash-completion_1%3a2.1-4.3_all.deb ...[0m
avril 30 22:00:46 [0;32m    qemu: Unpacking bash-completion (1:2.1-4.3) ...[0m
avril 30 22:00:46 [0;32m    qemu: Selecting previously unselected package libgssglue1:amd64.[0m
avril 30 22:00:46 [0;32m    qemu: Preparing to unpack .../01-libgssglue1_0.4-2_amd64.deb ...[0m
avril 30 22:00:46 [0;32m    qemu: Unpacking libgssglue1:amd64 (0.4-2) ...[0m
avril 30 22:00:46 [0;32m    qemu: Selecting previously unselected package liblockfile-bin.[0m
avril 30 22:00:46 [0;32m    qemu: Preparing to unpack .../02-liblockfile-bin_1.14-1+b1_amd64.deb ...[0m
avril 30 22:00:46 [0;32m    qemu: Unpacking liblockfile-bin (1.14-1+b1) ...[0m
avril 30 22:00:46 [0;32m    qemu: Selecting previously unselected package liblockfile1:amd64.[0m
avril 30 22:00:46 [0;32m    qemu: Preparing to unpack .../03-liblockfile1_1.14-1+b1_amd64.deb ...[0m
avril 30 22:00:46 [0;32m    qemu: Unpacking liblockfile1:amd64 (1.14-1+b1) ...[0m
avril 30 22:00:46 [0;32m    qemu: Selecting previously unselected package groff-base.[0m
avril 30 22:00:46 [0;32m    qemu: Preparing to unpack .../04-groff-base_1.22.3-9_amd64.deb ...[0m
avril 30 22:00:46 [0;32m    qemu: Unpacking groff-base (1.22.3-9) ...[0m
avril 30 22:00:47 [0;32m    qemu: Selecting previously unselected package man-db.[0m
avril 30 22:00:47 [0;32m    qemu: Preparing to unpack .../05-man-db_2.7.6.1-2_amd64.deb ...[0m
avril 30 22:00:47 [0;32m    qemu: Unpacking man-db (2.7.6.1-2) ...[0m
avril 30 22:00:47 [0;32m    qemu: Selecting previously unselected package perl-modules-5.24.[0m
avril 30 22:00:47 [0;32m    qemu: Preparing to unpack .../06-perl-modules-5.24_5.24.1-3+deb9u5_all.deb ...[0m
avril 30 22:00:47 [0;32m    qemu: Unpacking perl-modules-5.24 (5.24.1-3+deb9u5) ...[0m
avril 30 22:00:48 [0;32m    qemu: Selecting previously unselected package libperl5.24:amd64.[0m
avril 30 22:00:48 [0;32m    qemu: Preparing to unpack .../07-libperl5.24_5.24.1-3+deb9u5_amd64.deb ...[0m
avril 30 22:00:48 [0;32m    qemu: Unpacking libperl5.24:amd64 (5.24.1-3+deb9u5) ...[0m
avril 30 22:00:49 [0;32m    qemu: Selecting previously unselected package perl.[0m
avril 30 22:00:49 [0;32m    qemu: Preparing to unpack .../08-perl_5.24.1-3+deb9u5_amd64.deb ...[0m
avril 30 22:00:49 [0;32m    qemu: Unpacking perl (5.24.1-3+deb9u5) ...[0m
avril 30 22:00:50 [0;32m    qemu: Selecting previously unselected package libpython2.7-minimal:amd64.[0m
avril 30 22:00:50 [0;32m    qemu: Preparing to unpack .../09-libpython2.7-minimal_2.7.13-2+deb9u3_amd64.deb ...[0m
avril 30 22:00:50 [0;32m    qemu: Unpacking libpython2.7-minimal:amd64 (2.7.13-2+deb9u3) ...[0m
avril 30 22:00:50 [0;32m    qemu: Selecting previously unselected package python2.7-minimal.[0m
avril 30 22:00:50 [0;32m    qemu: Preparing to unpack .../10-python2.7-minimal_2.7.13-2+deb9u3_amd64.deb ...[0m
avril 30 22:00:50 [0;32m    qemu: Unpacking python2.7-minimal (2.7.13-2+deb9u3) ...[0m
avril 30 22:00:50 [0;32m    qemu: Selecting previously unselected package python-minimal.[0m
avril 30 22:00:50 [0;32m    qemu: Preparing to unpack .../11-python-minimal_2.7.13-2_amd64.deb ...[0m
avril 30 22:00:50 [0;32m    qemu: Unpacking python-minimal (2.7.13-2) ...[0m
avril 30 22:00:51 [0;32m    qemu: Selecting previously unselected package mime-support.[0m
avril 30 22:00:51 [0;32m    qemu: Preparing to unpack .../12-mime-support_3.60_all.deb ...[0m
avril 30 22:00:51 [0;32m    qemu: Unpacking mime-support (3.60) ...[0m
avril 30 22:00:51 [0;32m    qemu: Selecting previously unselected package libpython2.7-stdlib:amd64.[0m
avril 30 22:00:51 [0;32m    qemu: Preparing to unpack .../13-libpython2.7-stdlib_2.7.13-2+deb9u3_amd64.deb ...[0m
avril 30 22:00:51 [0;32m    qemu: Unpacking libpython2.7-stdlib:amd64 (2.7.13-2+deb9u3) ...[0m
avril 30 22:00:51 [0;32m    qemu: Selecting previously unselected package python2.7.[0m
avril 30 22:00:51 [0;32m    qemu: Preparing to unpack .../14-python2.7_2.7.13-2+deb9u3_amd64.deb ...[0m
avril 30 22:00:51 [0;32m    qemu: Unpacking python2.7 (2.7.13-2+deb9u3) ...[0m
avril 30 22:00:52 [0;32m    qemu: Selecting previously unselected package libpython-stdlib:amd64.[0m
avril 30 22:00:52 [0;32m    qemu: Preparing to unpack .../15-libpython-stdlib_2.7.13-2_amd64.deb ...[0m
avril 30 22:00:52 [0;32m    qemu: Unpacking libpython-stdlib:amd64 (2.7.13-2) ...[0m
avril 30 22:00:52 [0;32m    qemu: Setting up libpython2.7-minimal:amd64 (2.7.13-2+deb9u3) ...[0m
avril 30 22:00:52 [0;32m    qemu: Setting up python2.7-minimal (2.7.13-2+deb9u3) ...[0m
avril 30 22:00:52 [0;32m    qemu: Linking and byte-compiling packages for runtime python2.7...[0m
avril 30 22:00:52 [0;32m    qemu: Setting up python-minimal (2.7.13-2) ...[0m
avril 30 22:00:52 [0;32m    qemu: Selecting previously unselected package python.[0m
avril 30 22:00:52 [0;32m    qemu: (Reading database ... 27749 files and directories currently installed.)[0m
avril 30 22:00:52 [0;32m    qemu: Preparing to unpack .../0-python_2.7.13-2_amd64.deb ...[0m
avril 30 22:00:52 [0;32m    qemu: Unpacking python (2.7.13-2) ...[0m
avril 30 22:00:53 [0;32m    qemu: Selecting previously unselected package libpython3.5-minimal:amd64.[0m
avril 30 22:00:53 [0;32m    qemu: Preparing to unpack .../1-libpython3.5-minimal_3.5.3-1+deb9u1_amd64.deb ...[0m
avril 30 22:00:53 [0;32m    qemu: Unpacking libpython3.5-minimal:amd64 (3.5.3-1+deb9u1) ...[0m
avril 30 22:00:53 [0;32m    qemu: Selecting previously unselected package python3.5-minimal.[0m
avril 30 22:00:53 [0;32m    qemu: Preparing to unpack .../2-python3.5-minimal_3.5.3-1+deb9u1_amd64.deb ...[0m
avril 30 22:00:53 [0;32m    qemu: Unpacking python3.5-minimal (3.5.3-1+deb9u1) ...[0m
avril 30 22:00:53 [0;32m    qemu: Selecting previously unselected package python3-minimal.[0m
avril 30 22:00:53 [0;32m    qemu: Preparing to unpack .../3-python3-minimal_3.5.3-1_amd64.deb ...[0m
avril 30 22:00:53 [0;32m    qemu: Unpacking python3-minimal (3.5.3-1) ...[0m
avril 30 22:00:53 [0;32m    qemu: Selecting previously unselected package libmpdec2:amd64.[0m
avril 30 22:00:53 [0;32m    qemu: Preparing to unpack .../4-libmpdec2_2.4.2-1_amd64.deb ...[0m
avril 30 22:00:53 [0;32m    qemu: Unpacking libmpdec2:amd64 (2.4.2-1) ...[0m
avril 30 22:00:54 [0;32m    qemu: Selecting previously unselected package libpython3.5-stdlib:amd64.[0m
avril 30 22:00:54 [0;32m    qemu: Preparing to unpack .../5-libpython3.5-stdlib_3.5.3-1+deb9u1_amd64.deb ...[0m
avril 30 22:00:54 [0;32m    qemu: Unpacking libpython3.5-stdlib:amd64 (3.5.3-1+deb9u1) ...[0m
avril 30 22:00:54 [0;32m    qemu: Selecting previously unselected package python3.5.[0m
avril 30 22:00:54 [0;32m    qemu: Preparing to unpack .../6-python3.5_3.5.3-1+deb9u1_amd64.deb ...[0m
avril 30 22:00:54 [0;32m    qemu: Unpacking python3.5 (3.5.3-1+deb9u1) ...[0m
avril 30 22:00:54 [0;32m    qemu: Selecting previously unselected package libpython3-stdlib:amd64.[0m
avril 30 22:00:54 [0;32m    qemu: Preparing to unpack .../7-libpython3-stdlib_3.5.3-1_amd64.deb ...[0m
avril 30 22:00:54 [0;32m    qemu: Unpacking libpython3-stdlib:amd64 (3.5.3-1) ...[0m
avril 30 22:00:54 [0;32m    qemu: Selecting previously unselected package dh-python.[0m
avril 30 22:00:54 [0;32m    qemu: Preparing to unpack .../8-dh-python_2.20170125_all.deb ...[0m
avril 30 22:00:54 [0;32m    qemu: Unpacking dh-python (2.20170125) ...[0m
avril 30 22:00:55 [0;32m    qemu: Setting up libpython3.5-minimal:amd64 (3.5.3-1+deb9u1) ...[0m
avril 30 22:00:55 [0;32m    qemu: Setting up python3.5-minimal (3.5.3-1+deb9u1) ...[0m
avril 30 22:00:55 [0;32m    qemu: Setting up python3-minimal (3.5.3-1) ...[0m
avril 30 22:00:55 [0;32m    qemu: Selecting previously unselected package python3.[0m
avril 30 22:00:56 [0;32m    qemu: (Reading database ... 28720 files and directories currently installed.)[0m
avril 30 22:00:56 [0;32m    qemu: Preparing to unpack .../00-python3_3.5.3-1_amd64.deb ...[0m
avril 30 22:00:56 [0;32m    qemu: Unpacking python3 (3.5.3-1) ...[0m
avril 30 22:00:56 [0;32m    qemu: Selecting previously unselected package python-apt-common.[0m
avril 30 22:00:56 [0;32m    qemu: Preparing to unpack .../01-python-apt-common_1.4.0~beta3_all.deb ...[0m
avril 30 22:00:56 [0;32m    qemu: Unpacking python-apt-common (1.4.0~beta3) ...[0m
avril 30 22:00:56 [0;32m    qemu: Selecting previously unselected package python3-apt.[0m
avril 30 22:00:56 [0;32m    qemu: Preparing to unpack .../02-python3-apt_1.4.0~beta3_amd64.deb ...[0m
avril 30 22:00:56 [0;32m    qemu: Unpacking python3-apt (1.4.0~beta3) ...[0m
avril 30 22:00:56 [0;32m    qemu: Selecting previously unselected package apt-listchanges.[0m
avril 30 22:00:56 [0;32m    qemu: Preparing to unpack .../03-apt-listchanges_3.10_all.deb ...[0m
avril 30 22:00:56 [0;32m    qemu: Unpacking apt-listchanges (3.10) ...[0m
avril 30 22:00:56 [0;32m    qemu: Selecting previously unselected package libgeoip1:amd64.[0m
avril 30 22:00:56 [0;32m    qemu: Preparing to unpack .../04-libgeoip1_1.6.9-4_amd64.deb ...[0m
avril 30 22:00:56 [0;32m    qemu: Unpacking libgeoip1:amd64 (1.6.9-4) ...[0m
avril 30 22:00:56 [0;32m    qemu: Selecting previously unselected package libisc160:amd64.[0m
avril 30 22:00:56 [0;32m    qemu: Preparing to unpack .../05-libisc160_1%3a9.10.3.dfsg.P4-12.3+deb9u4_amd64.deb ...[0m
avril 30 22:00:56 [0;32m    qemu: Unpacking libisc160:amd64 (1:9.10.3.dfsg.P4-12.3+deb9u4) ...[0m
avril 30 22:00:57 [0;32m    qemu: Selecting previously unselected package libdns162:amd64.[0m
avril 30 22:00:57 [0;32m    qemu: Preparing to unpack .../06-libdns162_1%3a9.10.3.dfsg.P4-12.3+deb9u4_amd64.deb ...[0m
avril 30 22:00:57 [0;32m    qemu: Unpacking libdns162:amd64 (1:9.10.3.dfsg.P4-12.3+deb9u4) ...[0m
avril 30 22:00:57 [0;32m    qemu: Selecting previously unselected package libisccc140:amd64.[0m
avril 30 22:00:57 [0;32m    qemu: Preparing to unpack .../07-libisccc140_1%3a9.10.3.dfsg.P4-12.3+deb9u4_amd64.deb ...[0m
avril 30 22:00:57 [0;32m    qemu: Unpacking libisccc140:amd64 (1:9.10.3.dfsg.P4-12.3+deb9u4) ...[0m
avril 30 22:00:57 [0;32m    qemu: Selecting previously unselected package libisccfg140:amd64.[0m
avril 30 22:00:57 [0;32m    qemu: Preparing to unpack .../08-libisccfg140_1%3a9.10.3.dfsg.P4-12.3+deb9u4_amd64.deb ...[0m
avril 30 22:00:57 [0;32m    qemu: Unpacking libisccfg140:amd64 (1:9.10.3.dfsg.P4-12.3+deb9u4) ...[0m
avril 30 22:00:57 [0;32m    qemu: Selecting previously unselected package libbind9-140:amd64.[0m
avril 30 22:00:57 [0;32m    qemu: Preparing to unpack .../09-libbind9-140_1%3a9.10.3.dfsg.P4-12.3+deb9u4_amd64.deb ...[0m
avril 30 22:00:57 [0;32m    qemu: Unpacking libbind9-140:amd64 (1:9.10.3.dfsg.P4-12.3+deb9u4) ...[0m
avril 30 22:00:57 [0;32m    qemu: Selecting previously unselected package liblwres141:amd64.[0m
avril 30 22:00:57 [0;32m    qemu: Preparing to unpack .../10-liblwres141_1%3a9.10.3.dfsg.P4-12.3+deb9u4_amd64.deb ...[0m
avril 30 22:00:57 [0;32m    qemu: Unpacking liblwres141:amd64 (1:9.10.3.dfsg.P4-12.3+deb9u4) ...[0m
avril 30 22:00:58 [0;32m    qemu: Selecting previously unselected package bind9-host.[0m
avril 30 22:00:58 [0;32m    qemu: Preparing to unpack .../11-bind9-host_1%3a9.10.3.dfsg.P4-12.3+deb9u4_amd64.deb ...[0m
avril 30 22:00:58 [0;32m    qemu: Unpacking bind9-host (1:9.10.3.dfsg.P4-12.3+deb9u4) ...[0m
avril 30 22:00:58 [0;32m    qemu: Selecting previously unselected package bzip2.[0m
avril 30 22:00:58 [0;32m    qemu: Preparing to unpack .../12-bzip2_1.0.6-8.1_amd64.deb ...[0m
avril 30 22:00:58 [0;32m    qemu: Unpacking bzip2 (1.0.6-8.1) ...[0m
avril 30 22:00:58 [0;32m    qemu: Selecting previously unselected package debian-faq.[0m
avril 30 22:00:58 [0;32m    qemu: Preparing to unpack .../13-debian-faq_8.1_all.deb ...[0m
avril 30 22:00:58 [0;32m    qemu: Unpacking debian-faq (8.1) ...[0m
avril 30 22:00:58 [0;32m    qemu: Selecting previously unselected package doc-debian.[0m
avril 30 22:00:58 [0;32m    qemu: Preparing to unpack .../14-doc-debian_6.4_all.deb ...[0m
avril 30 22:00:58 [0;32m    qemu: Unpacking doc-debian (6.4) ...[0m
avril 30 22:00:58 [0;32m    qemu: Selecting previously unselected package libmagic-mgc.[0m
avril 30 22:00:58 [0;32m    qemu: Preparing to unpack .../15-libmagic-mgc_1%3a5.30-1+deb9u2_amd64.deb ...[0m
avril 30 22:00:58 [0;32m    qemu: Unpacking libmagic-mgc (1:5.30-1+deb9u2) ...[0m
avril 30 22:00:58 [0;32m    qemu: Selecting previously unselected package libmagic1:amd64.[0m
avril 30 22:00:58 [0;32m    qemu: Preparing to unpack .../16-libmagic1_1%3a5.30-1+deb9u2_amd64.deb ...[0m
avril 30 22:00:58 [0;32m    qemu: Unpacking libmagic1:amd64 (1:5.30-1+deb9u2) ...[0m
avril 30 22:00:58 [0;32m    qemu: Selecting previously unselected package file.[0m
avril 30 22:00:58 [0;32m    qemu: Preparing to unpack .../17-file_1%3a5.30-1+deb9u2_amd64.deb ...[0m
avril 30 22:00:59 [0;32m    qemu: Unpacking file (1:5.30-1+deb9u2) ...[0m
avril 30 22:00:59 [0;32m    qemu: Selecting previously unselected package hdparm.[0m
avril 30 22:00:59 [0;32m    qemu: Preparing to unpack .../18-hdparm_9.51+ds-1+deb9u1_amd64.deb ...[0m
avril 30 22:00:59 [0;32m    qemu: Unpacking hdparm (9.51+ds-1+deb9u1) ...[0m
avril 30 22:00:59 [0;32m    qemu: Selecting previously unselected package less.[0m
avril 30 22:00:59 [0;32m    qemu: Preparing to unpack .../19-less_481-2.1_amd64.deb ...[0m
avril 30 22:00:59 [0;32m    qemu: Unpacking less (481-2.1) ...[0m
avril 30 22:00:59 [0;32m    qemu: Selecting previously unselected package libasprintf0v5:amd64.[0m
avril 30 22:00:59 [0;32m    qemu: Preparing to unpack .../20-libasprintf0v5_0.19.8.1-2_amd64.deb ...[0m
avril 30 22:00:59 [0;32m    qemu: Unpacking libasprintf0v5:amd64 (0.19.8.1-2) ...[0m
avril 30 22:00:59 [0;32m    qemu: Selecting previously unselected package libclass-isa-perl.[0m
avril 30 22:00:59 [0;32m    qemu: Preparing to unpack .../21-libclass-isa-perl_0.36-5_all.deb ...[0m
avril 30 22:00:59 [0;32m    qemu: Unpacking libclass-isa-perl (0.36-5) ...[0m
avril 30 22:00:59 [0;32m    qemu: Selecting previously unselected package libevent-2.0-5:amd64.[0m
avril 30 22:00:59 [0;32m    qemu: Preparing to unpack .../22-libevent-2.0-5_2.0.21-stable-3_amd64.deb ...[0m
avril 30 22:00:59 [0;32m    qemu: Unpacking libevent-2.0-5:amd64 (2.0.21-stable-3) ...[0m
avril 30 22:00:59 [0;32m    qemu: Selecting previously unselected package libgc1c2:amd64.[0m
avril 30 22:00:59 [0;32m    qemu: Preparing to unpack .../23-libgc1c2_1%3a7.4.2-8_amd64.deb ...[0m
avril 30 22:00:59 [0;32m    qemu: Unpacking libgc1c2:amd64 (1:7.4.2-8) ...[0m
avril 30 22:01:00 [0;32m    qemu: Selecting previously unselected package libgnutls-openssl27:amd64.[0m
avril 30 22:01:00 [0;32m    qemu: Preparing to unpack .../24-libgnutls-openssl27_3.5.8-5+deb9u4_amd64.deb ...[0m
avril 30 22:01:00 [0;32m    qemu: Unpacking libgnutls-openssl27:amd64 (3.5.8-5+deb9u4) ...[0m
avril 30 22:01:00 [0;32m    qemu: Selecting previously unselected package libgpm2:amd64.[0m
avril 30 22:01:00 [0;32m    qemu: Preparing to unpack .../25-libgpm2_1.20.4-6.2+b1_amd64.deb ...[0m
avril 30 22:01:00 [0;32m    qemu: Unpacking libgpm2:amd64 (1.20.4-6.2+b1) ...[0m
avril 30 22:01:00 [0;32m    qemu: Selecting previously unselected package libgssrpc4:amd64.[0m
avril 30 22:01:00 [0;32m    qemu: Preparing to unpack .../26-libgssrpc4_1.15-1+deb9u1_amd64.deb ...[0m
avril 30 22:01:00 [0;32m    qemu: Unpacking libgssrpc4:amd64 (1.15-1+deb9u1) ...[0m
avril 30 22:01:00 [0;32m    qemu: Selecting previously unselected package libirs141:amd64.[0m
avril 30 22:01:00 [0;32m    qemu: Preparing to unpack .../27-libirs141_1%3a9.10.3.dfsg.P4-12.3+deb9u4_amd64.deb ...[0m
avril 30 22:01:00 [0;32m    qemu: Unpacking libirs141:amd64 (1:9.10.3.dfsg.P4-12.3+deb9u4) ...[0m
avril 30 22:01:00 [0;32m    qemu: Selecting previously unselected package libkadm5clnt-mit11:amd64.[0m
avril 30 22:01:00 [0;32m    qemu: Preparing to unpack .../28-libkadm5clnt-mit11_1.15-1+deb9u1_amd64.deb ...[0m
avril 30 22:01:00 [0;32m    qemu: Unpacking libkadm5clnt-mit11:amd64 (1.15-1+deb9u1) ...[0m
avril 30 22:01:00 [0;32m    qemu: Selecting previously unselected package libkdb5-8:amd64.[0m
avril 30 22:01:00 [0;32m    qemu: Preparing to unpack .../29-libkdb5-8_1.15-1+deb9u1_amd64.deb ...[0m
avril 30 22:01:00 [0;32m    qemu: Unpacking libkdb5-8:amd64 (1.15-1+deb9u1) ...[0m
avril 30 22:01:00 [0;32m    qemu: Selecting previously unselected package libkadm5srv-mit11:amd64.[0m
avril 30 22:01:00 [0;32m    qemu: Preparing to unpack .../30-libkadm5srv-mit11_1.15-1+deb9u1_amd64.deb ...[0m
avril 30 22:01:00 [0;32m    qemu: Unpacking libkadm5srv-mit11:amd64 (1.15-1+deb9u1) ...[0m
avril 30 22:01:00 [0;32m    qemu: Selecting previously unselected package libev4.[0m
avril 30 22:01:00 [0;32m    qemu: Preparing to unpack .../31-libev4_1%3a4.22-1+b1_amd64.deb ...[0m
avril 30 22:01:00 [0;32m    qemu: Unpacking libev4 (1:4.22-1+b1) ...[0m
avril 30 22:01:01 [0;32m    qemu: Selecting previously unselected package libverto-libev1:amd64.[0m
avril 30 22:01:01 [0;32m    qemu: Preparing to unpack .../32-libverto-libev1_0.2.4-2.1_amd64.deb ...[0m
avril 30 22:01:01 [0;32m    qemu: Unpacking libverto-libev1:amd64 (0.2.4-2.1) ...[0m
avril 30 22:01:01 [0;32m    qemu: Selecting previously unselected package libverto1:amd64.[0m
avril 30 22:01:01 [0;32m    qemu: Preparing to unpack .../33-libverto1_0.2.4-2.1_amd64.deb ...[0m
avril 30 22:01:01 [0;32m    qemu: Unpacking libverto1:amd64 (0.2.4-2.1) ...[0m
avril 30 22:01:01 [0;32m    qemu: Selecting previously unselected package libkrad0:amd64.[0m
avril 30 22:01:01 [0;32m    qemu: Preparing to unpack .../34-libkrad0_1.15-1+deb9u1_amd64.deb ...[0m
avril 30 22:01:01 [0;32m    qemu: Unpacking libkrad0:amd64 (1.15-1+deb9u1) ...[0m
avril 30 22:01:01 [0;32m    qemu: Selecting previously unselected package libsasl2-modules-db:amd64.[0m
avril 30 22:01:01 [0;32m    qemu: Preparing to unpack .../35-libsasl2-modules-db_2.1.27~101-g0780600+dfsg-3_amd64.deb ...[0m
avril 30 22:01:01 [0;32m    qemu: Unpacking libsasl2-modules-db:amd64 (2.1.27~101-g0780600+dfsg-3) ...[0m
avril 30 22:01:01 [0;32m    qemu: Selecting previously unselected package libsasl2-2:amd64.[0m
avril 30 22:01:01 [0;32m    qemu: Preparing to unpack .../36-libsasl2-2_2.1.27~101-g0780600+dfsg-3_amd64.deb ...[0m
avril 30 22:01:01 [0;32m    qemu: Unpacking libsasl2-2:amd64 (2.1.27~101-g0780600+dfsg-3) ...[0m
avril 30 22:01:01 [0;32m    qemu: Selecting previously unselected package libldap-common.[0m
avril 30 22:01:01 [0;32m    qemu: Preparing to unpack .../37-libldap-common_2.4.44+dfsg-5+deb9u2_all.deb ...[0m
avril 30 22:01:01 [0;32m    qemu: Unpacking libldap-common (2.4.44+dfsg-5+deb9u2) ...[0m
avril 30 22:01:01 [0;32m    qemu: Selecting previously unselected package libldap-2.4-2:amd64.[0m
avril 30 22:01:01 [0;32m    qemu: Preparing to unpack .../38-libldap-2.4-2_2.4.44+dfsg-5+deb9u2_amd64.deb ...[0m
avril 30 22:01:01 [0;32m    qemu: Unpacking libldap-2.4-2:amd64 (2.4.44+dfsg-5+deb9u2) ...[0m
avril 30 22:01:01 [0;32m    qemu: Selecting previously unselected package libnfsidmap2:amd64.[0m
avril 30 22:01:01 [0;32m    qemu: Preparing to unpack .../39-libnfsidmap2_0.25-5.1_amd64.deb ...[0m
avril 30 22:01:01 [0;32m    qemu: Unpacking libnfsidmap2:amd64 (0.25-5.1) ...[0m
avril 30 22:01:01 [0;32m    qemu: Selecting previously unselected package librpcsecgss3:amd64.[0m
avril 30 22:01:01 [0;32m    qemu: Preparing to unpack .../40-librpcsecgss3_0.19-7+b2_amd64.deb ...[0m
avril 30 22:01:02 [0;32m    qemu: Unpacking librpcsecgss3:amd64 (0.19-7+b2) ...[0m
avril 30 22:01:02 [0;32m    qemu: Selecting previously unselected package libswitch-perl.[0m
avril 30 22:01:02 [0;32m    qemu: Preparing to unpack .../41-libswitch-perl_2.17-2_all.deb ...[0m
avril 30 22:01:02 [0;32m    qemu: Unpacking libswitch-perl (2.17-2) ...[0m
avril 30 22:01:02 [0;32m    qemu: Selecting previously unselected package libtirpc1:amd64.[0m
avril 30 22:01:02 [0;32m    qemu: Preparing to unpack .../42-libtirpc1_0.2.5-1.2+deb9u1_amd64.deb ...[0m
avril 30 22:01:02 [0;32m    qemu: Unpacking libtirpc1:amd64 (0.2.5-1.2+deb9u1) ...[0m
avril 30 22:01:02 [0;32m    qemu: Selecting previously unselected package libtokyocabinet9:amd64.[0m
avril 30 22:01:02 [0;32m    qemu: Preparing to unpack .../43-libtokyocabinet9_1.4.48-11+b1_amd64.deb ...[0m
avril 30 22:01:02 [0;32m    qemu: Unpacking libtokyocabinet9:amd64 (1.4.48-11+b1) ...[0m
avril 30 22:01:02 [0;32m    qemu: Selecting previously unselected package libwgdb0:amd64.[0m
avril 30 22:01:02 [0;32m    qemu: Preparing to unpack .../44-libwgdb0_0.7.3-2+b2_amd64.deb ...[0m
avril 30 22:01:02 [0;32m    qemu: Unpacking libwgdb0:amd64 (0.7.3-2+b2) ...[0m
avril 30 22:01:02 [0;32m    qemu: Selecting previously unselected package lsof.[0m
avril 30 22:01:02 [0;32m    qemu: Preparing to unpack .../45-lsof_4.89+dfsg-0.1_amd64.deb ...[0m
avril 30 22:01:02 [0;32m    qemu: Unpacking lsof (4.89+dfsg-0.1) ...[0m
avril 30 22:01:02 [0;32m    qemu: Selecting previously unselected package manpages.[0m
avril 30 22:01:02 [0;32m    qemu: Preparing to unpack .../46-manpages_4.10-2_all.deb ...[0m
avril 30 22:01:02 [0;32m    qemu: Unpacking manpages (4.10-2) ...[0m
avril 30 22:01:02 [0;32m    qemu: Selecting previously unselected package netcat-traditional.[0m
avril 30 22:01:02 [0;32m    qemu: Preparing to unpack .../47-netcat-traditional_1.10-41+b1_amd64.deb ...[0m
avril 30 22:01:02 [0;32m    qemu: Unpacking netcat-traditional (1.10-41+b1) ...[0m
avril 30 22:01:03 [0;32m    qemu: Selecting previously unselected package python3-pkg-resources.[0m
avril 30 22:01:03 [0;32m    qemu: Preparing to unpack .../48-python3-pkg-resources_33.1.1-1_all.deb ...[0m
avril 30 22:01:03 [0;32m    qemu: Unpacking python3-pkg-resources (33.1.1-1) ...[0m
avril 30 22:01:03 [0;32m    qemu: Selecting previously unselected package python3-chardet.[0m
avril 30 22:01:03 [0;32m    qemu: Preparing to unpack .../49-python3-chardet_2.3.0-2_all.deb ...[0m
avril 30 22:01:03 [0;32m    qemu: Unpacking python3-chardet (2.3.0-2) ...[0m
avril 30 22:01:03 [0;32m    qemu: Selecting previously unselected package python3-six.[0m
avril 30 22:01:03 [0;32m    qemu: Preparing to unpack .../50-python3-six_1.10.0-3_all.deb ...[0m
avril 30 22:01:03 [0;32m    qemu: Unpacking python3-six (1.10.0-3) ...[0m
avril 30 22:01:03 [0;32m    qemu: Selecting previously unselected package python3-debian.[0m
avril 30 22:01:03 [0;32m    qemu: Preparing to unpack .../51-python3-debian_0.1.30_all.deb ...[0m
avril 30 22:01:03 [0;32m    qemu: Unpacking python3-debian (0.1.30) ...[0m
avril 30 22:01:03 [0;32m    qemu: Selecting previously unselected package openssl.[0m
avril 30 22:01:03 [0;32m    qemu: Preparing to unpack .../52-openssl_1.1.0j-1~deb9u1_amd64.deb ...[0m
avril 30 22:01:03 [0;32m    qemu: Unpacking openssl (1.1.0j-1~deb9u1) ...[0m
avril 30 22:01:03 [0;32m    qemu: Selecting previously unselected package ca-certificates.[0m
avril 30 22:01:03 [0;32m    qemu: Preparing to unpack .../53-ca-certificates_20161130+nmu1+deb9u1_all.deb ...[0m
avril 30 22:01:03 [0;32m    qemu: Unpacking ca-certificates (20161130+nmu1+deb9u1) ...[0m
avril 30 22:01:03 [0;32m    qemu: Selecting previously unselected package python3-httplib2.[0m
avril 30 22:01:03 [0;32m    qemu: Preparing to unpack .../54-python3-httplib2_0.9.2+dfsg-1_all.deb ...[0m
avril 30 22:01:03 [0;32m    qemu: Unpacking python3-httplib2 (0.9.2+dfsg-1) ...[0m
avril 30 22:01:04 [0;32m    qemu: Selecting previously unselected package libnghttp2-14:amd64.[0m
avril 30 22:01:04 [0;32m    qemu: Preparing to unpack .../55-libnghttp2-14_1.18.1-1_amd64.deb ...[0m
avril 30 22:01:04 [0;32m    qemu: Unpacking libnghttp2-14:amd64 (1.18.1-1) ...[0m
avril 30 22:01:04 [0;32m    qemu: Selecting previously unselected package librtmp1:amd64.[0m
avril 30 22:01:04 [0;32m    qemu: Preparing to unpack .../56-librtmp1_2.4+20151223.gitfa8646d.1-1+b1_amd64.deb ...[0m
avril 30 22:01:04 [0;32m    qemu: Unpacking librtmp1:amd64 (2.4+20151223.gitfa8646d.1-1+b1) ...[0m
avril 30 22:01:04 [0;32m    qemu: Selecting previously unselected package libssh2-1:amd64.[0m
avril 30 22:01:04 [0;32m    qemu: Preparing to unpack .../57-libssh2-1_1.7.0-1+deb9u1_amd64.deb ...[0m
avril 30 22:01:04 [0;32m    qemu: Unpacking libssh2-1:amd64 (1.7.0-1+deb9u1) ...[0m
avril 30 22:01:04 [0;32m    qemu: Selecting previously unselected package libcurl3-gnutls:amd64.[0m
avril 30 22:01:04 [0;32m    qemu: Preparing to unpack .../58-libcurl3-gnutls_7.52.1-5+deb9u9_amd64.deb ...[0m
avril 30 22:01:04 [0;32m    qemu: Unpacking libcurl3-gnutls:amd64 (7.52.1-5+deb9u9) ...[0m
avril 30 22:01:04 [0;32m    qemu: Selecting previously unselected package python3-pycurl.[0m
avril 30 22:01:04 [0;32m    qemu: Preparing to unpack .../59-python3-pycurl_7.43.0-2_amd64.deb ...[0m
avril 30 22:01:04 [0;32m    qemu: Unpacking python3-pycurl (7.43.0-2) ...[0m
avril 30 22:01:04 [0;32m    qemu: Selecting previously unselected package python3-pysimplesoap.[0m
avril 30 22:01:04 [0;32m    qemu: Preparing to unpack .../60-python3-pysimplesoap_1.16-2_all.deb ...[0m
avril 30 22:01:04 [0;32m    qemu: Unpacking python3-pysimplesoap (1.16-2) ...[0m
avril 30 22:01:04 [0;32m    qemu: Selecting previously unselected package python3-debianbts.[0m
avril 30 22:01:04 [0;32m    qemu: Preparing to unpack .../61-python3-debianbts_2.6.1_all.deb ...[0m
avril 30 22:01:04 [0;32m    qemu: Unpacking python3-debianbts (2.6.1) ...[0m
avril 30 22:01:04 [0;32m    qemu: Selecting previously unselected package python3-urllib3.[0m
avril 30 22:01:04 [0;32m    qemu: Preparing to unpack .../62-python3-urllib3_1.19.1-1_all.deb ...[0m
avril 30 22:01:04 [0;32m    qemu: Unpacking python3-urllib3 (1.19.1-1) ...[0m
avril 30 22:01:05 [0;32m    qemu: Selecting previously unselected package python3-requests.[0m
avril 30 22:01:05 [0;32m    qemu: Preparing to unpack .../63-python3-requests_2.12.4-1_all.deb ...[0m
avril 30 22:01:05 [0;32m    qemu: Unpacking python3-requests (2.12.4-1) ...[0m
avril 30 22:01:05 [0;32m    qemu: Selecting previously unselected package python3-reportbug.[0m
avril 30 22:01:05 [0;32m    qemu: Preparing to unpack .../64-python3-reportbug_7.1.7+deb9u2_all.deb ...[0m
avril 30 22:01:05 [0;32m    qemu: Unpacking python3-reportbug (7.1.7+deb9u2) ...[0m
avril 30 22:01:05 [0;32m    qemu: Selecting previously unselected package reportbug.[0m
avril 30 22:01:05 [0;32m    qemu: Preparing to unpack .../65-reportbug_7.1.7+deb9u2_all.deb ...[0m
avril 30 22:01:05 [0;32m    qemu: Unpacking reportbug (7.1.7+deb9u2) ...[0m
avril 30 22:01:05 [0;32m    qemu: Selecting previously unselected package telnet.[0m
avril 30 22:01:05 [0;32m    qemu: Preparing to unpack .../66-telnet_0.17-41_amd64.deb ...[0m
avril 30 22:01:05 [0;32m    qemu: Unpacking telnet (0.17-41) ...[0m
avril 30 22:01:05 [0;32m    qemu: Selecting previously unselected package traceroute.[0m
avril 30 22:01:05 [0;32m    qemu: Preparing to unpack .../67-traceroute_1%3a2.1.0-2_amd64.deb ...[0m
avril 30 22:01:05 [0;32m    qemu: Unpacking traceroute (1:2.1.0-2) ...[0m
avril 30 22:01:05 [0;32m    qemu: Selecting previously unselected package xz-utils.[0m
avril 30 22:01:05 [0;32m    qemu: Preparing to unpack .../68-xz-utils_5.2.2-1.2+b1_amd64.deb ...[0m
avril 30 22:01:05 [0;32m    qemu: Unpacking xz-utils (5.2.2-1.2+b1) ...[0m
avril 30 22:01:05 [0;32m    qemu: Selecting previously unselected package distro-info-data.[0m
avril 30 22:01:05 [0;32m    qemu: Preparing to unpack .../69-distro-info-data_0.36_all.deb ...[0m
avril 30 22:01:05 [0;32m    qemu: Unpacking distro-info-data (0.36) ...[0m
avril 30 22:01:05 [0;32m    qemu: Selecting previously unselected package geoip-database.[0m
avril 30 22:01:05 [0;32m    qemu: Preparing to unpack .../70-geoip-database_20170512-1_all.deb ...[0m
avril 30 22:01:05 [0;32m    qemu: Unpacking geoip-database (20170512-1) ...[0m
avril 30 22:01:06 [0;32m    qemu: Selecting previously unselected package iso-codes.[0m
avril 30 22:01:06 [0;32m    qemu: Preparing to unpack .../71-iso-codes_3.75-1_all.deb ...[0m
avril 30 22:01:06 [0;32m    qemu: Unpacking iso-codes (3.75-1) ...[0m
avril 30 22:01:07 [0;32m    qemu: Selecting previously unselected package libsasl2-modules:amd64.[0m
avril 30 22:01:07 [0;32m    qemu: Preparing to unpack .../72-libsasl2-modules_2.1.27~101-g0780600+dfsg-3_amd64.deb ...[0m
avril 30 22:01:07 [0;32m    qemu: Unpacking libsasl2-modules:amd64 (2.1.27~101-g0780600+dfsg-3) ...[0m
avril 30 22:01:07 [0;32m    qemu: Selecting previously unselected package lsb-release.[0m
avril 30 22:01:07 [0;32m    qemu: Preparing to unpack .../73-lsb-release_9.20161125_all.deb ...[0m
avril 30 22:01:07 [0;32m    qemu: Unpacking lsb-release (9.20161125) ...[0m
avril 30 22:01:07 [0;32m    qemu: Selecting previously unselected package powermgmt-base.[0m
avril 30 22:01:07 [0;32m    qemu: Preparing to unpack .../74-powermgmt-base_1.31+nmu1_all.deb ...[0m
avril 30 22:01:07 [0;32m    qemu: Unpacking powermgmt-base (1.31+nmu1) ...[0m
avril 30 22:01:07 [0;32m    qemu: Selecting previously unselected package rename.[0m
avril 30 22:01:07 [0;32m    qemu: Preparing to unpack .../75-rename_0.20-4_all.deb ...[0m
avril 30 22:01:07 [0;32m    qemu: Unpacking rename (0.20-4) ...[0m
avril 30 22:01:07 [0;32m    qemu: Setting up python-apt-common (1.4.0~beta3) ...[0m
avril 30 22:01:08 [0;32m    qemu: Setting up perl-modules-5.24 (5.24.1-3+deb9u5) ...[0m
avril 30 22:01:08 [0;32m    qemu: Setting up manpages (4.10-2) ...[0m
avril 30 22:01:08 [0;32m    qemu: Setting up libperl5.24:amd64 (5.24.1-3+deb9u5) ...[0m
avril 30 22:01:08 [0;32m    qemu: Setting up powermgmt-base (1.31+nmu1) ...[0m
avril 30 22:01:08 [0;32m    qemu: Setting up liblockfile-bin (1.14-1+b1) ...[0m
avril 30 22:01:08 [0;32m    qemu: Setting up libev4 (1:4.22-1+b1) ...[0m
avril 30 22:01:08 [0;32m    qemu: Setting up less (481-2.1) ...[0m
avril 30 22:01:08 [0;32m    qemu: Setting up libgssrpc4:amd64 (1.15-1+deb9u1) ...[0m
avril 30 22:01:08 [0;32m    qemu: Setting up libgssglue1:amd64 (0.4-2) ...[0m
avril 30 22:01:08 [0;32m    qemu: Setting up libnghttp2-14:amd64 (1.18.1-1) ...[0m
avril 30 22:01:08 [0;32m    qemu: Setting up mime-support (3.60) ...[0m
avril 30 22:01:08 [0;32m    qemu: Setting up geoip-database (20170512-1) ...[0m
avril 30 22:01:08 [0;32m    qemu: Setting up iso-codes (3.75-1) ...[0m
avril 30 22:01:08 [0;32m    qemu: Setting up librpcsecgss3:amd64 (0.19-7+b2) ...[0m
avril 30 22:01:08 [0;32m    qemu: Setting up libgpm2:amd64 (1.20.4-6.2+b1) ...[0m
avril 30 22:01:08 [0;32m    qemu: Setting up libldap-common (2.4.44+dfsg-5+deb9u2) ...[0m
avril 30 22:01:08 [0;32m    qemu: Setting up lsof (4.89+dfsg-0.1) ...[0m
avril 30 22:01:08 [0;32m    qemu: Setting up bash-completion (1:2.1-4.3) ...[0m
avril 30 22:01:09 [0;32m    qemu: Setting up debian-faq (8.1) ...[0m
avril 30 22:01:09 [0;32m    qemu: Setting up groff-base (1.22.3-9) ...[0m
avril 30 22:01:09 [0;32m    qemu: Setting up liblockfile1:amd64 (1.14-1+b1) ...[0m
avril 30 22:01:09 [0;32m    qemu: Setting up libsasl2-modules-db:amd64 (2.1.27~101-g0780600+dfsg-3) ...[0m
avril 30 22:01:09 [0;32m    qemu: Setting up libwgdb0:amd64 (0.7.3-2+b2) ...[0m
avril 30 22:01:09 [0;32m    qemu: Setting up libsasl2-2:amd64 (2.1.27~101-g0780600+dfsg-3) ...[0m
avril 30 22:01:09 [0;32m    qemu: Setting up netcat-traditional (1.10-41+b1) ...[0m
avril 30 22:01:09 [0;32m    qemu: update-alternatives: using /bin/nc.traditional to provide /bin/nc (nc) in auto mode[0m
avril 30 22:01:09 [0;32m    qemu: Setting up libgc1c2:amd64 (1:7.4.2-8) ...[0m
avril 30 22:01:10 [0;32m    qemu: Setting up distro-info-data (0.36) ...[0m
avril 30 22:01:10 [0;32m    qemu: Setting up librtmp1:amd64 (2.4+20151223.gitfa8646d.1-1+b1) ...[0m
avril 30 22:01:10 [0;32m    qemu: Processing triggers for sgml-base (1.29) ...[0m
avril 30 22:01:10 [0;32m    qemu: Setting up hdparm (9.51+ds-1+deb9u1) ...[0m
avril 30 22:01:10 [0;32m    qemu: Setting up libgeoip1:amd64 (1.6.9-4) ...[0m
avril 30 22:01:10 [0;32m    qemu: Setting up libclass-isa-perl (0.36-5) ...[0m
avril 30 22:01:10 [0;32m    qemu: Setting up libmagic-mgc (1:5.30-1+deb9u2) ...[0m
avril 30 22:01:10 [0;32m    qemu: Setting up bzip2 (1.0.6-8.1) ...[0m
avril 30 22:01:10 [0;32m    qemu: Setting up libmagic1:amd64 (1:5.30-1+deb9u2) ...[0m
avril 30 22:01:10 [0;32m    qemu: Setting up perl (5.24.1-3+deb9u5) ...[0m
avril 30 22:01:10 [0;32m    qemu: update-alternatives: using /usr/bin/prename to provide /usr/bin/rename (rename) in auto mode[0m
avril 30 22:01:10 [0;32m    qemu: Setting up libtokyocabinet9:amd64 (1.4.48-11+b1) ...[0m
avril 30 22:01:10 [0;32m    qemu: Setting up libssh2-1:amd64 (1.7.0-1+deb9u1) ...[0m
avril 30 22:01:10 [0;32m    qemu: Processing triggers for libc-bin (2.24-11+deb9u4) ...[0m
avril 30 22:01:10 [0;32m    qemu: Setting up libldap-2.4-2:amd64 (2.4.44+dfsg-5+deb9u2) ...[0m
avril 30 22:01:10 [0;32m    qemu: Setting up libasprintf0v5:amd64 (0.19.8.1-2) ...[0m
avril 30 22:01:10 [0;32m    qemu: Setting up libtirpc1:amd64 (0.2.5-1.2+deb9u1) ...[0m
avril 30 22:01:10 [0;32m    qemu: Setting up xz-utils (5.2.2-1.2+b1) ...[0m
avril 30 22:01:10 [0;32m    qemu: update-alternatives: using /usr/bin/xz to provide /usr/bin/lzma (lzma) in auto mode[0m
avril 30 22:01:10 [0;32m    qemu: Setting up telnet (0.17-41) ...[0m
avril 30 22:01:10 [0;32m    qemu: update-alternatives: using /usr/bin/telnet.netkit to provide /usr/bin/telnet (telnet) in auto mode[0m
avril 30 22:01:10 [0;32m    qemu: Setting up libgnutls-openssl27:amd64 (3.5.8-5+deb9u4) ...[0m
avril 30 22:01:11 [0;32m    qemu: Setting up liblwres141:amd64 (1:9.10.3.dfsg.P4-12.3+deb9u4) ...[0m
avril 30 22:01:11 [0;32m    qemu: Setting up openssl (1.1.0j-1~deb9u1) ...[0m
avril 30 22:01:11 [0;32m    qemu: Setting up libkdb5-8:amd64 (1.15-1+deb9u1) ...[0m
avril 30 22:01:11 [0;32m    qemu: Setting up man-db (2.7.6.1-2) ...[0m
avril 30 22:01:11 [0;32m    qemu: Building database of manual pages ...[0m
avril 30 22:01:15 [0;32m    qemu: Setting up libkadm5clnt-mit11:amd64 (1.15-1+deb9u1) ...[0m
avril 30 22:01:15 [0;32m    qemu: Setting up libsasl2-modules:amd64 (2.1.27~101-g0780600+dfsg-3) ...[0m
avril 30 22:01:16 [0;32m    qemu: Setting up libevent-2.0-5:amd64 (2.0.21-stable-3) ...[0m
avril 30 22:01:16 [0;32m    qemu: Setting up ca-certificates (20161130+nmu1+deb9u1) ...[0m
avril 30 22:01:16 [0;32m    qemu: Updating certificates in /etc/ssl/certs...[0m
avril 30 22:01:17 [0;32m    qemu: 151 added, 0 removed; done.[0m
avril 30 22:01:17 [0;32m    qemu: Setting up traceroute (1:2.1.0-2) ...[0m
avril 30 22:01:17 [0;32m    qemu: update-alternatives: using /usr/bin/traceroute.db to provide /usr/bin/traceroute (traceroute) in auto mode[0m
avril 30 22:01:18 [0;32m    qemu: update-alternatives: using /usr/bin/traceroute6.db to provide /usr/bin/traceroute6 (traceroute6) in auto mode[0m
avril 30 22:01:18 [0;32m    qemu: update-alternatives: using /usr/bin/lft.db to provide /usr/bin/lft (lft) in auto mode[0m
avril 30 22:01:18 [0;32m    qemu: update-alternatives: using /usr/bin/traceproto.db to provide /usr/bin/traceproto (traceproto) in auto mode[0m
avril 30 22:01:18 [0;32m    qemu: update-alternatives: using /usr/sbin/tcptraceroute.db to provide /usr/sbin/tcptraceroute (tcptraceroute) in auto mode[0m
avril 30 22:01:18 [0;32m    qemu: Setting up libpython2.7-stdlib:amd64 (2.7.13-2+deb9u3) ...[0m
avril 30 22:01:18 [0;32m    qemu: Setting up libmpdec2:amd64 (2.4.2-1) ...[0m
avril 30 22:01:18 [0;32m    qemu: Setting up doc-debian (6.4) ...[0m
avril 30 22:01:18 [0;32m    qemu: Setting up libisc160:amd64 (1:9.10.3.dfsg.P4-12.3+deb9u4) ...[0m
avril 30 22:01:18 [0;32m    qemu: Setting up libnfsidmap2:amd64 (0.25-5.1) ...[0m
avril 30 22:01:18 [0;32m    qemu: Setting up rename (0.20-4) ...[0m
avril 30 22:01:18 [0;32m    qemu: update-alternatives: using /usr/bin/file-rename to provide /usr/bin/rename (rename) in auto mode[0m
avril 30 22:01:18 [0;32m    qemu: Setting up libcurl3-gnutls:amd64 (7.52.1-5+deb9u9) ...[0m
avril 30 22:01:18 [0;32m    qemu: Setting up libpython3.5-stdlib:amd64 (3.5.3-1+deb9u1) ...[0m
avril 30 22:01:18 [0;32m    qemu: Setting up python2.7 (2.7.13-2+deb9u3) ...[0m
avril 30 22:01:19 [0;32m    qemu: Setting up libswitch-perl (2.17-2) ...[0m
avril 30 22:01:19 [0;32m    qemu: Setting up file (1:5.30-1+deb9u2) ...[0m
avril 30 22:01:19 [0;32m    qemu: Setting up libpython-stdlib:amd64 (2.7.13-2) ...[0m
avril 30 22:01:19 [0;32m    qemu: Setting up libisccc140:amd64 (1:9.10.3.dfsg.P4-12.3+deb9u4) ...[0m
avril 30 22:01:19 [0;32m    qemu: Setting up libkadm5srv-mit11:amd64 (1.15-1+deb9u1) ...[0m
avril 30 22:01:19 [0;32m    qemu: Setting up python (2.7.13-2) ...[0m
avril 30 22:01:19 [0;32m    qemu: Setting up python3.5 (3.5.3-1+deb9u1) ...[0m
avril 30 22:01:20 [0;32m    qemu: Setting up libpython3-stdlib:amd64 (3.5.3-1) ...[0m
avril 30 22:01:20 [0;32m    qemu: Setting up libdns162:amd64 (1:9.10.3.dfsg.P4-12.3+deb9u4) ...[0m
avril 30 22:01:20 [0;32m    qemu: Setting up libisccfg140:amd64 (1:9.10.3.dfsg.P4-12.3+deb9u4) ...[0m
avril 30 22:01:20 [0;32m    qemu: Setting up libirs141:amd64 (1:9.10.3.dfsg.P4-12.3+deb9u4) ...[0m
avril 30 22:01:20 [0;32m    qemu: Setting up libbind9-140:amd64 (1:9.10.3.dfsg.P4-12.3+deb9u4) ...[0m
avril 30 22:01:20 [0;32m    qemu: Setting up bind9-host (1:9.10.3.dfsg.P4-12.3+deb9u4) ...[0m
avril 30 22:01:20 [0;32m    qemu: Setting up libverto1:amd64 (0.2.4-2.1) ...[0m
avril 30 22:01:20 [0;32m    qemu: Setting up python3 (3.5.3-1) ...[0m
avril 30 22:01:20 [0;32m    qemu: running python rtupdate hooks for python3.5...[0m
avril 30 22:01:21 [0;32m    qemu: running python post-rtupdate hooks for python3.5...[0m
avril 30 22:01:21 [0;32m    qemu: Setting up python3-six (1.10.0-3) ...[0m
avril 30 22:01:21 [0;32m    qemu: Setting up python3-pkg-resources (33.1.1-1) ...[0m
avril 30 22:01:21 [0;32m    qemu: Setting up lsb-release (9.20161125) ...[0m
avril 30 22:01:22 [0;32m    qemu: Setting up python3-chardet (2.3.0-2) ...[0m
avril 30 22:01:22 [0;32m    qemu: Setting up python3-httplib2 (0.9.2+dfsg-1) ...[0m
avril 30 22:01:22 [0;32m    qemu: Setting up python3-urllib3 (1.19.1-1) ...[0m
avril 30 22:01:22 [0;32m    qemu: Setting up dh-python (2.20170125) ...[0m
avril 30 22:01:23 [0;32m    qemu: Setting up python3-debian (0.1.30) ...[0m
avril 30 22:01:23 [0;32m    qemu: Setting up python3-pycurl (7.43.0-2) ...[0m
avril 30 22:01:23 [0;32m    qemu: Setting up libverto-libev1:amd64 (0.2.4-2.1) ...[0m
avril 30 22:01:23 [0;32m    qemu: Setting up python3-apt (1.4.0~beta3) ...[0m
avril 30 22:01:23 [0;32m    qemu: Setting up libkrad0:amd64 (1.15-1+deb9u1) ...[0m
avril 30 22:01:23 [0;32m    qemu: Setting up apt-listchanges (3.10) ...[0m
avril 30 22:01:24 [0;32m    qemu:[0m
avril 30 22:01:24 [0;32m    qemu: Creating config file /etc/apt/listchanges.conf with new version[0m
avril 30 22:01:24 [0;32m    qemu: Setting up python3-requests (2.12.4-1) ...[0m
avril 30 22:01:24 [0;32m    qemu: Setting up python3-pysimplesoap (1.16-2) ...[0m
avril 30 22:01:24 [0;32m    qemu: Setting up python3-debianbts (2.6.1) ...[0m
avril 30 22:01:24 [0;32m    qemu: Setting up python3-reportbug (7.1.7+deb9u2) ...[0m
avril 30 22:01:25 [0;32m    qemu: Setting up reportbug (7.1.7+deb9u2) ...[0m
avril 30 22:01:25 [0;32m    qemu: Processing triggers for libc-bin (2.24-11+deb9u4) ...[0m
avril 30 22:01:25 [0;32m    qemu: Processing triggers for ca-certificates (20161130+nmu1+deb9u1) ...[0m
avril 30 22:01:25 [0;32m    qemu: Updating certificates in /etc/ssl/certs...[0m
avril 30 22:01:25 [0;32m    qemu: 0 added, 0 removed; done.[0m
avril 30 22:01:25 [0;32m    qemu: Running hooks in /etc/ca-certificates/update.d...[0m
avril 30 22:01:25 [0;32m    qemu: done.[0m
avril 30 22:01:25 [0;32m    qemu: + chroot / apt-get purge -qy dctrl-tools[0m
avril 30 22:01:25 [0;32m    qemu: Reading package lists...[0m
avril 30 22:01:26 [0;32m    qemu: Building dependency tree...[0m
avril 30 22:01:26 [0;32m    qemu: Reading state information...[0m
avril 30 22:01:26 [0;32m    qemu: The following packages will be REMOVED:[0m
avril 30 22:01:26 [0;32m    qemu:   dctrl-tools*[0m
avril 30 22:01:26 [0;32m    qemu: 0 upgraded, 0 newly installed, 1 to remove and 0 not upgraded.[0m
avril 30 22:01:26 [0;32m    qemu: After this operation, 413 kB disk space will be freed.[0m
avril 30 22:01:26 [0;32m    qemu: (Reading database ... 31337 files and directories currently installed.)[0m
avril 30 22:01:26 [0;32m    qemu: Removing dctrl-tools (2.24-2+b1) ...[0m
avril 30 22:01:26 [0;32m    qemu: Processing triggers for man-db (2.7.6.1-2) ...[0m
avril 30 22:01:27 [0;32m    qemu: (Reading database ... 31296 files and directories currently installed.)[0m
avril 30 22:01:27 [0;32m    qemu: Purging configuration files for dctrl-tools (2.24-2+b1) ...[0m
avril 30 22:01:27 [0;32m    qemu: + chroot / id ubuntu[0m
avril 30 22:01:27 [0;32m    qemu: + chroot / id vagrant[0m
avril 30 22:01:27 [0;32m    qemu: + mkdir -p //home/vagrant/.ssh[0m
avril 30 22:01:27 [0;32m    qemu: + chmod 700 //home/vagrant/.ssh[0m
avril 30 22:01:27 [0;32m    qemu: + cat[0m
avril 30 22:01:27 [0;32m    qemu: + chmod 600 //home/vagrant/.ssh/authorized_keys[0m
avril 30 22:01:27 [0;32m    qemu: + chroot / chown -R vagrant:vagrant /home/vagrant/.ssh[0m
avril 30 22:01:27 [0;32m    qemu: + chroot / apt-get install -qy sudo[0m
avril 30 22:01:27 [0;32m    qemu: Reading package lists...[0m
avril 30 22:01:27 [0;32m    qemu: Building dependency tree...[0m
avril 30 22:01:27 [0;32m    qemu: Reading state information...[0m
avril 30 22:01:27 [0;32m    qemu: sudo is already the newest version (1.8.19p1-2.1).[0m
avril 30 22:01:27 [0;32m    qemu: + cat[0m
avril 30 22:01:27 [0;32m    qemu: 0 upgraded, 0 newly installed, 0 to remove and 0 not upgraded.[0m
avril 30 22:01:27 [0;32m    qemu: + chmod 0440 //etc/sudoers.d/vagrant[0m
avril 30 22:01:27 [0;32m    qemu: + [ -n  ][0m
avril 30 22:01:27 [0;32m    qemu: + echo UseDNS no[0m
avril 30 22:01:27 [0;32m    qemu: + echo PasswordAuthentication no[0m
avril 30 22:01:27 [0;32m    qemu: + [ -f //etc/default/grub ][0m
avril 30 22:01:27 [0;32m    qemu: + sed -i s/GRUB_TIMEOUT=5/GRUB_TIMEOUT=1/ //etc/default/grub[0m
avril 30 22:01:27 [0;32m    qemu: + [ -x //usr/sbin/update-grub ][0m
avril 30 22:01:27 [0;32m    qemu: + chroot / mountpoint -q /dev/[0m
avril 30 22:01:27 [0;32m    qemu: + chroot / /usr/sbin/update-grub[0m
avril 30 22:01:28 [0;32m    qemu: Generating grub configuration file ...[0m
avril 30 22:01:28 [0;32m    qemu: Found linux image: /boot/vmlinuz-4.9.0-9-amd64[0m
avril 30 22:01:28 [0;32m    qemu: Found initrd image: /boot/initrd.img-4.9.0-9-amd64[0m
avril 30 22:01:29 [0;32m    qemu: Found linux image: /boot/vmlinuz-4.9.0-6-amd64[0m
avril 30 22:01:29 [0;32m    qemu: Found initrd image: /boot/initrd.img-4.9.0-6-amd64[0m
avril 30 22:01:29 [0;32m    qemu: done[0m
avril 30 22:01:29 [0;32m    qemu: + chroot / apt-get clean[0m
avril 30 22:01:29 [0;32m    qemu: + rm -f //usr/sbin/policy-rc.d[0m
avril 30 22:01:29 [0;32m    qemu: + + chroot / debconf-set-selections[0m
avril 30 22:01:29 [0;32m    qemu: echo debconf debconf/frontend select Dialog[0m
avril 30 22:01:29 [0;32m    qemu: + rm //var/lib/dbus/machine-id[0m
avril 30 22:01:29 [0;32m    qemu: +[0m
avril 30 22:01:29 [1;32m==> qemu: Provisioning with shell script: scripts/minimize.sh[0m
avril 30 22:01:29 [0;32m    qemu: Fill with 0 the swap partition to reduce box size[0m
avril 30 22:01:30 [0;32m    qemu: dd: error writing '/dev/vda5': No space left on device[0m
avril 30 22:01:30 [0;32m    qemu: 1023+0 records in[0m
avril 30 22:01:30 [0;32m    qemu: dd exit code 1 is suppressed[0m
avril 30 22:01:30 [0;32m    qemu: 1022+0 records out[0m
avril 30 22:01:30 [0;32m    qemu: 1071644672 bytes (1.1 GB, 1022 MiB) copied, 0.72303 s, 1.5 GB/s[0m
avril 30 22:01:43 [0;32m    qemu: Setting up swapspace version 1, size = 1022 MiB (1071640576 bytes)[0m
avril 30 22:01:43 [0;32m    qemu: no label, UUID=f5be7557-3049-4324-bd5b-7fef305f02bc[0m
avril 30 22:01:43 [0;32m    qemu: Fill filesystem with 0 to reduce box size[0m
avril 30 22:01:56 [0;32m    qemu: dd: error writing '/EMPTY': No space left on device[0m
avril 30 22:01:56 [0;32m    qemu: 7827+0 records in[0m
avril 30 22:01:56 [0;32m    qemu: 7826+0 records out[0m
avril 30 22:01:56 [0;32m    qemu: 8206807040 bytes (8.2 GB, 7.6 GiB) copied, 12.9147 s, 635 MB/s[0m
avril 30 22:02:00 [1;32m==> qemu: Gracefully halting virtual machine...[0m
avril 30 22:02:01 [1;32mBuild 'qemu' finished.[0m
avril 30 22:02:01 
avril 30 22:02:01 ==> Builds finished. The artifacts of successful builds are:
avril 30 22:02:01 --> qemu: VM files in directory: stretch.build
avril 30 22:02:28 Importing linux debian x86_64 9.9 ...
avril 30 22:02:28 not converting stretch.vmdk 
avril 30 22:02:28 Creating OVF metadata ...
avril 30 22:02:28 
avril 30 22:02:28 OVF written to stretch.ovf
avril 30 22:02:28 In Virtualbox, go to File -> Import a virtual appliance
avril 30 22:02:28 and select the ovf file.
avril 30 22:02:28 Or import from the command line with: 
avril 30 22:02:28 $ VBoxManage import stretch.ovf
avril 30 22:03:08 + export VAGRANT_DEFAULT_PROVIDER=virtualbox
avril 30 22:03:08 + vagrant box add test-stretch stretch.box
avril 30 22:03:09 ==> box: Box file was not detected as metadata. Adding it directly...
avril 30 22:03:09 ==> box: Adding box 'test-stretch' (v0) for provider: 
avril 30 22:03:09     box: Unpacking necessary files from: file:///home/manu/Projects/git/vagrant-boxes/packer-virtualbox-vagrant/stretch.box
avril 30 22:03:13 [K    box: Progress: 0% (Rate: 0/s, Estimated time remaining: --:--:--)[K==> box: Successfully added box 'test-stretch' (v0) for 'virtualbox'!
avril 30 22:03:13 + mkdir test-stretch
avril 30 22:03:13 + cp ../helpers/package_report test-stretch
avril 30 22:03:13 + ../helpers/getLatestRelease.js stretch
avril 30 22:03:16 + this_codename_last_release=9.9
avril 30 22:03:16 + cd test-stretch
avril 30 22:03:16 + vagrant init test-stretch
avril 30 22:03:16 A `Vagrantfile` has been placed in this directory. You are now
avril 30 22:03:16 ready to `vagrant up` your first virtual environment! Please read
avril 30 22:03:16 the comments in the Vagrantfile as well as documentation on
avril 30 22:03:16 `vagrantup.com` for more information on using Vagrant.
avril 30 22:03:16 + vagrant up --no-provision
avril 30 22:03:17 Bringing machine 'default' up with 'virtualbox' provider...
avril 30 22:03:17 ==> default: Importing base box 'test-stretch'...
avril 30 22:03:54 [KProgress: 10%[KProgress: 40%[KProgress: 60%[KProgress: 90%[K==> default: Matching MAC address for NAT networking...
avril 30 22:03:55 ==> default: Setting the name of the VM: test-stretch_default_1556654635255_82054
avril 30 22:03:57 ==> default: Clearing any previously set network interfaces...
avril 30 22:03:57 ==> default: Preparing network interfaces based on configuration...
avril 30 22:03:57     default: Adapter 1: nat
avril 30 22:03:57 ==> default: Forwarding ports...
avril 30 22:03:57     default: 22 (guest) => 2222 (host) (adapter 1)
avril 30 22:03:57 ==> default: Running 'pre-boot' VM customizations...
avril 30 22:03:57 ==> default: Booting VM...
avril 30 22:03:57 ==> default: Waiting for machine to boot. This may take a few minutes...
avril 30 22:03:58     default: SSH address: 127.0.0.1:2222
avril 30 22:03:58     default: SSH username: vagrant
avril 30 22:03:58     default: SSH auth method: private key
avril 30 22:04:14     default: 
avril 30 22:04:14     default: Vagrant insecure key detected. Vagrant will automatically replace
avril 30 22:04:14     default: this with a newly generated keypair for better security.
avril 30 22:04:17     default: 
avril 30 22:04:17     default: Inserting generated public key within guest...
avril 30 22:04:18     default: Removing insecure key from the guest if it's present...
avril 30 22:04:18     default: Key inserted! Disconnecting and reconnecting using new SSH key...
avril 30 22:04:18 ==> default: Machine booted and ready!
avril 30 22:04:18 ==> default: Checking for guest additions in VM...
avril 30 22:04:19     default: No guest additions were detected on the base box for this VM! Guest
avril 30 22:04:19     default: additions are required for forwarded ports, shared folders, host only
avril 30 22:04:19     default: networking, and more. If SSH fails on this machine, please install
avril 30 22:04:19     default: the guest additions and repackage the box to continue.
avril 30 22:04:19     default: 
avril 30 22:04:19     default: This is not an error message; everything may continue to work properly,
avril 30 22:04:19     default: in which case you may ignore this message.
avril 30 22:04:19 ==> default: Installing rsync to the VM...
avril 30 22:04:23 ==> default: Rsyncing folder: /home/manu/Projects/git/vagrant-boxes/packer-virtualbox-vagrant/test-stretch/ => /vagrant
avril 30 22:04:24 ==> default: Machine not provisioned because `--no-provision` is specified.
avril 30 22:04:24 
avril 30 22:04:24 ==> default: Machine 'default' has a post `vagrant up` message. This is a message
avril 30 22:04:24 ==> default: from the creator of the Vagrantfile, and not from Vagrant itself:
avril 30 22:04:24 ==> default: 
avril 30 22:04:24 ==> default: Vanilla Debian box. See https://app.vagrantup.com/debian for help and bug reports
avril 30 22:04:24 + vagrant ssh -- true
avril 30 22:04:26 + vagrant ssh -- sudo true
avril 30 22:04:28 + vagrant ssh -- cat /etc/debian_version
avril 30 22:04:29 9.9
avril 30 22:04:29 + vagrant ssh -c sh /vagrant/package_report
avril 30 22:04:31 found 56 packages with priority required
avril 30 22:04:31 found 59 packages with priority important
avril 30 22:04:31 found 75 packages with priority standard
avril 30 22:04:31 found 146 packages with priority optional
avril 30 22:04:31 Connection to 127.0.0.1 closed.
avril 30 22:04:31 + vagrant ssh -- sudo apt-get --quiet --yes install debconf-utils figlet
avril 30 22:04:33 Reading package lists...
avril 30 22:04:33 Building dependency tree...
avril 30 22:04:33 Reading state information...
avril 30 22:04:33 The following NEW packages will be installed:
avril 30 22:04:33   debconf-utils figlet
avril 30 22:04:33 0 upgraded, 2 newly installed, 0 to remove and 0 not upgraded.
avril 30 22:04:33 Need to get 193 kB of archives.
avril 30 22:04:33 After this operation, 858 kB of additional disk space will be used.
avril 30 22:04:33 Get:1 http://deb.debian.org/debian stretch/main amd64 debconf-utils all 1.5.61 [56.6 kB]
avril 30 22:04:33 Get:2 http://deb.debian.org/debian stretch/main amd64 figlet amd64 2.2.5-2+b1 [136 kB]
avril 30 22:04:34 debconf: unable to initialize frontend: Dialog
avril 30 22:04:34 debconf: (Dialog frontend will not work on a dumb terminal, an emacs shell buffer, or without a controlling terminal.)
avril 30 22:04:34 debconf: falling back to frontend: Readline
avril 30 22:04:34 debconf: unable to initialize frontend: Readline
avril 30 22:04:34 debconf: (This frontend requires a controlling tty.)
avril 30 22:04:34 debconf: falling back to frontend: Teletype
avril 30 22:04:34 dpkg-preconfigure: unable to re-open stdin: 
avril 30 22:04:34 Fetched 193 kB in 0s (609 kB/s)
avril 30 22:04:34 Selecting previously unselected package debconf-utils.
avril 30 22:04:34 (Reading database ... (Reading database ... 5%(Reading database ... 10%(Reading database ... 15%(Reading database ... 20%(Reading database ... 25%(Reading database ... 30%(Reading database ... 35%(Reading database ... 40%(Reading database ... 45%(Reading database ... 50%(Reading database ... 55%(Reading database ... 60%(Reading database ... 65%(Reading database ... 70%(Reading database ... 75%(Reading database ... 80%(Reading database ... 85%(Reading database ... 90%(Reading database ... 95%(Reading database ... 100%(Reading database ... 31327 files and directories currently installed.)
avril 30 22:04:34 Preparing to unpack .../debconf-utils_1.5.61_all.deb ...
avril 30 22:04:34 Unpacking debconf-utils (1.5.61) ...
avril 30 22:04:34 Selecting previously unselected package figlet.
avril 30 22:04:34 Preparing to unpack .../figlet_2.2.5-2+b1_amd64.deb ...
avril 30 22:04:34 Unpacking figlet (2.2.5-2+b1) ...
avril 30 22:04:34 Setting up debconf-utils (1.5.61) ...
avril 30 22:04:34 Setting up figlet (2.2.5-2+b1) ...
avril 30 22:04:34 update-alternatives: using /usr/bin/figlet-figlet to provide /usr/bin/figlet (figlet) in auto mode
avril 30 22:04:34 Processing triggers for man-db (2.7.6.1-2) ...
avril 30 22:04:34 + vagrant ssh -c sudo debconf-get-selections | egrep '^debconf.?debconf/frontend.?select.?Dialog$'
avril 30 22:04:36 debconf	debconf/frontend	select	Dialog
avril 30 22:04:36 Connection to 127.0.0.1 closed.
avril 30 22:04:36 + vagrant ssh -c cat /etc/debian_version
avril 30 22:04:36 + grep 9.9
avril 30 22:04:38 Connection to 127.0.0.1 closed.
avril 30 22:04:38 9.9
avril 30 22:04:38 + vagrant ssh -c lsb_release --release --codename | figlet
avril 30 22:04:40  ____      _                          ___   ___  
avril 30 22:04:40 |  _ \ ___| | ___  __ _ ___  ___ _   / _ \ / _ \ 
avril 30 22:04:40 | |_) / _ \ |/ _ \/ _` / __|/ _ (_) | (_) | (_) |
avril 30 22:04:40 |  _ <  __/ |  __/ (_| \__ \  __/_   \__, |\__, |
avril 30 22:04:40 |_| \_\___|_|\___|\__,_|___/\___(_)    /_(_) /_/ 
avril 30 22:04:40                                                  
avril 30 22:04:40   ____          _                                   
avril 30 22:04:40  / ___|___   __| | ___ _ __   __ _ _ __ ___   ___ _ 
avril 30 22:04:40 | |   / _ \ / _` |/ _ \ '_ \ / _` | '_ ` _ \ / _ (_)
avril 30 22:04:40 | |__| (_) | (_| |  __/ | | | (_| | | | | | |  __/_ 
avril 30 22:04:40  \____\___/ \__,_|\___|_| |_|\__,_|_| |_| |_|\___(_)
avril 30 22:04:40                                                     
avril 30 22:04:40      _            _       _     
avril 30 22:04:40  ___| |_ _ __ ___| |_ ___| |__  
avril 30 22:04:40 / __| __| '__/ _ \ __/ __| '_ \ 
avril 30 22:04:40 \__ \ |_| | |  __/ || (__| | | |
avril 30 22:04:40 |___/\__|_|  \___|\__\___|_| |_|
avril 30 22:04:40                                 
avril 30 22:04:40 Connection to 127.0.0.1 closed.
avril 30 22:04:40 + cleanup
avril 30 22:04:40 + set -x
avril 30 22:04:40 + [ -f test-stretch/Vagrantfile ]
avril 30 22:04:40 + cd test-stretch
avril 30 22:04:40 + vagrant destroy -f
avril 30 22:04:42 ==> default: Forcing shutdown of VM...
avril 30 22:04:43 ==> default: Destroying VM and associated drives...
avril 30 22:04:43 + rm -rf test-stretch
avril 30 22:04:43 + vagrant box remove test-stretch
avril 30 22:04:44 Removing box 'test-stretch' (v0) with provider 'virtualbox'...
avril 30 22:04:44 Vagrant-libvirt plugin removed box only from you LOCAL ~/.vagrant/boxes directory
avril 30 22:04:44 From libvirt storage pool you have to delete image manually(virsh, virt-manager or by any other tool)
